2025-03-04 00:55:23,459 - INFO - 处理条件：类型=dense, 组号=[4], 文件范围=1-200, 输出文件=/home/myran/FaSTest_backup/FaSTest/dataset/human/human_ans.txt, 写入模式=覆盖
2025-03-04 00:55:23,461 - INFO - 找到符合条件文件数量：200
2025-03-04 00:55:23,462 - INFO - 开始处理: query_dense_4_1.graph
2025-03-04 00:55:23,475 - DEBUG - query_dense_4_1.graph 标准输出:
Loading data graph...
Loading query graph...
Enumerating...
#Matches: 10312
#Recursive calls: 45
Total time: 0.137785 ms
Search time: 0.032509 ms

2025-03-04 00:55:23,476 - INFO - 成功处理: query_dense_4_1.graph - 时间: 0.14ms 匹配数: 10312
2025-03-04 00:55:23,476 - INFO - 开始处理: query_dense_4_2.graph
2025-03-04 00:55:23,672 - DEBUG - query_dense_4_2.graph 标准输出:
Loading data graph...
Loading query graph...
Enumerating...
#Matches: 14712360
#Recursive calls: 274956
Total time: 182.177 ms
Search time: 181.66 ms

2025-03-04 00:55:23,673 - INFO - 成功处理: query_dense_4_2.graph - 时间: 182.18ms 匹配数: 14712360
2025-03-04 00:55:23,673 - INFO - 开始处理: query_dense_4_3.graph
2025-03-04 00:55:23,782 - DEBUG - query_dense_4_3.graph 标准输出:
Loading data graph...
Loading query graph...
Enumerating...
#Matches: 8029806
#Recursive calls: 107259
Total time: 94.8954 ms
Search time: 94.4619 ms

2025-03-04 00:55:23,782 - INFO - 成功处理: query_dense_4_3.graph - 时间: 94.90ms 匹配数: 8029806
2025-03-04 00:55:23,783 - INFO - 开始处理: query_dense_4_4.graph
2025-03-04 00:55:23,796 - DEBUG - query_dense_4_4.graph 标准输出:
Loading data graph...
Loading query graph...
Enumerating...
#Matches: 76998
#Recursive calls: 2229
Total time: 0.99572 ms
Search time: 0.907688 ms

2025-03-04 00:55:23,796 - INFO - 成功处理: query_dense_4_4.graph - 时间: 1.00ms 匹配数: 76998
2025-03-04 00:55:23,797 - INFO - 开始处理: query_dense_4_5.graph
2025-03-04 00:55:23,826 - DEBUG - query_dense_4_5.graph 标准输出:
Loading data graph...
Loading query graph...
Enumerating...
#Matches: 1171646
#Recursive calls: 20369
Total time: 13.8911 ms
Search time: 13.5877 ms

2025-03-04 00:55:23,826 - INFO - 成功处理: query_dense_4_5.graph - 时间: 13.89ms 匹配数: 1171646
2025-03-04 00:55:23,830 - INFO - 开始处理: query_dense_4_6.graph
2025-03-04 00:55:23,862 - DEBUG - query_dense_4_6.graph 标准输出:
Loading data graph...
Loading query graph...
Enumerating...
#Matches: 4384154
#Recursive calls: 5623
Total time: 14.3726 ms
Search time: 14.1325 ms

2025-03-04 00:55:23,862 - INFO - 成功处理: query_dense_4_6.graph - 时间: 14.37ms 匹配数: 4384154
2025-03-04 00:55:23,863 - INFO - 开始处理: query_dense_4_7.graph
2025-03-04 00:55:23,879 - DEBUG - query_dense_4_7.graph 标准输出:
Loading data graph...
Loading query graph...
Enumerating...
#Matches: 3
#Recursive calls: 3
Total time: 0.015276 ms
Search time: 0.001603 ms

2025-03-04 00:55:23,879 - INFO - 成功处理: query_dense_4_7.graph - 时间: 0.02ms 匹配数: 3
2025-03-04 00:55:23,879 - INFO - 开始处理: query_dense_4_8.graph
2025-03-04 00:55:23,900 - DEBUG - query_dense_4_8.graph 标准输出:
Loading data graph...
Loading query graph...
Enumerating...
#Matches: 2207313
#Recursive calls: 292
Total time: 3.84163 ms
Search time: 3.71746 ms

2025-03-04 00:55:23,900 - INFO - 成功处理: query_dense_4_8.graph - 时间: 3.84ms 匹配数: 2207313
2025-03-04 00:55:23,901 - INFO - 开始处理: query_dense_4_9.graph
2025-03-04 00:55:23,923 - DEBUG - query_dense_4_9.graph 标准输出:
Loading data graph...
Loading query graph...
Enumerating...
#Matches: 160730
#Recursive calls: 2321
Total time: 2.26812 ms
Search time: 2.00082 ms

2025-03-04 00:55:23,923 - INFO - 成功处理: query_dense_4_9.graph - 时间: 2.27ms 匹配数: 160730
2025-03-04 00:55:23,924 - INFO - 开始处理: query_dense_4_10.graph
2025-03-04 00:55:23,958 - DEBUG - query_dense_4_10.graph 标准输出:
Loading data graph...
Loading query graph...
Enumerating...
#Matches: 12830306
#Recursive calls: 1464
Total time: 16.6503 ms
Search time: 16.4224 ms

2025-03-04 00:55:23,958 - INFO - 成功处理: query_dense_4_10.graph - 时间: 16.65ms 匹配数: 12830306
2025-03-04 00:55:23,958 - INFO - 开始处理: query_dense_4_11.graph
2025-03-04 00:55:23,975 - DEBUG - query_dense_4_11.graph 标准输出:
Loading data graph...
Loading query graph...
Enumerating...
#Matches: 74033
#Recursive calls: 883
Total time: 0.993933 ms
Search time: 0.913566 ms

2025-03-04 00:55:23,975 - INFO - 成功处理: query_dense_4_11.graph - 时间: 0.99ms 匹配数: 74033
2025-03-04 00:55:23,975 - INFO - 开始处理: query_dense_4_12.graph
2025-03-04 00:55:24,007 - DEBUG - query_dense_4_12.graph 标准输出:
Loading data graph...
Loading query graph...
Enumerating...
#Matches: 1171646
#Recursive calls: 20369
Total time: 16.4099 ms
Search time: 16.0483 ms

2025-03-04 00:55:24,007 - INFO - 成功处理: query_dense_4_12.graph - 时间: 16.41ms 匹配数: 1171646
2025-03-04 00:55:24,007 - INFO - 开始处理: query_dense_4_13.graph
2025-03-04 00:55:24,026 - DEBUG - query_dense_4_13.graph 标准输出:
Loading data graph...
Loading query graph...
Enumerating...
#Matches: 700
#Recursive calls: 33
Total time: 0.036346 ms
Search time: 0.010061 ms

2025-03-04 00:55:24,026 - INFO - 成功处理: query_dense_4_13.graph - 时间: 0.04ms 匹配数: 700
2025-03-04 00:55:24,026 - INFO - 开始处理: query_dense_4_14.graph
2025-03-04 00:55:24,123 - DEBUG - query_dense_4_14.graph 标准输出:
Loading data graph...
Loading query graph...
Enumerating...
#Matches: 5862948
#Recursive calls: 101368
Total time: 81.1957 ms
Search time: 80.9397 ms

2025-03-04 00:55:24,123 - INFO - 成功处理: query_dense_4_14.graph - 时间: 81.20ms 匹配数: 5862948
2025-03-04 00:55:24,124 - INFO - 开始处理: query_dense_4_15.graph
2025-03-04 00:55:24,557 - DEBUG - query_dense_4_15.graph 标准输出:
Loading data graph...
Loading query graph...
Enumerating...
#Matches: 37011858
#Recursive calls: 487591
Total time: 417.848 ms
Search time: 417.047 ms

2025-03-04 00:55:24,557 - INFO - 成功处理: query_dense_4_15.graph - 时间: 417.85ms 匹配数: 37011858
2025-03-04 00:55:24,558 - INFO - 开始处理: query_dense_4_16.graph
2025-03-04 00:55:24,575 - DEBUG - query_dense_4_16.graph 标准输出:
Loading data graph...
Loading query graph...
Enumerating...
#Matches: 3377434
#Recursive calls: 930
Total time: 5.43122 ms
Search time: 5.31867 ms

2025-03-04 00:55:24,575 - INFO - 成功处理: query_dense_4_16.graph - 时间: 5.43ms 匹配数: 3377434
2025-03-04 00:55:24,576 - INFO - 开始处理: query_dense_4_17.graph
2025-03-04 00:55:24,593 - DEBUG - query_dense_4_17.graph 标准输出:
Loading data graph...
Loading query graph...
Enumerating...
#Matches: 20031
#Recursive calls: 330
Total time: 0.267776 ms
Search time: 0.204554 ms

2025-03-04 00:55:24,593 - INFO - 成功处理: query_dense_4_17.graph - 时间: 0.27ms 匹配数: 20031
2025-03-04 00:55:24,593 - INFO - 开始处理: query_dense_4_18.graph
2025-03-04 00:55:24,615 - DEBUG - query_dense_4_18.graph 标准输出:
Loading data graph...
Loading query graph...
Enumerating...
#Matches: 470710
#Recursive calls: 6763
Total time: 5.68965 ms
Search time: 5.53654 ms

2025-03-04 00:55:24,615 - INFO - 成功处理: query_dense_4_18.graph - 时间: 5.69ms 匹配数: 470710
2025-03-04 00:55:24,615 - INFO - 开始处理: query_dense_4_19.graph
2025-03-04 00:55:24,636 - DEBUG - query_dense_4_19.graph 标准输出:
Loading data graph...
Loading query graph...
Enumerating...
#Matches: 45396
#Recursive calls: 297
Total time: 0.12027 ms
Search time: 0.085323 ms

2025-03-04 00:55:24,636 - INFO - 成功处理: query_dense_4_19.graph - 时间: 0.12ms 匹配数: 45396
2025-03-04 00:55:24,636 - INFO - 开始处理: query_dense_4_20.graph
2025-03-04 00:55:24,973 - DEBUG - query_dense_4_20.graph 标准输出:
Loading data graph...
Loading query graph...
Enumerating...
#Matches: 29526264
#Recursive calls: 484418
Total time: 320.406 ms
Search time: 319.913 ms

2025-03-04 00:55:24,973 - INFO - 成功处理: query_dense_4_20.graph - 时间: 320.41ms 匹配数: 29526264
2025-03-04 00:55:24,973 - INFO - 开始处理: query_dense_4_21.graph
2025-03-04 00:55:25,032 - DEBUG - query_dense_4_21.graph 标准输出:
Loading data graph...
Loading query graph...
Enumerating...
#Matches: 4962314
#Recursive calls: 92762
Total time: 47.2188 ms
Search time: 47.0562 ms

2025-03-04 00:55:25,032 - INFO - 成功处理: query_dense_4_21.graph - 时间: 47.22ms 匹配数: 4962314
2025-03-04 00:55:25,032 - INFO - 开始处理: query_dense_4_22.graph
2025-03-04 00:55:25,044 - DEBUG - query_dense_4_22.graph 标准输出:
Loading data graph...
Loading query graph...
Enumerating...
#Matches: 82008
#Recursive calls: 1982
Total time: 0.884829 ms
Search time: 0.812631 ms

2025-03-04 00:55:25,044 - INFO - 成功处理: query_dense_4_22.graph - 时间: 0.88ms 匹配数: 82008
2025-03-04 00:55:25,044 - INFO - 开始处理: query_dense_4_23.graph
2025-03-04 00:55:25,055 - DEBUG - query_dense_4_23.graph 标准输出:
Loading data graph...
Loading query graph...
Enumerating...
#Matches: 89069
#Recursive calls: 46
Total time: 0.145018 ms
Search time: 0.08419 ms

2025-03-04 00:55:25,056 - INFO - 成功处理: query_dense_4_23.graph - 时间: 0.15ms 匹配数: 89069
2025-03-04 00:55:25,056 - INFO - 开始处理: query_dense_4_24.graph
2025-03-04 00:55:25,099 - DEBUG - query_dense_4_24.graph 标准输出:
Loading data graph...
Loading query graph...
Enumerating...
#Matches: 3043632
#Recursive calls: 61515
Total time: 31.685 ms
Search time: 31.4639 ms

2025-03-04 00:55:25,099 - INFO - 成功处理: query_dense_4_24.graph - 时间: 31.68ms 匹配数: 3043632
2025-03-04 00:55:25,099 - INFO - 开始处理: query_dense_4_25.graph
2025-03-04 00:55:25,259 - DEBUG - query_dense_4_25.graph 标准输出:
Loading data graph...
Loading query graph...
Enumerating...
#Matches: 14712360
#Recursive calls: 274956
Total time: 147.876 ms
Search time: 147.464 ms

2025-03-04 00:55:25,259 - INFO - 成功处理: query_dense_4_25.graph - 时间: 147.88ms 匹配数: 14712360
2025-03-04 00:55:25,260 - INFO - 开始处理: query_dense_4_26.graph
2025-03-04 00:55:25,272 - DEBUG - query_dense_4_26.graph 标准输出:
Loading data graph...
Loading query graph...
Enumerating...
#Matches: 223068
#Recursive calls: 5024
Total time: 2.13386 ms
Search time: 2.04468 ms

2025-03-04 00:55:25,272 - INFO - 成功处理: query_dense_4_26.graph - 时间: 2.13ms 匹配数: 223068
2025-03-04 00:55:25,273 - INFO - 开始处理: query_dense_4_27.graph
2025-03-04 00:55:25,332 - DEBUG - query_dense_4_27.graph 标准输出:
Loading data graph...
Loading query graph...
Enumerating...
#Matches: 4962314
#Recursive calls: 92762
Total time: 47.973 ms
Search time: 47.819 ms

2025-03-04 00:55:25,332 - INFO - 成功处理: query_dense_4_27.graph - 时间: 47.97ms 匹配数: 4962314
2025-03-04 00:55:25,332 - INFO - 开始处理: query_dense_4_28.graph
2025-03-04 00:55:25,402 - DEBUG - query_dense_4_28.graph 标准输出:
Loading data graph...
Loading query graph...
Enumerating...
#Matches: 6147120
#Recursive calls: 117456
Total time: 59.0153 ms
Search time: 58.8566 ms

2025-03-04 00:55:25,402 - INFO - 成功处理: query_dense_4_28.graph - 时间: 59.02ms 匹配数: 6147120
2025-03-04 00:55:25,403 - INFO - 开始处理: query_dense_4_29.graph
2025-03-04 00:55:25,419 - DEBUG - query_dense_4_29.graph 标准输出:
Loading data graph...
Loading query graph...
Enumerating...
#Matches: 268728
#Recursive calls: 6220
Total time: 3.3729 ms
Search time: 3.28757 ms

2025-03-04 00:55:25,419 - INFO - 成功处理: query_dense_4_29.graph - 时间: 3.37ms 匹配数: 268728
2025-03-04 00:55:25,419 - INFO - 开始处理: query_dense_4_30.graph
2025-03-04 00:55:25,601 - DEBUG - query_dense_4_30.graph 标准输出:
Loading data graph...
Loading query graph...
Enumerating...
#Matches: 14712360
#Recursive calls: 274956
Total time: 162.912 ms
Search time: 162.508 ms

2025-03-04 00:55:25,601 - INFO - 成功处理: query_dense_4_30.graph - 时间: 162.91ms 匹配数: 14712360
2025-03-04 00:55:25,601 - INFO - 开始处理: query_dense_4_31.graph
2025-03-04 00:55:25,615 - DEBUG - query_dense_4_31.graph 标准输出:
Loading data graph...
Loading query graph...
Enumerating...
#Matches: 228
#Recursive calls: 2
Total time: 0.018529 ms
Search time: 0.001735 ms

2025-03-04 00:55:25,615 - INFO - 成功处理: query_dense_4_31.graph - 时间: 0.02ms 匹配数: 228
2025-03-04 00:55:25,615 - INFO - 开始处理: query_dense_4_32.graph
2025-03-04 00:55:25,632 - DEBUG - query_dense_4_32.graph 标准输出:
Loading data graph...
Loading query graph...
Enumerating...
#Matches: 218208
#Recursive calls: 3103
Total time: 2.58218 ms
Search time: 2.40587 ms

2025-03-04 00:55:25,632 - INFO - 成功处理: query_dense_4_32.graph - 时间: 2.58ms 匹配数: 218208
2025-03-04 00:55:25,632 - INFO - 开始处理: query_dense_4_33.graph
2025-03-04 00:55:25,732 - DEBUG - query_dense_4_33.graph 标准输出:
Loading data graph...
Loading query graph...
Enumerating...
#Matches: 6569856
#Recursive calls: 86133
Total time: 84.6994 ms
Search time: 84.4348 ms

2025-03-04 00:55:25,732 - INFO - 成功处理: query_dense_4_33.graph - 时间: 84.70ms 匹配数: 6569856
2025-03-04 00:55:25,732 - INFO - 开始处理: query_dense_4_34.graph
2025-03-04 00:55:25,750 - DEBUG - query_dense_4_34.graph 标准输出:
Loading data graph...
Loading query graph...
Enumerating...
#Matches: 8053
#Recursive calls: 39
Total time: 0.071578 ms
Search time: 0.018509 ms

2025-03-04 00:55:25,750 - INFO - 成功处理: query_dense_4_34.graph - 时间: 0.07ms 匹配数: 8053
2025-03-04 00:55:25,750 - INFO - 开始处理: query_dense_4_35.graph
2025-03-04 00:55:25,797 - DEBUG - query_dense_4_35.graph 标准输出:
Loading data graph...
Loading query graph...
Enumerating...
#Matches: 2011536
#Recursive calls: 28397
Total time: 25.6687 ms
Search time: 25.2254 ms

2025-03-04 00:55:25,797 - INFO - 成功处理: query_dense_4_35.graph - 时间: 25.67ms 匹配数: 2011536
2025-03-04 00:55:25,797 - INFO - 开始处理: query_dense_4_36.graph
2025-03-04 00:55:25,871 - DEBUG - query_dense_4_36.graph 标准输出:
Loading data graph...
Loading query graph...
Enumerating...
#Matches: 4799746
#Recursive calls: 63565
Total time: 57.8846 ms
Search time: 57.5241 ms

2025-03-04 00:55:25,871 - INFO - 成功处理: query_dense_4_36.graph - 时间: 57.88ms 匹配数: 4799746
2025-03-04 00:55:25,871 - INFO - 开始处理: query_dense_4_37.graph
2025-03-04 00:55:25,958 - DEBUG - query_dense_4_37.graph 标准输出:
Loading data graph...
Loading query graph...
Enumerating...
#Matches: 6569856
#Recursive calls: 86127
Total time: 73.3328 ms
Search time: 73.0372 ms

2025-03-04 00:55:25,958 - INFO - 成功处理: query_dense_4_37.graph - 时间: 73.33ms 匹配数: 6569856
2025-03-04 00:55:25,958 - INFO - 开始处理: query_dense_4_38.graph
2025-03-04 00:55:26,688 - DEBUG - query_dense_4_38.graph 标准输出:
Loading data graph...
Loading query graph...
Enumerating...
#Matches: 86860572
#Recursive calls: 1122217
Total time: 715.67 ms
Search time: 714.695 ms

2025-03-04 00:55:26,688 - INFO - 成功处理: query_dense_4_38.graph - 时间: 715.67ms 匹配数: 86860572
2025-03-04 00:55:26,688 - INFO - 开始处理: query_dense_4_39.graph
2025-03-04 00:55:26,746 - DEBUG - query_dense_4_39.graph 标准输出:
Loading data graph...
Loading query graph...
Enumerating...
#Matches: 42554404
#Recursive calls: 6475
Total time: 46.4383 ms
Search time: 46.1305 ms

2025-03-04 00:55:26,747 - INFO - 成功处理: query_dense_4_39.graph - 时间: 46.44ms 匹配数: 42554404
2025-03-04 00:55:26,747 - INFO - 开始处理: query_dense_4_40.graph
2025-03-04 00:55:26,770 - DEBUG - query_dense_4_40.graph 标准输出:
Loading data graph...
Loading query graph...
Enumerating...
#Matches: 786300
#Recursive calls: 18725
Total time: 11.075 ms
Search time: 10.9204 ms

2025-03-04 00:55:26,770 - INFO - 成功处理: query_dense_4_40.graph - 时间: 11.07ms 匹配数: 786300
2025-03-04 00:55:26,770 - INFO - 开始处理: query_dense_4_41.graph
2025-03-04 00:55:26,810 - DEBUG - query_dense_4_41.graph 标准输出:
Loading data graph...
Loading query graph...
Enumerating...
#Matches: 2338356
#Recursive calls: 40018
Total time: 24.5024 ms
Search time: 24.2778 ms

2025-03-04 00:55:26,810 - INFO - 成功处理: query_dense_4_41.graph - 时间: 24.50ms 匹配数: 2338356
2025-03-04 00:55:26,811 - INFO - 开始处理: query_dense_4_42.graph
2025-03-04 00:55:26,987 - DEBUG - query_dense_4_42.graph 标准输出:
Loading data graph...
Loading query graph...
Enumerating...
#Matches: 15933640
#Recursive calls: 207517
Total time: 161.908 ms
Search time: 161.518 ms

2025-03-04 00:55:26,987 - INFO - 成功处理: query_dense_4_42.graph - 时间: 161.91ms 匹配数: 15933640
2025-03-04 00:55:26,987 - INFO - 开始处理: query_dense_4_43.graph
2025-03-04 00:55:27,001 - DEBUG - query_dense_4_43.graph 标准输出:
Loading data graph...
Loading query graph...
Enumerating...
#Matches: 2605
#Recursive calls: 23
Total time: 0.039026 ms
Search time: 0.011226 ms

2025-03-04 00:55:27,001 - INFO - 成功处理: query_dense_4_43.graph - 时间: 0.04ms 匹配数: 2605
2025-03-04 00:55:27,001 - INFO - 开始处理: query_dense_4_44.graph
2025-03-04 00:55:27,116 - DEBUG - query_dense_4_44.graph 标准输出:
Loading data graph...
Loading query graph...
Enumerating...
#Matches: 8804922
#Recursive calls: 120492
Total time: 101.543 ms
Search time: 100.902 ms

2025-03-04 00:55:27,116 - INFO - 成功处理: query_dense_4_44.graph - 时间: 101.54ms 匹配数: 8804922
2025-03-04 00:55:27,116 - INFO - 开始处理: query_dense_4_45.graph
2025-03-04 00:55:27,267 - DEBUG - query_dense_4_45.graph 标准输出:
Loading data graph...
Loading query graph...
Enumerating...
#Matches: 16195210
#Recursive calls: 309
Total time: 136.344 ms
Search time: 136.107 ms

2025-03-04 00:55:27,267 - INFO - 成功处理: query_dense_4_45.graph - 时间: 136.34ms 匹配数: 16195210
2025-03-04 00:55:27,267 - INFO - 开始处理: query_dense_4_46.graph
2025-03-04 00:55:27,289 - DEBUG - query_dense_4_46.graph 标准输出:
Loading data graph...
Loading query graph...
Enumerating...
#Matches: 506122
#Recursive calls: 5604
Total time: 9.03302 ms
Search time: 8.74649 ms

2025-03-04 00:55:27,289 - INFO - 成功处理: query_dense_4_46.graph - 时间: 9.03ms 匹配数: 506122
2025-03-04 00:55:27,289 - INFO - 开始处理: query_dense_4_47.graph
2025-03-04 00:55:27,431 - DEBUG - query_dense_4_47.graph 标准输出:
Loading data graph...
Loading query graph...
Enumerating...
#Matches: 10752024
#Recursive calls: 143609
Total time: 127.735 ms
Search time: 127.268 ms

2025-03-04 00:55:27,431 - INFO - 成功处理: query_dense_4_47.graph - 时间: 127.73ms 匹配数: 10752024
2025-03-04 00:55:27,431 - INFO - 开始处理: query_dense_4_48.graph
2025-03-04 00:55:27,464 - DEBUG - query_dense_4_48.graph 标准输出:
Loading data graph...
Loading query graph...
Enumerating...
#Matches: 1958496
#Recursive calls: 35859
Total time: 18.8018 ms
Search time: 18.5691 ms

2025-03-04 00:55:27,464 - INFO - 成功处理: query_dense_4_48.graph - 时间: 18.80ms 匹配数: 1958496
2025-03-04 00:55:27,465 - INFO - 开始处理: query_dense_4_49.graph
2025-03-04 00:55:27,481 - DEBUG - query_dense_4_49.graph 标准输出:
Loading data graph...
Loading query graph...
Enumerating...
#Matches: 122550
#Recursive calls: 1501
Total time: 1.63282 ms
Search time: 1.45589 ms

2025-03-04 00:55:27,481 - INFO - 成功处理: query_dense_4_49.graph - 时间: 1.63ms 匹配数: 122550
2025-03-04 00:55:27,481 - INFO - 开始处理: query_dense_4_50.graph
2025-03-04 00:55:27,556 - DEBUG - query_dense_4_50.graph 标准输出:
Loading data graph...
Loading query graph...
Enumerating...
#Matches: 46484981
#Recursive calls: 6475
Total time: 60.7051 ms
Search time: 60.2307 ms

2025-03-04 00:55:27,556 - INFO - 成功处理: query_dense_4_50.graph - 时间: 60.71ms 匹配数: 46484981
2025-03-04 00:55:27,556 - INFO - 开始处理: query_dense_4_51.graph
2025-03-04 00:55:27,592 - DEBUG - query_dense_4_51.graph 标准输出:
Loading data graph...
Loading query graph...
Enumerating...
#Matches: 2061680
#Recursive calls: 27502
Total time: 23.2792 ms
Search time: 23.0883 ms

2025-03-04 00:55:27,592 - INFO - 成功处理: query_dense_4_51.graph - 时间: 23.28ms 匹配数: 2061680
2025-03-04 00:55:27,592 - INFO - 开始处理: query_dense_4_52.graph
2025-03-04 00:55:27,609 - DEBUG - query_dense_4_52.graph 标准输出:
Loading data graph...
Loading query graph...
Enumerating...
#Matches: 19520
#Recursive calls: 337
Total time: 0.250217 ms
Search time: 0.211212 ms

2025-03-04 00:55:27,609 - INFO - 成功处理: query_dense_4_52.graph - 时间: 0.25ms 匹配数: 19520
2025-03-04 00:55:27,610 - INFO - 开始处理: query_dense_4_53.graph
2025-03-04 00:55:27,736 - DEBUG - query_dense_4_53.graph 标准输出:
Loading data graph...
Loading query graph...
Enumerating...
#Matches: 8804922
#Recursive calls: 120492
Total time: 112.619 ms
Search time: 112.168 ms

2025-03-04 00:55:27,736 - INFO - 成功处理: query_dense_4_53.graph - 时间: 112.62ms 匹配数: 8804922
2025-03-04 00:55:27,736 - INFO - 开始处理: query_dense_4_54.graph
2025-03-04 00:55:27,848 - DEBUG - query_dense_4_54.graph 标准输出:
Loading data graph...
Loading query graph...
Enumerating...
#Matches: 8804922
#Recursive calls: 120492
Total time: 99.835 ms
Search time: 99.4165 ms

2025-03-04 00:55:27,848 - INFO - 成功处理: query_dense_4_54.graph - 时间: 99.83ms 匹配数: 8804922
2025-03-04 00:55:27,848 - INFO - 开始处理: query_dense_4_55.graph
2025-03-04 00:55:27,874 - DEBUG - query_dense_4_55.graph 标准输出:
Loading data graph...
Loading query graph...
Enumerating...
#Matches: 1629057
#Recursive calls: 20536
Total time: 13.4473 ms
Search time: 13.3163 ms

2025-03-04 00:55:27,874 - INFO - 成功处理: query_dense_4_55.graph - 时间: 13.45ms 匹配数: 1629057
2025-03-04 00:55:27,875 - INFO - 开始处理: query_dense_4_56.graph
2025-03-04 00:55:27,890 - DEBUG - query_dense_4_56.graph 标准输出:
Loading data graph...
Loading query graph...
Enumerating...
#Matches: 164978
#Recursive calls: 4317
Total time: 1.97617 ms
Search time: 1.85199 ms

2025-03-04 00:55:27,891 - INFO - 成功处理: query_dense_4_56.graph - 时间: 1.98ms 匹配数: 164978
2025-03-04 00:55:27,891 - INFO - 开始处理: query_dense_4_57.graph
2025-03-04 00:55:27,905 - DEBUG - query_dense_4_57.graph 标准输出:
Loading data graph...
Loading query graph...
Enumerating...
#Matches: 10728
#Recursive calls: 74
Total time: 0.105685 ms
Search time: 0.040134 ms

2025-03-04 00:55:27,905 - INFO - 成功处理: query_dense_4_57.graph - 时间: 0.11ms 匹配数: 10728
2025-03-04 00:55:27,905 - INFO - 开始处理: query_dense_4_58.graph
2025-03-04 00:55:27,919 - DEBUG - query_dense_4_58.graph 标准输出:
Loading data graph...
Loading query graph...
Enumerating...
#Matches: 736
#Recursive calls: 146
Total time: 0.047681 ms
Search time: 0.018404 ms

2025-03-04 00:55:27,919 - INFO - 成功处理: query_dense_4_58.graph - 时间: 0.05ms 匹配数: 736
2025-03-04 00:55:27,919 - INFO - 开始处理: query_dense_4_59.graph
2025-03-04 00:55:27,933 - DEBUG - query_dense_4_59.graph 标准输出:
Loading data graph...
Loading query graph...
Enumerating...
#Matches: 17004
#Recursive calls: 311
Total time: 0.259658 ms
Search time: 0.190762 ms

2025-03-04 00:55:27,934 - INFO - 成功处理: query_dense_4_59.graph - 时间: 0.26ms 匹配数: 17004
2025-03-04 00:55:27,934 - INFO - 开始处理: query_dense_4_60.graph
2025-03-04 00:55:28,029 - DEBUG - query_dense_4_60.graph 标准输出:
Loading data graph...
Loading query graph...
Enumerating...
#Matches: 5862948
#Recursive calls: 101368
Total time: 77.5243 ms
Search time: 77.311 ms

2025-03-04 00:55:28,029 - INFO - 成功处理: query_dense_4_60.graph - 时间: 77.52ms 匹配数: 5862948
2025-03-04 00:55:28,029 - INFO - 开始处理: query_dense_4_61.graph
2025-03-04 00:55:28,066 - DEBUG - query_dense_4_61.graph 标准输出:
Loading data graph...
Loading query graph...
Enumerating...
#Matches: 1547694
#Recursive calls: 20536
Total time: 21.3481 ms
Search time: 21.1333 ms

2025-03-04 00:55:28,066 - INFO - 成功处理: query_dense_4_61.graph - 时间: 21.35ms 匹配数: 1547694
2025-03-04 00:55:28,067 - INFO - 开始处理: query_dense_4_62.graph
2025-03-04 00:55:28,263 - DEBUG - query_dense_4_62.graph 标准输出:
Loading data graph...
Loading query graph...
Enumerating...
#Matches: 15933640
#Recursive calls: 207517
Total time: 180.551 ms
Search time: 180.14 ms

2025-03-04 00:55:28,264 - INFO - 成功处理: query_dense_4_62.graph - 时间: 180.55ms 匹配数: 15933640
2025-03-04 00:55:28,264 - INFO - 开始处理: query_dense_4_63.graph
2025-03-04 00:55:28,649 - DEBUG - query_dense_4_63.graph 标准输出:
Loading data graph...
Loading query graph...
Enumerating...
#Matches: 37011858
#Recursive calls: 487591
Total time: 372.308 ms
Search time: 371.544 ms

2025-03-04 00:55:28,649 - INFO - 成功处理: query_dense_4_63.graph - 时间: 372.31ms 匹配数: 37011858
2025-03-04 00:55:28,650 - INFO - 开始处理: query_dense_4_64.graph
2025-03-04 00:55:28,830 - DEBUG - query_dense_4_64.graph 标准输出:
Loading data graph...
Loading query graph...
Enumerating...
#Matches: 14712360
#Recursive calls: 274956
Total time: 161.884 ms
Search time: 161.427 ms

2025-03-04 00:55:28,831 - INFO - 成功处理: query_dense_4_64.graph - 时间: 161.88ms 匹配数: 14712360
2025-03-04 00:55:28,831 - INFO - 开始处理: query_dense_4_65.graph
2025-03-04 00:55:28,943 - DEBUG - query_dense_4_65.graph 标准输出:
Loading data graph...
Loading query graph...
Enumerating...
#Matches: 8029806
#Recursive calls: 107259
Total time: 98.3588 ms
Search time: 97.9338 ms

2025-03-04 00:55:28,943 - INFO - 成功处理: query_dense_4_65.graph - 时间: 98.36ms 匹配数: 8029806
2025-03-04 00:55:28,943 - INFO - 开始处理: query_dense_4_66.graph
2025-03-04 00:55:29,123 - DEBUG - query_dense_4_66.graph 标准输出:
Loading data graph...
Loading query graph...
Enumerating...
#Matches: 15933640
#Recursive calls: 207517
Total time: 165.771 ms
Search time: 165.383 ms

2025-03-04 00:55:29,123 - INFO - 成功处理: query_dense_4_66.graph - 时间: 165.77ms 匹配数: 15933640
2025-03-04 00:55:29,123 - INFO - 开始处理: query_dense_4_67.graph
2025-03-04 00:55:29,172 - DEBUG - query_dense_4_67.graph 标准输出:
Loading data graph...
Loading query graph...
Enumerating...
#Matches: 3043632
#Recursive calls: 61515
Total time: 35.4656 ms
Search time: 35.2148 ms

2025-03-04 00:55:29,173 - INFO - 成功处理: query_dense_4_67.graph - 时间: 35.47ms 匹配数: 3043632
2025-03-04 00:55:29,173 - INFO - 开始处理: query_dense_4_68.graph
2025-03-04 00:55:29,519 - DEBUG - query_dense_4_68.graph 标准输出:
Loading data graph...
Loading query graph...
Enumerating...
#Matches: 29526264
#Recursive calls: 484418
Total time: 332.613 ms
Search time: 332.201 ms

2025-03-04 00:55:29,519 - INFO - 成功处理: query_dense_4_68.graph - 时间: 332.61ms 匹配数: 29526264
2025-03-04 00:55:29,519 - INFO - 开始处理: query_dense_4_69.graph
2025-03-04 00:55:29,560 - DEBUG - query_dense_4_69.graph 标准输出:
Loading data graph...
Loading query graph...
Enumerating...
#Matches: 3043632
#Recursive calls: 61515
Total time: 28.4609 ms
Search time: 28.2596 ms

2025-03-04 00:55:29,560 - INFO - 成功处理: query_dense_4_69.graph - 时间: 28.46ms 匹配数: 3043632
2025-03-04 00:55:29,560 - INFO - 开始处理: query_dense_4_70.graph
2025-03-04 00:55:29,575 - DEBUG - query_dense_4_70.graph 标准输出:
Loading data graph...
Loading query graph...
Enumerating...
#Matches: 1885757
#Recursive calls: 367
Total time: 2.03307 ms
Search time: 1.96873 ms

2025-03-04 00:55:29,575 - INFO - 成功处理: query_dense_4_70.graph - 时间: 2.03ms 匹配数: 1885757
2025-03-04 00:55:29,575 - INFO - 开始处理: query_dense_4_71.graph
2025-03-04 00:55:30,451 - DEBUG - query_dense_4_71.graph 标准输出:
Loading data graph...
Loading query graph...
Enumerating...
#Matches: 83334264
#Recursive calls: 1122121
Total time: 857.636 ms
Search time: 856.52 ms

2025-03-04 00:55:30,451 - INFO - 成功处理: query_dense_4_71.graph - 时间: 857.64ms 匹配数: 83334264
2025-03-04 00:55:30,451 - INFO - 开始处理: query_dense_4_72.graph
2025-03-04 00:55:30,480 - DEBUG - query_dense_4_72.graph 标准输出:
Loading data graph...
Loading query graph...
Enumerating...
#Matches: 1653696
#Recursive calls: 35827
Total time: 16.1424 ms
Search time: 15.9903 ms

2025-03-04 00:55:30,480 - INFO - 成功处理: query_dense_4_72.graph - 时间: 16.14ms 匹配数: 1653696
2025-03-04 00:55:30,480 - INFO - 开始处理: query_dense_4_73.graph
2025-03-04 00:55:30,495 - DEBUG - query_dense_4_73.graph 标准输出:
Loading data graph...
Loading query graph...
Enumerating...
#Matches: 79262
#Recursive calls: 20
Total time: 0.087912 ms
Search time: 0.030203 ms

2025-03-04 00:55:30,495 - INFO - 成功处理: query_dense_4_73.graph - 时间: 0.09ms 匹配数: 79262
2025-03-04 00:55:30,495 - INFO - 开始处理: query_dense_4_74.graph
2025-03-04 00:55:30,515 - DEBUG - query_dense_4_74.graph 标准输出:
Loading data graph...
Loading query graph...
Enumerating...
#Matches: 937568
#Recursive calls: 13021
Total time: 8.87515 ms
Search time: 8.66748 ms

2025-03-04 00:55:30,515 - INFO - 成功处理: query_dense_4_74.graph - 时间: 8.88ms 匹配数: 937568
2025-03-04 00:55:30,515 - INFO - 开始处理: query_dense_4_75.graph
2025-03-04 00:55:30,556 - DEBUG - query_dense_4_75.graph 标准输出:
Loading data graph...
Loading query graph...
Enumerating...
#Matches: 2114562
#Recursive calls: 43851
Total time: 23.7047 ms
Search time: 23.5225 ms

2025-03-04 00:55:30,556 - INFO - 成功处理: query_dense_4_75.graph - 时间: 23.70ms 匹配数: 2114562
2025-03-04 00:55:30,556 - INFO - 开始处理: query_dense_4_76.graph
2025-03-04 00:55:30,638 - DEBUG - query_dense_4_76.graph 标准输出:
Loading data graph...
Loading query graph...
Enumerating...
#Matches: 6825724
#Recursive calls: 99129
Total time: 69.307 ms
Search time: 69.0641 ms

2025-03-04 00:55:30,639 - INFO - 成功处理: query_dense_4_76.graph - 时间: 69.31ms 匹配数: 6825724
2025-03-04 00:55:30,639 - INFO - 开始处理: query_dense_4_77.graph
2025-03-04 00:55:30,662 - DEBUG - query_dense_4_77.graph 标准输出:
Loading data graph...
Loading query graph...
Enumerating...
#Matches: 1629354
#Recursive calls: 17638
Total time: 11.9313 ms
Search time: 11.7946 ms

2025-03-04 00:55:30,662 - INFO - 成功处理: query_dense_4_77.graph - 时间: 11.93ms 匹配数: 1629354
2025-03-04 00:55:30,662 - INFO - 开始处理: query_dense_4_78.graph
2025-03-04 00:55:30,704 - DEBUG - query_dense_4_78.graph 标准输出:
Loading data graph...
Loading query graph...
Enumerating...
#Matches: 3043632
#Recursive calls: 61515
Total time: 30.1952 ms
Search time: 29.9615 ms

2025-03-04 00:55:30,704 - INFO - 成功处理: query_dense_4_78.graph - 时间: 30.20ms 匹配数: 3043632
2025-03-04 00:55:30,704 - INFO - 开始处理: query_dense_4_79.graph
2025-03-04 00:55:30,716 - DEBUG - query_dense_4_79.graph 标准输出:
Loading data graph...
Loading query graph...
Enumerating...
#Matches: 91794
#Recursive calls: 1381
Total time: 0.968589 ms
Search time: 0.898691 ms

2025-03-04 00:55:30,717 - INFO - 成功处理: query_dense_4_79.graph - 时间: 0.97ms 匹配数: 91794
2025-03-04 00:55:30,717 - INFO - 开始处理: query_dense_4_80.graph
2025-03-04 00:55:30,728 - DEBUG - query_dense_4_80.graph 标准输出:
Loading data graph...
Loading query graph...
Enumerating...
#Matches: 2242
#Recursive calls: 241
Total time: 0.051837 ms
Search time: 0.028524 ms

2025-03-04 00:55:30,728 - INFO - 成功处理: query_dense_4_80.graph - 时间: 0.05ms 匹配数: 2242
2025-03-04 00:55:30,728 - INFO - 开始处理: query_dense_4_81.graph
2025-03-04 00:55:30,790 - DEBUG - query_dense_4_81.graph 标准输出:
Loading data graph...
Loading query graph...
Enumerating...
#Matches: 6147120
#Recursive calls: 117456
Total time: 49.7605 ms
Search time: 49.5752 ms

2025-03-04 00:55:30,791 - INFO - 成功处理: query_dense_4_81.graph - 时间: 49.76ms 匹配数: 6147120
2025-03-04 00:55:30,791 - INFO - 开始处理: query_dense_4_82.graph
2025-03-04 00:55:30,804 - DEBUG - query_dense_4_82.graph 标准输出:
Loading data graph...
Loading query graph...
Enumerating...
#Matches: 451730
#Recursive calls: 192
Total time: 1.06623 ms
Search time: 0.885343 ms

2025-03-04 00:55:30,804 - INFO - 成功处理: query_dense_4_82.graph - 时间: 1.07ms 匹配数: 451730
2025-03-04 00:55:30,804 - INFO - 开始处理: query_dense_4_83.graph
2025-03-04 00:55:30,814 - DEBUG - query_dense_4_83.graph 标准输出:
Loading data graph...
Loading query graph...
Enumerating...
#Matches: 2360
#Recursive calls: 79
Total time: 0.070473 ms
Search time: 0.043492 ms

2025-03-04 00:55:30,815 - INFO - 成功处理: query_dense_4_83.graph - 时间: 0.07ms 匹配数: 2360
2025-03-04 00:55:30,815 - INFO - 开始处理: query_dense_4_84.graph
2025-03-04 00:55:30,826 - DEBUG - query_dense_4_84.graph 标准输出:
Loading data graph...
Loading query graph...
Enumerating...
#Matches: 736
#Recursive calls: 146
Total time: 0.037867 ms
Search time: 0.014942 ms

2025-03-04 00:55:30,826 - INFO - 成功处理: query_dense_4_84.graph - 时间: 0.04ms 匹配数: 736
2025-03-04 00:55:30,826 - INFO - 开始处理: query_dense_4_85.graph
2025-03-04 00:55:30,838 - DEBUG - query_dense_4_85.graph 标准输出:
Loading data graph...
Loading query graph...
Enumerating...
#Matches: 1296
#Recursive calls: 191
Total time: 0.045613 ms
Search time: 0.025808 ms

2025-03-04 00:55:30,838 - INFO - 成功处理: query_dense_4_85.graph - 时间: 0.05ms 匹配数: 1296
2025-03-04 00:55:30,838 - INFO - 开始处理: query_dense_4_86.graph
2025-03-04 00:55:30,874 - DEBUG - query_dense_4_86.graph 标准输出:
Loading data graph...
Loading query graph...
Enumerating...
#Matches: 1817064
#Recursive calls: 93876
Total time: 24.6068 ms
Search time: 24.2708 ms

2025-03-04 00:55:30,874 - INFO - 成功处理: query_dense_4_86.graph - 时间: 24.61ms 匹配数: 1817064
2025-03-04 00:55:30,875 - INFO - 开始处理: query_dense_4_87.graph
2025-03-04 00:55:30,959 - DEBUG - query_dense_4_87.graph 标准输出:
Loading data graph...
Loading query graph...
Enumerating...
#Matches: 5862948
#Recursive calls: 101368
Total time: 70.4411 ms
Search time: 70.2345 ms

2025-03-04 00:55:30,959 - INFO - 成功处理: query_dense_4_87.graph - 时间: 70.44ms 匹配数: 5862948
2025-03-04 00:55:30,959 - INFO - 开始处理: query_dense_4_88.graph
2025-03-04 00:55:30,976 - DEBUG - query_dense_4_88.graph 标准输出:
Loading data graph...
Loading query graph...
Enumerating...
#Matches: 447738
#Recursive calls: 5604
Total time: 4.77601 ms
Search time: 4.54544 ms

2025-03-04 00:55:30,976 - INFO - 成功处理: query_dense_4_88.graph - 时间: 4.78ms 匹配数: 447738
2025-03-04 00:55:30,977 - INFO - 开始处理: query_dense_4_89.graph
2025-03-04 00:55:31,009 - DEBUG - query_dense_4_89.graph 标准输出:
Loading data graph...
Loading query graph...
Enumerating...
#Matches: 1067570
#Recursive calls: 16221
Total time: 11.9927 ms
Search time: 11.6352 ms

2025-03-04 00:55:31,010 - INFO - 成功处理: query_dense_4_89.graph - 时间: 11.99ms 匹配数: 1067570
2025-03-04 00:55:31,010 - INFO - 开始处理: query_dense_4_90.graph
2025-03-04 00:55:31,068 - DEBUG - query_dense_4_90.graph 标准输出:
Loading data graph...
Loading query graph...
Enumerating...
#Matches: 3043632
#Recursive calls: 61515
Total time: 42.6363 ms
Search time: 42.3719 ms

2025-03-04 00:55:31,068 - INFO - 成功处理: query_dense_4_90.graph - 时间: 42.64ms 匹配数: 3043632
2025-03-04 00:55:31,068 - INFO - 开始处理: query_dense_4_91.graph
2025-03-04 00:55:31,082 - DEBUG - query_dense_4_91.graph 标准输出:
Loading data graph...
Loading query graph...
Enumerating...
#Matches: 16720
#Recursive calls: 471
Total time: 0.219364 ms
Search time: 0.179843 ms

2025-03-04 00:55:31,082 - INFO - 成功处理: query_dense_4_91.graph - 时间: 0.22ms 匹配数: 16720
2025-03-04 00:55:31,082 - INFO - 开始处理: query_dense_4_92.graph
2025-03-04 00:55:31,148 - DEBUG - query_dense_4_92.graph 标准输出:
Loading data graph...
Loading query graph...
Enumerating...
#Matches: 3870430
#Recursive calls: 52451
Total time: 50.3901 ms
Search time: 49.9595 ms

2025-03-04 00:55:31,148 - INFO - 成功处理: query_dense_4_92.graph - 时间: 50.39ms 匹配数: 3870430
2025-03-04 00:55:31,148 - INFO - 开始处理: query_dense_4_93.graph
2025-03-04 00:55:31,166 - DEBUG - query_dense_4_93.graph 标准输出:
Loading data graph...
Loading query graph...
Enumerating...
#Matches: 129
#Recursive calls: 13
Total time: 0.030324 ms
Search time: 0.003901 ms

2025-03-04 00:55:31,166 - INFO - 成功处理: query_dense_4_93.graph - 时间: 0.03ms 匹配数: 129
2025-03-04 00:55:31,166 - INFO - 开始处理: query_dense_4_94.graph
2025-03-04 00:55:31,201 - DEBUG - query_dense_4_94.graph 标准输出:
Loading data graph...
Loading query graph...
Enumerating...
#Matches: 1316418
#Recursive calls: 15784
Total time: 17.4308 ms
Search time: 17.1581 ms

2025-03-04 00:55:31,201 - INFO - 成功处理: query_dense_4_94.graph - 时间: 17.43ms 匹配数: 1316418
2025-03-04 00:55:31,201 - INFO - 开始处理: query_dense_4_95.graph
2025-03-04 00:55:31,245 - DEBUG - query_dense_4_95.graph 标准输出:
Loading data graph...
Loading query graph...
Enumerating...
#Matches: 2378718
#Recursive calls: 43895
Total time: 24.9188 ms
Search time: 24.6802 ms

2025-03-04 00:55:31,245 - INFO - 成功处理: query_dense_4_95.graph - 时间: 24.92ms 匹配数: 2378718
2025-03-04 00:55:31,245 - INFO - 开始处理: query_dense_4_96.graph
2025-03-04 00:55:31,289 - DEBUG - query_dense_4_96.graph 标准输出:
Loading data graph...
Loading query graph...
Enumerating...
#Matches: 2297596
#Recursive calls: 40016
Total time: 29.0999 ms
Search time: 28.9179 ms

2025-03-04 00:55:31,289 - INFO - 成功处理: query_dense_4_96.graph - 时间: 29.10ms 匹配数: 2297596
2025-03-04 00:55:31,289 - INFO - 开始处理: query_dense_4_97.graph
2025-03-04 00:55:31,373 - DEBUG - query_dense_4_97.graph 标准输出:
Loading data graph...
Loading query graph...
Enumerating...
#Matches: 5862948
#Recursive calls: 101368
Total time: 67.7532 ms
Search time: 67.5102 ms

2025-03-04 00:55:31,374 - INFO - 成功处理: query_dense_4_97.graph - 时间: 67.75ms 匹配数: 5862948
2025-03-04 00:55:31,374 - INFO - 开始处理: query_dense_4_98.graph
2025-03-04 00:55:31,410 - DEBUG - query_dense_4_98.graph 标准输出:
Loading data graph...
Loading query graph...
Enumerating...
#Matches: 1952660
#Recursive calls: 28993
Total time: 23.317 ms
Search time: 23.0915 ms

2025-03-04 00:55:31,410 - INFO - 成功处理: query_dense_4_98.graph - 时间: 23.32ms 匹配数: 1952660
2025-03-04 00:55:31,410 - INFO - 开始处理: query_dense_4_99.graph
2025-03-04 00:55:31,428 - DEBUG - query_dense_4_99.graph 标准输出:
Loading data graph...
Loading query graph...
Enumerating...
#Matches: 339886
#Recursive calls: 1089
Total time: 0.94504 ms
Search time: 0.761036 ms

2025-03-04 00:55:31,428 - INFO - 成功处理: query_dense_4_99.graph - 时间: 0.95ms 匹配数: 339886
2025-03-04 00:55:31,428 - INFO - 开始处理: query_dense_4_100.graph
2025-03-04 00:55:31,628 - DEBUG - query_dense_4_100.graph 标准输出:
Loading data graph...
Loading query graph...
Enumerating...
#Matches: 11382648
#Recursive calls: 244784
Total time: 183.707 ms
Search time: 183.309 ms

2025-03-04 00:55:31,628 - INFO - 成功处理: query_dense_4_100.graph - 时间: 183.71ms 匹配数: 11382648
2025-03-04 00:55:31,629 - INFO - 开始处理: query_dense_4_101.graph
2025-03-04 00:55:31,654 - DEBUG - query_dense_4_101.graph 标准输出:
Loading data graph...
Loading query graph...
Enumerating...
#Matches: 662552
#Recursive calls: 18620
Total time: 8.17404 ms
Search time: 8.00985 ms

2025-03-04 00:55:31,654 - INFO - 成功处理: query_dense_4_101.graph - 时间: 8.17ms 匹配数: 662552
2025-03-04 00:55:31,654 - INFO - 开始处理: query_dense_4_102.graph
2025-03-04 00:55:31,678 - DEBUG - query_dense_4_102.graph 标准输出:
Loading data graph...
Loading query graph...
Enumerating...
#Matches: 1202024
#Recursive calls: 19944
Total time: 10.3156 ms
Search time: 10.2017 ms

2025-03-04 00:55:31,678 - INFO - 成功处理: query_dense_4_102.graph - 时间: 10.32ms 匹配数: 1202024
2025-03-04 00:55:31,679 - INFO - 开始处理: query_dense_4_103.graph
2025-03-04 00:55:31,713 - DEBUG - query_dense_4_103.graph 标准输出:
Loading data graph...
Loading query graph...
Enumerating...
#Matches: 1653696
#Recursive calls: 35827
Total time: 20.0612 ms
Search time: 19.6544 ms

2025-03-04 00:55:31,713 - INFO - 成功处理: query_dense_4_103.graph - 时间: 20.06ms 匹配数: 1653696
2025-03-04 00:55:31,713 - INFO - 开始处理: query_dense_4_104.graph
2025-03-04 00:55:31,731 - DEBUG - query_dense_4_104.graph 标准输出:
Loading data graph...
Loading query graph...
Enumerating...
#Matches: 149150
#Recursive calls: 2346
Total time: 1.94106 ms
Search time: 1.80859 ms

2025-03-04 00:55:31,731 - INFO - 成功处理: query_dense_4_104.graph - 时间: 1.94ms 匹配数: 149150
2025-03-04 00:55:31,731 - INFO - 开始处理: query_dense_4_105.graph
2025-03-04 00:55:32,084 - DEBUG - query_dense_4_105.graph 标准输出:
Loading data graph...
Loading query graph...
Enumerating...
#Matches: 29526264
#Recursive calls: 484418
Total time: 336.661 ms
Search time: 336.002 ms

2025-03-04 00:55:32,084 - INFO - 成功处理: query_dense_4_105.graph - 时间: 336.66ms 匹配数: 29526264
2025-03-04 00:55:32,084 - INFO - 开始处理: query_dense_4_106.graph
2025-03-04 00:55:32,107 - DEBUG - query_dense_4_106.graph 标准输出:
Loading data graph...
Loading query graph...
Enumerating...
#Matches: 1056980
#Recursive calls: 14973
Total time: 10.8314 ms
Search time: 10.6259 ms

2025-03-04 00:55:32,107 - INFO - 成功处理: query_dense_4_106.graph - 时间: 10.83ms 匹配数: 1056980
2025-03-04 00:55:32,107 - INFO - 开始处理: query_dense_4_107.graph
2025-03-04 00:55:32,496 - DEBUG - query_dense_4_107.graph 标准输出:
Loading data graph...
Loading query graph...
Enumerating...
#Matches: 37011858
#Recursive calls: 487591
Total time: 374.164 ms
Search time: 373.662 ms

2025-03-04 00:55:32,496 - INFO - 成功处理: query_dense_4_107.graph - 时间: 374.16ms 匹配数: 37011858
2025-03-04 00:55:32,496 - INFO - 开始处理: query_dense_4_108.graph
2025-03-04 00:55:32,610 - DEBUG - query_dense_4_108.graph 标准输出:
Loading data graph...
Loading query graph...
Enumerating...
#Matches: 8804922
#Recursive calls: 120492
Total time: 97.7345 ms
Search time: 97.3213 ms

2025-03-04 00:55:32,610 - INFO - 成功处理: query_dense_4_108.graph - 时间: 97.73ms 匹配数: 8804922
2025-03-04 00:55:32,610 - INFO - 开始处理: query_dense_4_109.graph
2025-03-04 00:55:32,997 - DEBUG - query_dense_4_109.graph 标准输出:
Loading data graph...
Loading query graph...
Enumerating...
#Matches: 37011858
#Recursive calls: 487591
Total time: 373.838 ms
Search time: 373.306 ms

2025-03-04 00:55:32,997 - INFO - 成功处理: query_dense_4_109.graph - 时间: 373.84ms 匹配数: 37011858
2025-03-04 00:55:32,997 - INFO - 开始处理: query_dense_4_110.graph
2025-03-04 00:55:33,037 - DEBUG - query_dense_4_110.graph 标准输出:
Loading data graph...
Loading query graph...
Enumerating...
#Matches: 2297596
#Recursive calls: 40016
Total time: 27.9261 ms
Search time: 27.7748 ms

2025-03-04 00:55:33,037 - INFO - 成功处理: query_dense_4_110.graph - 时间: 27.93ms 匹配数: 2297596
2025-03-04 00:55:33,037 - INFO - 开始处理: query_dense_4_111.graph
2025-03-04 00:55:33,054 - DEBUG - query_dense_4_111.graph 标准输出:
Loading data graph...
Loading query graph...
Enumerating...
#Matches: 60200
#Recursive calls: 965
Total time: 0.603886 ms
Search time: 0.529632 ms

2025-03-04 00:55:33,054 - INFO - 成功处理: query_dense_4_111.graph - 时间: 0.60ms 匹配数: 60200
2025-03-04 00:55:33,054 - INFO - 开始处理: query_dense_4_112.graph
2025-03-04 00:55:33,068 - DEBUG - query_dense_4_112.graph 标准输出:
Loading data graph...
Loading query graph...
Enumerating...
#Matches: 122550
#Recursive calls: 1501
Total time: 1.16077 ms
Search time: 1.07511 ms

2025-03-04 00:55:33,069 - INFO - 成功处理: query_dense_4_112.graph - 时间: 1.16ms 匹配数: 122550
2025-03-04 00:55:33,069 - INFO - 开始处理: query_dense_4_113.graph
2025-03-04 00:55:33,085 - DEBUG - query_dense_4_113.graph 标准输出:
Loading data graph...
Loading query graph...
Enumerating...
#Matches: 412457
#Recursive calls: 5752
Total time: 4.80616 ms
Search time: 4.67558 ms

2025-03-04 00:55:33,085 - INFO - 成功处理: query_dense_4_113.graph - 时间: 4.81ms 匹配数: 412457
2025-03-04 00:55:33,085 - INFO - 开始处理: query_dense_4_114.graph
2025-03-04 00:55:33,257 - DEBUG - query_dense_4_114.graph 标准输出:
Loading data graph...
Loading query graph...
Enumerating...
#Matches: 15933640
#Recursive calls: 207523
Total time: 159.843 ms
Search time: 159.404 ms

2025-03-04 00:55:33,257 - INFO - 成功处理: query_dense_4_114.graph - 时间: 159.84ms 匹配数: 15933640
2025-03-04 00:55:33,257 - INFO - 开始处理: query_dense_4_115.graph
2025-03-04 00:55:33,270 - DEBUG - query_dense_4_115.graph 标准输出:
Loading data graph...
Loading query graph...
Enumerating...
#Matches: 26644
#Recursive calls: 323
Total time: 0.315969 ms
Search time: 0.259184 ms

2025-03-04 00:55:33,270 - INFO - 成功处理: query_dense_4_115.graph - 时间: 0.32ms 匹配数: 26644
2025-03-04 00:55:33,270 - INFO - 开始处理: query_dense_4_116.graph
2025-03-04 00:55:34,158 - DEBUG - query_dense_4_116.graph 标准输出:
Loading data graph...
Loading query graph...
Enumerating...
#Matches: 83334264
#Recursive calls: 1122121
Total time: 874.004 ms
Search time: 872.78 ms

2025-03-04 00:55:34,158 - INFO - 成功处理: query_dense_4_116.graph - 时间: 874.00ms 匹配数: 83334264
2025-03-04 00:55:34,159 - INFO - 开始处理: query_dense_4_117.graph
2025-03-04 00:55:34,188 - DEBUG - query_dense_4_117.graph 标准输出:
Loading data graph...
Loading query graph...
Enumerating...
#Matches: 1653696
#Recursive calls: 35827
Total time: 18.0618 ms
Search time: 17.895 ms

2025-03-04 00:55:34,189 - INFO - 成功处理: query_dense_4_117.graph - 时间: 18.06ms 匹配数: 1653696
2025-03-04 00:55:34,189 - INFO - 开始处理: query_dense_4_118.graph
2025-03-04 00:55:34,250 - DEBUG - query_dense_4_118.graph 标准输出:
Loading data graph...
Loading query graph...
Enumerating...
#Matches: 6026368
#Recursive calls: 56048
Total time: 47.6465 ms
Search time: 47.5164 ms

2025-03-04 00:55:34,250 - INFO - 成功处理: query_dense_4_118.graph - 时间: 47.65ms 匹配数: 6026368
2025-03-04 00:55:34,250 - INFO - 开始处理: query_dense_4_119.graph
2025-03-04 00:55:34,375 - DEBUG - query_dense_4_119.graph 标准输出:
Loading data graph...
Loading query graph...
Enumerating...
#Matches: 106525444
#Recursive calls: 17720
Total time: 112.796 ms
Search time: 112.2 ms

2025-03-04 00:55:34,375 - INFO - 成功处理: query_dense_4_119.graph - 时间: 112.80ms 匹配数: 106525444
2025-03-04 00:55:34,375 - INFO - 开始处理: query_dense_4_120.graph
2025-03-04 00:55:34,387 - DEBUG - query_dense_4_120.graph 标准输出:
Loading data graph...
Loading query graph...
Enumerating...
#Matches: 278052
#Recursive calls: 305
Total time: 0.709587 ms
Search time: 0.602978 ms

2025-03-04 00:55:34,387 - INFO - 成功处理: query_dense_4_120.graph - 时间: 0.71ms 匹配数: 278052
2025-03-04 00:55:34,387 - INFO - 开始处理: query_dense_4_121.graph
2025-03-04 00:55:34,476 - DEBUG - query_dense_4_121.graph 标准输出:
Loading data graph...
Loading query graph...
Enumerating...
#Matches: 8029806
#Recursive calls: 107259
Total time: 78.087 ms
Search time: 77.6846 ms

2025-03-04 00:55:34,476 - INFO - 成功处理: query_dense_4_121.graph - 时间: 78.09ms 匹配数: 8029806
2025-03-04 00:55:34,476 - INFO - 开始处理: query_dense_4_122.graph
2025-03-04 00:55:34,491 - DEBUG - query_dense_4_122.graph 标准输出:
Loading data graph...
Loading query graph...
Enumerating...
#Matches: 649382
#Recursive calls: 930
Total time: 3.13903 ms
Search time: 3.00711 ms

2025-03-04 00:55:34,492 - INFO - 成功处理: query_dense_4_122.graph - 时间: 3.14ms 匹配数: 649382
2025-03-04 00:55:34,492 - INFO - 开始处理: query_dense_4_123.graph
2025-03-04 00:55:34,574 - DEBUG - query_dense_4_123.graph 标准输出:
Loading data graph...
Loading query graph...
Enumerating...
#Matches: 5862948
#Recursive calls: 101368
Total time: 67.2148 ms
Search time: 67.0036 ms

2025-03-04 00:55:34,575 - INFO - 成功处理: query_dense_4_123.graph - 时间: 67.21ms 匹配数: 5862948
2025-03-04 00:55:34,576 - INFO - 开始处理: query_dense_4_124.graph
2025-03-04 00:55:34,772 - DEBUG - query_dense_4_124.graph 标准输出:
Loading data graph...
Loading query graph...
Enumerating...
#Matches: 15933640
#Recursive calls: 207517
Total time: 169.953 ms
Search time: 169.45 ms

2025-03-04 00:55:34,773 - INFO - 成功处理: query_dense_4_124.graph - 时间: 169.95ms 匹配数: 15933640
2025-03-04 00:55:34,773 - INFO - 开始处理: query_dense_4_125.graph
2025-03-04 00:55:34,836 - DEBUG - query_dense_4_125.graph 标准输出:
Loading data graph...
Loading query graph...
Enumerating...
#Matches: 3579108
#Recursive calls: 47216
Total time: 45.6983 ms
Search time: 44.4027 ms

2025-03-04 00:55:34,836 - INFO - 成功处理: query_dense_4_125.graph - 时间: 45.70ms 匹配数: 3579108
2025-03-04 00:55:34,836 - INFO - 开始处理: query_dense_4_126.graph
2025-03-04 00:55:34,850 - DEBUG - query_dense_4_126.graph 标准输出:
Loading data graph...
Loading query graph...
Enumerating...
#Matches: 426385
#Recursive calls: 157
Total time: 0.481786 ms
Search time: 0.43161 ms

2025-03-04 00:55:34,850 - INFO - 成功处理: query_dense_4_126.graph - 时间: 0.48ms 匹配数: 426385
2025-03-04 00:55:34,850 - INFO - 开始处理: query_dense_4_127.graph
2025-03-04 00:55:35,033 - DEBUG - query_dense_4_127.graph 标准输出:
Loading data graph...
Loading query graph...
Enumerating...
#Matches: 15933640
#Recursive calls: 207517
Total time: 168.521 ms
Search time: 167.803 ms

2025-03-04 00:55:35,033 - INFO - 成功处理: query_dense_4_127.graph - 时间: 168.52ms 匹配数: 15933640
2025-03-04 00:55:35,033 - INFO - 开始处理: query_dense_4_128.graph
2025-03-04 00:55:35,046 - DEBUG - query_dense_4_128.graph 标准输出:
Loading data graph...
Loading query graph...
Enumerating...
#Matches: 3996
#Recursive calls: 372
Total time: 0.076907 ms
Search time: 0.048413 ms

2025-03-04 00:55:35,046 - INFO - 成功处理: query_dense_4_128.graph - 时间: 0.08ms 匹配数: 3996
2025-03-04 00:55:35,046 - INFO - 开始处理: query_dense_4_129.graph
2025-03-04 00:55:35,230 - DEBUG - query_dense_4_129.graph 标准输出:
Loading data graph...
Loading query graph...
Enumerating...
#Matches: 14712360
#Recursive calls: 274956
Total time: 171.187 ms
Search time: 170.449 ms

2025-03-04 00:55:35,230 - INFO - 成功处理: query_dense_4_129.graph - 时间: 171.19ms 匹配数: 14712360
2025-03-04 00:55:35,230 - INFO - 开始处理: query_dense_4_130.graph
2025-03-04 00:55:35,305 - DEBUG - query_dense_4_130.graph 标准输出:
Loading data graph...
Loading query graph...
Enumerating...
#Matches: 5862948
#Recursive calls: 101368
Total time: 61.2213 ms
Search time: 61.0055 ms

2025-03-04 00:55:35,305 - INFO - 成功处理: query_dense_4_130.graph - 时间: 61.22ms 匹配数: 5862948
2025-03-04 00:55:35,305 - INFO - 开始处理: query_dense_4_131.graph
2025-03-04 00:55:35,698 - DEBUG - query_dense_4_131.graph 标准输出:
Loading data graph...
Loading query graph...
Enumerating...
#Matches: 37011858
#Recursive calls: 487591
Total time: 377.149 ms
Search time: 376.441 ms

2025-03-04 00:55:35,699 - INFO - 成功处理: query_dense_4_131.graph - 时间: 377.15ms 匹配数: 37011858
2025-03-04 00:55:35,699 - INFO - 开始处理: query_dense_4_132.graph
2025-03-04 00:55:36,590 - DEBUG - query_dense_4_132.graph 标准输出:
Loading data graph...
Loading query graph...
Enumerating...
#Matches: 83334264
#Recursive calls: 1122121
Total time: 876.22 ms
Search time: 875.017 ms

2025-03-04 00:55:36,590 - INFO - 成功处理: query_dense_4_132.graph - 时间: 876.22ms 匹配数: 83334264
2025-03-04 00:55:36,590 - INFO - 开始处理: query_dense_4_133.graph
2025-03-04 00:55:36,665 - DEBUG - query_dense_4_133.graph 标准输出:
Loading data graph...
Loading query graph...
Enumerating...
#Matches: 6147120
#Recursive calls: 117456
Total time: 61.1353 ms
Search time: 60.9495 ms

2025-03-04 00:55:36,665 - INFO - 成功处理: query_dense_4_133.graph - 时间: 61.14ms 匹配数: 6147120
2025-03-04 00:55:36,665 - INFO - 开始处理: query_dense_4_134.graph
2025-03-04 00:55:37,009 - DEBUG - query_dense_4_134.graph 标准输出:
Loading data graph...
Loading query graph...
Enumerating...
#Matches: 33121220
#Recursive calls: 484553
Total time: 326.275 ms
Search time: 325.882 ms

2025-03-04 00:55:37,009 - INFO - 成功处理: query_dense_4_134.graph - 时间: 326.27ms 匹配数: 33121220
2025-03-04 00:55:37,009 - INFO - 开始处理: query_dense_4_135.graph
2025-03-04 00:55:37,024 - DEBUG - query_dense_4_135.graph 标准输出:
Loading data graph...
Loading query graph...
Enumerating...
#Matches: 178632
#Recursive calls: 8824
Total time: 2.06465 ms
Search time: 2.00809 ms

2025-03-04 00:55:37,024 - INFO - 成功处理: query_dense_4_135.graph - 时间: 2.06ms 匹配数: 178632
2025-03-04 00:55:37,024 - INFO - 开始处理: query_dense_4_136.graph
2025-03-04 00:55:37,174 - DEBUG - query_dense_4_136.graph 标准输出:
Loading data graph...
Loading query graph...
Enumerating...
#Matches: 10752024
#Recursive calls: 143609
Total time: 115.152 ms
Search time: 114.547 ms

2025-03-04 00:55:37,174 - INFO - 成功处理: query_dense_4_136.graph - 时间: 115.15ms 匹配数: 10752024
2025-03-04 00:55:37,174 - INFO - 开始处理: query_dense_4_137.graph
2025-03-04 00:55:37,288 - DEBUG - query_dense_4_137.graph 标准输出:
Loading data graph...
Loading query graph...
Enumerating...
#Matches: 8804922
#Recursive calls: 120492
Total time: 100.79 ms
Search time: 100.361 ms

2025-03-04 00:55:37,288 - INFO - 成功处理: query_dense_4_137.graph - 时间: 100.79ms 匹配数: 8804922
2025-03-04 00:55:37,289 - INFO - 开始处理: query_dense_4_138.graph
2025-03-04 00:55:37,305 - DEBUG - query_dense_4_138.graph 标准输出:
Loading data graph...
Loading query graph...
Enumerating...
#Matches: 44706
#Recursive calls: 781
Total time: 0.479546 ms
Search time: 0.406379 ms

2025-03-04 00:55:37,305 - INFO - 成功处理: query_dense_4_138.graph - 时间: 0.48ms 匹配数: 44706
2025-03-04 00:55:37,305 - INFO - 开始处理: query_dense_4_139.graph
2025-03-04 00:55:37,347 - DEBUG - query_dense_4_139.graph 标准输出:
Loading data graph...
Loading query graph...
Enumerating...
#Matches: 2297596
#Recursive calls: 40016
Total time: 27.7087 ms
Search time: 27.4872 ms

2025-03-04 00:55:37,347 - INFO - 成功处理: query_dense_4_139.graph - 时间: 27.71ms 匹配数: 2297596
2025-03-04 00:55:37,347 - INFO - 开始处理: query_dense_4_140.graph
2025-03-04 00:55:37,372 - DEBUG - query_dense_4_140.graph 标准输出:
Loading data graph...
Loading query graph...
Enumerating...
#Matches: 636904
#Recursive calls: 5291
Total time: 6.06725 ms
Search time: 5.97908 ms

2025-03-04 00:55:37,372 - INFO - 成功处理: query_dense_4_140.graph - 时间: 6.07ms 匹配数: 636904
2025-03-04 00:55:37,372 - INFO - 开始处理: query_dense_4_141.graph
2025-03-04 00:55:37,387 - DEBUG - query_dense_4_141.graph 标准输出:
Loading data graph...
Loading query graph...
Enumerating...
#Matches: 35868
#Recursive calls: 7
Total time: 0.068181 ms
Search time: 0.036468 ms

2025-03-04 00:55:37,387 - INFO - 成功处理: query_dense_4_141.graph - 时间: 0.07ms 匹配数: 35868
2025-03-04 00:55:37,388 - INFO - 开始处理: query_dense_4_142.graph
2025-03-04 00:55:37,448 - DEBUG - query_dense_4_142.graph 标准输出:
Loading data graph...
Loading query graph...
Enumerating...
#Matches: 3468378
#Recursive calls: 74761
Total time: 45.2423 ms
Search time: 45.0078 ms

2025-03-04 00:55:37,449 - INFO - 成功处理: query_dense_4_142.graph - 时间: 45.24ms 匹配数: 3468378
2025-03-04 00:55:37,449 - INFO - 开始处理: query_dense_4_143.graph
2025-03-04 00:55:37,465 - DEBUG - query_dense_4_143.graph 标准输出:
Loading data graph...
Loading query graph...
Enumerating...
#Matches: 8436
#Recursive calls: 236
Total time: 0.524309 ms
Search time: 0.499345 ms

2025-03-04 00:55:37,465 - INFO - 成功处理: query_dense_4_143.graph - 时间: 0.52ms 匹配数: 8436
2025-03-04 00:55:37,465 - INFO - 开始处理: query_dense_4_144.graph
2025-03-04 00:55:37,545 - DEBUG - query_dense_4_144.graph 标准输出:
Loading data graph...
Loading query graph...
Enumerating...
#Matches: 42554404
#Recursive calls: 6475
Total time: 57.7186 ms
Search time: 57.3745 ms

2025-03-04 00:55:37,546 - INFO - 成功处理: query_dense_4_144.graph - 时间: 57.72ms 匹配数: 42554404
2025-03-04 00:55:37,546 - INFO - 开始处理: query_dense_4_145.graph
2025-03-04 00:55:37,976 - DEBUG - query_dense_4_145.graph 标准输出:
Loading data graph...
Loading query graph...
Enumerating...
#Matches: 37011858
#Recursive calls: 487591
Total time: 414.066 ms
Search time: 413.424 ms

2025-03-04 00:55:37,976 - INFO - 成功处理: query_dense_4_145.graph - 时间: 414.07ms 匹配数: 37011858
2025-03-04 00:55:37,976 - INFO - 开始处理: query_dense_4_146.graph
2025-03-04 00:55:38,000 - DEBUG - query_dense_4_146.graph 标准输出:
Loading data graph...
Loading query graph...
Enumerating...
#Matches: 5853204
#Recursive calls: 1631
Total time: 9.33739 ms
Search time: 9.15198 ms

2025-03-04 00:55:38,001 - INFO - 成功处理: query_dense_4_146.graph - 时间: 9.34ms 匹配数: 5853204
2025-03-04 00:55:38,001 - INFO - 开始处理: query_dense_4_147.graph
2025-03-04 00:55:38,355 - DEBUG - query_dense_4_147.graph 标准输出:
Loading data graph...
Loading query graph...
Enumerating...
#Matches: 29526264
#Recursive calls: 484418
Total time: 340.405 ms
Search time: 339.123 ms

2025-03-04 00:55:38,355 - INFO - 成功处理: query_dense_4_147.graph - 时间: 340.40ms 匹配数: 29526264
2025-03-04 00:55:38,356 - INFO - 开始处理: query_dense_4_148.graph
2025-03-04 00:55:38,368 - DEBUG - query_dense_4_148.graph 标准输出:
Loading data graph...
Loading query graph...
Enumerating...
#Matches: 7281
#Recursive calls: 95
Total time: 0.10034 ms
Search time: 0.061946 ms

2025-03-04 00:55:38,368 - INFO - 成功处理: query_dense_4_148.graph - 时间: 0.10ms 匹配数: 7281
2025-03-04 00:55:38,368 - INFO - 开始处理: query_dense_4_149.graph
2025-03-04 00:55:38,438 - DEBUG - query_dense_4_149.graph 标准输出:
Loading data graph...
Loading query graph...
Enumerating...
#Matches: 4799746
#Recursive calls: 63565
Total time: 51.0682 ms
Search time: 50.4266 ms

2025-03-04 00:55:38,438 - INFO - 成功处理: query_dense_4_149.graph - 时间: 51.07ms 匹配数: 4799746
2025-03-04 00:55:38,438 - INFO - 开始处理: query_dense_4_150.graph
2025-03-04 00:55:38,740 - DEBUG - query_dense_4_150.graph 标准输出:
Loading data graph...
Loading query graph...
Enumerating...
#Matches: 33121220
#Recursive calls: 484577
Total time: 287.631 ms
Search time: 287.128 ms

2025-03-04 00:55:38,740 - INFO - 成功处理: query_dense_4_150.graph - 时间: 287.63ms 匹配数: 33121220
2025-03-04 00:55:38,741 - INFO - 开始处理: query_dense_4_151.graph
2025-03-04 00:55:38,754 - DEBUG - query_dense_4_151.graph 标准输出:
Loading data graph...
Loading query graph...
Enumerating...
#Matches: 65280
#Recursive calls: 134
Total time: 0.610881 ms
Search time: 0.570486 ms

2025-03-04 00:55:38,754 - INFO - 成功处理: query_dense_4_151.graph - 时间: 0.61ms 匹配数: 65280
2025-03-04 00:55:38,754 - INFO - 开始处理: query_dense_4_152.graph
2025-03-04 00:55:38,778 - DEBUG - query_dense_4_152.graph 标准输出:
Loading data graph...
Loading query graph...
Enumerating...
#Matches: 1001054
#Recursive calls: 9299
Total time: 9.51752 ms
Search time: 9.43752 ms

2025-03-04 00:55:38,778 - INFO - 成功处理: query_dense_4_152.graph - 时间: 9.52ms 匹配数: 1001054
2025-03-04 00:55:38,779 - INFO - 开始处理: query_dense_4_153.graph
2025-03-04 00:55:38,951 - DEBUG - query_dense_4_153.graph 标准输出:
Loading data graph...
Loading query graph...
Enumerating...
#Matches: 15933640
#Recursive calls: 207523
Total time: 158.537 ms
Search time: 158.149 ms

2025-03-04 00:55:38,952 - INFO - 成功处理: query_dense_4_153.graph - 时间: 158.54ms 匹配数: 15933640
2025-03-04 00:55:38,952 - INFO - 开始处理: query_dense_4_154.graph
2025-03-04 00:55:39,029 - DEBUG - query_dense_4_154.graph 标准输出:
Loading data graph...
Loading query graph...
Enumerating...
#Matches: 5862948
#Recursive calls: 101368
Total time: 64.6724 ms
Search time: 64.4654 ms

2025-03-04 00:55:39,030 - INFO - 成功处理: query_dense_4_154.graph - 时间: 64.67ms 匹配数: 5862948
2025-03-04 00:55:39,030 - INFO - 开始处理: query_dense_4_155.graph
2025-03-04 00:55:39,919 - DEBUG - query_dense_4_155.graph 标准输出:
Loading data graph...
Loading query graph...
Enumerating...
#Matches: 83334264
#Recursive calls: 1122121
Total time: 873.022 ms
Search time: 871.928 ms

2025-03-04 00:55:39,920 - INFO - 成功处理: query_dense_4_155.graph - 时间: 873.02ms 匹配数: 83334264
2025-03-04 00:55:39,920 - INFO - 开始处理: query_dense_4_156.graph
2025-03-04 00:55:40,063 - DEBUG - query_dense_4_156.graph 标准输出:
Loading data graph...
Loading query graph...
Enumerating...
#Matches: 106525444
#Recursive calls: 17720
Total time: 129.982 ms
Search time: 129.373 ms

2025-03-04 00:55:40,063 - INFO - 成功处理: query_dense_4_156.graph - 时间: 129.98ms 匹配数: 106525444
2025-03-04 00:55:40,063 - INFO - 开始处理: query_dense_4_157.graph
2025-03-04 00:55:40,131 - DEBUG - query_dense_4_157.graph 标准输出:
Loading data graph...
Loading query graph...
Enumerating...
#Matches: 4799746
#Recursive calls: 63561
Total time: 55.0927 ms
Search time: 54.6871 ms

2025-03-04 00:55:40,132 - INFO - 成功处理: query_dense_4_157.graph - 时间: 55.09ms 匹配数: 4799746
2025-03-04 00:55:40,132 - INFO - 开始处理: query_dense_4_158.graph
2025-03-04 00:55:40,150 - DEBUG - query_dense_4_158.graph 标准输出:
Loading data graph...
Loading query graph...
Enumerating...
#Matches: 454022
#Recursive calls: 5728
Total time: 5.27196 ms
Search time: 5.05477 ms

2025-03-04 00:55:40,150 - INFO - 成功处理: query_dense_4_158.graph - 时间: 5.27ms 匹配数: 454022
2025-03-04 00:55:40,150 - INFO - 开始处理: query_dense_4_159.graph
2025-03-04 00:55:40,172 - DEBUG - query_dense_4_159.graph 标准输出:
Loading data graph...
Loading query graph...
Enumerating...
#Matches: 1582994
#Recursive calls: 184
Total time: 2.10215 ms
Search time: 1.86585 ms

2025-03-04 00:55:40,172 - INFO - 成功处理: query_dense_4_159.graph - 时间: 2.10ms 匹配数: 1582994
2025-03-04 00:55:40,172 - INFO - 开始处理: query_dense_4_160.graph
2025-03-04 00:55:40,574 - DEBUG - query_dense_4_160.graph 标准输出:
Loading data graph...
Loading query graph...
Enumerating...
#Matches: 37011858
#Recursive calls: 487591
Total time: 387.62 ms
Search time: 386.724 ms

2025-03-04 00:55:40,574 - INFO - 成功处理: query_dense_4_160.graph - 时间: 387.62ms 匹配数: 37011858
2025-03-04 00:55:40,574 - INFO - 开始处理: query_dense_4_161.graph
2025-03-04 00:55:40,632 - DEBUG - query_dense_4_161.graph 标准输出:
Loading data graph...
Loading query graph...
Enumerating...
#Matches: 3468378
#Recursive calls: 74761
Total time: 42.7545 ms
Search time: 42.5696 ms

2025-03-04 00:55:40,632 - INFO - 成功处理: query_dense_4_161.graph - 时间: 42.75ms 匹配数: 3468378
2025-03-04 00:55:40,633 - INFO - 开始处理: query_dense_4_162.graph
2025-03-04 00:55:40,645 - DEBUG - query_dense_4_162.graph 标准输出:
Loading data graph...
Loading query graph...
Enumerating...
#Matches: 66023
#Recursive calls: 25
Total time: 0.10756 ms
Search time: 0.031012 ms

2025-03-04 00:55:40,645 - INFO - 成功处理: query_dense_4_162.graph - 时间: 0.11ms 匹配数: 66023
2025-03-04 00:55:40,645 - INFO - 开始处理: query_dense_4_163.graph
2025-03-04 00:55:40,659 - DEBUG - query_dense_4_163.graph 标准输出:
Loading data graph...
Loading query graph...
Enumerating...
#Matches: 223068
#Recursive calls: 5024
Total time: 2.28596 ms
Search time: 2.19691 ms

2025-03-04 00:55:40,660 - INFO - 成功处理: query_dense_4_163.graph - 时间: 2.29ms 匹配数: 223068
2025-03-04 00:55:40,660 - INFO - 开始处理: query_dense_4_164.graph
2025-03-04 00:55:40,677 - DEBUG - query_dense_4_164.graph 标准输出:
Loading data graph...
Loading query graph...
Enumerating...
#Matches: 253518
#Recursive calls: 10319
Total time: 3.33722 ms
Search time: 3.21808 ms

2025-03-04 00:55:40,678 - INFO - 成功处理: query_dense_4_164.graph - 时间: 3.34ms 匹配数: 253518
2025-03-04 00:55:40,678 - INFO - 开始处理: query_dense_4_165.graph
2025-03-04 00:55:40,881 - DEBUG - query_dense_4_165.graph 标准输出:
Loading data graph...
Loading query graph...
Enumerating...
#Matches: 15933640
#Recursive calls: 207523
Total time: 187.338 ms
Search time: 186.778 ms

2025-03-04 00:55:40,881 - INFO - 成功处理: query_dense_4_165.graph - 时间: 187.34ms 匹配数: 15933640
2025-03-04 00:55:40,881 - INFO - 开始处理: query_dense_4_166.graph
2025-03-04 00:55:40,944 - DEBUG - query_dense_4_166.graph 标准输出:
Loading data graph...
Loading query graph...
Enumerating...
#Matches: 4799746
#Recursive calls: 63565
Total time: 50.4274 ms
Search time: 50.05 ms

2025-03-04 00:55:40,944 - INFO - 成功处理: query_dense_4_166.graph - 时间: 50.43ms 匹配数: 4799746
2025-03-04 00:55:40,944 - INFO - 开始处理: query_dense_4_167.graph
2025-03-04 00:55:40,978 - DEBUG - query_dense_4_167.graph 标准输出:
Loading data graph...
Loading query graph...
Enumerating...
#Matches: 18336919
#Recursive calls: 2791
Total time: 20.9086 ms
Search time: 20.6913 ms

2025-03-04 00:55:40,978 - INFO - 成功处理: query_dense_4_167.graph - 时间: 20.91ms 匹配数: 18336919
2025-03-04 00:55:40,978 - INFO - 开始处理: query_dense_4_168.graph
2025-03-04 00:55:40,992 - DEBUG - query_dense_4_168.graph 标准输出:
Loading data graph...
Loading query graph...
Enumerating...
#Matches: 74796
#Recursive calls: 1322
Total time: 0.921491 ms
Search time: 0.818803 ms

2025-03-04 00:55:40,992 - INFO - 成功处理: query_dense_4_168.graph - 时间: 0.92ms 匹配数: 74796
2025-03-04 00:55:40,993 - INFO - 开始处理: query_dense_4_169.graph
2025-03-04 00:55:41,016 - DEBUG - query_dense_4_169.graph 标准输出:
Loading data graph...
Loading query graph...
Enumerating...
#Matches: 695532
#Recursive calls: 18736
Total time: 9.02597 ms
Search time: 8.93396 ms

2025-03-04 00:55:41,016 - INFO - 成功处理: query_dense_4_169.graph - 时间: 9.03ms 匹配数: 695532
2025-03-04 00:55:41,016 - INFO - 开始处理: query_dense_4_170.graph
2025-03-04 00:55:41,105 - DEBUG - query_dense_4_170.graph 标准输出:
Loading data graph...
Loading query graph...
Enumerating...
#Matches: 5862948
#Recursive calls: 101368
Total time: 74.4393 ms
Search time: 73.8883 ms

2025-03-04 00:55:41,105 - INFO - 成功处理: query_dense_4_170.graph - 时间: 74.44ms 匹配数: 5862948
2025-03-04 00:55:41,105 - INFO - 开始处理: query_dense_4_171.graph
2025-03-04 00:55:41,278 - DEBUG - query_dense_4_171.graph 标准输出:
Loading data graph...
Loading query graph...
Enumerating...
#Matches: 15933640
#Recursive calls: 207517
Total time: 158.708 ms
Search time: 158.324 ms

2025-03-04 00:55:41,278 - INFO - 成功处理: query_dense_4_171.graph - 时间: 158.71ms 匹配数: 15933640
2025-03-04 00:55:41,278 - INFO - 开始处理: query_dense_4_172.graph
2025-03-04 00:55:41,368 - DEBUG - query_dense_4_172.graph 标准输出:
Loading data graph...
Loading query graph...
Enumerating...
#Matches: 5862948
#Recursive calls: 101368
Total time: 75.6823 ms
Search time: 75.4881 ms

2025-03-04 00:55:41,368 - INFO - 成功处理: query_dense_4_172.graph - 时间: 75.68ms 匹配数: 5862948
2025-03-04 00:55:41,368 - INFO - 开始处理: query_dense_4_173.graph
2025-03-04 00:55:41,544 - DEBUG - query_dense_4_173.graph 标准输出:
Loading data graph...
Loading query graph...
Enumerating...
#Matches: 14712360
#Recursive calls: 274956
Total time: 160.349 ms
Search time: 158.466 ms

2025-03-04 00:55:41,544 - INFO - 成功处理: query_dense_4_173.graph - 时间: 160.35ms 匹配数: 14712360
2025-03-04 00:55:41,544 - INFO - 开始处理: query_dense_4_174.graph
2025-03-04 00:55:41,611 - DEBUG - query_dense_4_174.graph 标准输出:
Loading data graph...
Loading query graph...
Enumerating...
#Matches: 4799746
#Recursive calls: 63561
Total time: 49.0414 ms
Search time: 48.7376 ms

2025-03-04 00:55:41,611 - INFO - 成功处理: query_dense_4_174.graph - 时间: 49.04ms 匹配数: 4799746
2025-03-04 00:55:41,611 - INFO - 开始处理: query_dense_4_175.graph
2025-03-04 00:55:42,500 - DEBUG - query_dense_4_175.graph 标准输出:
Loading data graph...
Loading query graph...
Enumerating...
#Matches: 83334264
#Recursive calls: 1122121
Total time: 871.315 ms
Search time: 870.162 ms

2025-03-04 00:55:42,500 - INFO - 成功处理: query_dense_4_175.graph - 时间: 871.32ms 匹配数: 83334264
2025-03-04 00:55:42,501 - INFO - 开始处理: query_dense_4_176.graph
2025-03-04 00:55:42,514 - DEBUG - query_dense_4_176.graph 标准输出:
Loading data graph...
Loading query graph...
Enumerating...
#Matches: 148326
#Recursive calls: 2776
Total time: 1.48748 ms
Search time: 1.35428 ms

2025-03-04 00:55:42,514 - INFO - 成功处理: query_dense_4_176.graph - 时间: 1.49ms 匹配数: 148326
2025-03-04 00:55:42,514 - INFO - 开始处理: query_dense_4_177.graph
2025-03-04 00:55:42,896 - DEBUG - query_dense_4_177.graph 标准输出:
Loading data graph...
Loading query graph...
Enumerating...
#Matches: 37011858
#Recursive calls: 487591
Total time: 371.21 ms
Search time: 370.699 ms

2025-03-04 00:55:42,896 - INFO - 成功处理: query_dense_4_177.graph - 时间: 371.21ms 匹配数: 37011858
2025-03-04 00:55:42,896 - INFO - 开始处理: query_dense_4_178.graph
2025-03-04 00:55:43,069 - DEBUG - query_dense_4_178.graph 标准输出:
Loading data graph...
Loading query graph...
Enumerating...
#Matches: 15933640
#Recursive calls: 207517
Total time: 159.497 ms
Search time: 159.028 ms

2025-03-04 00:55:43,069 - INFO - 成功处理: query_dense_4_178.graph - 时间: 159.50ms 匹配数: 15933640
2025-03-04 00:55:43,069 - INFO - 开始处理: query_dense_4_179.graph
2025-03-04 00:55:43,125 - DEBUG - query_dense_4_179.graph 标准输出:
Loading data graph...
Loading query graph...
Enumerating...
#Matches: 3468378
#Recursive calls: 74761
Total time: 40.6144 ms
Search time: 39.5913 ms

2025-03-04 00:55:43,125 - INFO - 成功处理: query_dense_4_179.graph - 时间: 40.61ms 匹配数: 3468378
2025-03-04 00:55:43,125 - INFO - 开始处理: query_dense_4_180.graph
2025-03-04 00:55:43,164 - DEBUG - query_dense_4_180.graph 标准输出:
Loading data graph...
Loading query graph...
Enumerating...
#Matches: 2114562
#Recursive calls: 43851
Total time: 25.9458 ms
Search time: 25.7683 ms

2025-03-04 00:55:43,164 - INFO - 成功处理: query_dense_4_180.graph - 时间: 25.95ms 匹配数: 2114562
2025-03-04 00:55:43,164 - INFO - 开始处理: query_dense_4_181.graph
2025-03-04 00:55:43,179 - DEBUG - query_dense_4_181.graph 标准输出:
Loading data graph...
Loading query graph...
Enumerating...
#Matches: 19092
#Recursive calls: 225
Total time: 0.374857 ms
Search time: 0.269742 ms

2025-03-04 00:55:43,179 - INFO - 成功处理: query_dense_4_181.graph - 时间: 0.37ms 匹配数: 19092
2025-03-04 00:55:43,180 - INFO - 开始处理: query_dense_4_182.graph
2025-03-04 00:55:43,206 - DEBUG - query_dense_4_182.graph 标准输出:
Loading data graph...
Loading query graph...
Enumerating...
#Matches: 297888
#Recursive calls: 5159
Total time: 11.4065 ms
Search time: 11.3596 ms

2025-03-04 00:55:43,206 - INFO - 成功处理: query_dense_4_182.graph - 时间: 11.41ms 匹配数: 297888
2025-03-04 00:55:43,206 - INFO - 开始处理: query_dense_4_183.graph
2025-03-04 00:55:43,221 - DEBUG - query_dense_4_183.graph 标准输出:
Loading data graph...
Loading query graph...
Enumerating...
#Matches: 17682
#Recursive calls: 8
Total time: 0.03846 ms
Search time: 0.006755 ms

2025-03-04 00:55:43,221 - INFO - 成功处理: query_dense_4_183.graph - 时间: 0.04ms 匹配数: 17682
2025-03-04 00:55:43,221 - INFO - 开始处理: query_dense_4_184.graph
2025-03-04 00:55:43,273 - DEBUG - query_dense_4_184.graph 标准输出:
Loading data graph...
Loading query graph...
Enumerating...
#Matches: 2237328
#Recursive calls: 80813
Total time: 31.5393 ms
Search time: 31.3593 ms

2025-03-04 00:55:43,273 - INFO - 成功处理: query_dense_4_184.graph - 时间: 31.54ms 匹配数: 2237328
2025-03-04 00:55:43,274 - INFO - 开始处理: query_dense_4_185.graph
2025-03-04 00:55:43,407 - DEBUG - query_dense_4_185.graph 标准输出:
Loading data graph...
Loading query graph...
Enumerating...
#Matches: 11738800
#Recursive calls: 244808
Total time: 117.1 ms
Search time: 116.816 ms

2025-03-04 00:55:43,408 - INFO - 成功处理: query_dense_4_185.graph - 时间: 117.10ms 匹配数: 11738800
2025-03-04 00:55:43,408 - INFO - 开始处理: query_dense_4_186.graph
2025-03-04 00:55:43,471 - DEBUG - query_dense_4_186.graph 标准输出:
Loading data graph...
Loading query graph...
Enumerating...
#Matches: 42554404
#Recursive calls: 6475
Total time: 50.7059 ms
Search time: 50.2544 ms

2025-03-04 00:55:43,471 - INFO - 成功处理: query_dense_4_186.graph - 时间: 50.71ms 匹配数: 42554404
2025-03-04 00:55:43,471 - INFO - 开始处理: query_dense_4_187.graph
2025-03-04 00:55:43,499 - DEBUG - query_dense_4_187.graph 标准输出:
Loading data graph...
Loading query graph...
Enumerating...
#Matches: 12830306
#Recursive calls: 1464
Total time: 16.2414 ms
Search time: 16.067 ms

2025-03-04 00:55:43,499 - INFO - 成功处理: query_dense_4_187.graph - 时间: 16.24ms 匹配数: 12830306
2025-03-04 00:55:43,499 - INFO - 开始处理: query_dense_4_188.graph
2025-03-04 00:55:43,574 - DEBUG - query_dense_4_188.graph 标准输出:
Loading data graph...
Loading query graph...
Enumerating...
#Matches: 6026368
#Recursive calls: 56048
Total time: 57.5638 ms
Search time: 57.4172 ms

2025-03-04 00:55:43,574 - INFO - 成功处理: query_dense_4_188.graph - 时间: 57.56ms 匹配数: 6026368
2025-03-04 00:55:43,574 - INFO - 开始处理: query_dense_4_189.graph
2025-03-04 00:55:43,637 - DEBUG - query_dense_4_189.graph 标准输出:
Loading data graph...
Loading query graph...
Enumerating...
#Matches: 3468378
#Recursive calls: 74761
Total time: 48.8246 ms
Search time: 48.6257 ms

2025-03-04 00:55:43,637 - INFO - 成功处理: query_dense_4_189.graph - 时间: 48.82ms 匹配数: 3468378
2025-03-04 00:55:43,637 - INFO - 开始处理: query_dense_4_190.graph
2025-03-04 00:55:43,663 - DEBUG - query_dense_4_190.graph 标准输出:
Loading data graph...
Loading query graph...
Enumerating...
#Matches: 1198116
#Recursive calls: 21836
Total time: 11.0557 ms
Search time: 10.9337 ms

2025-03-04 00:55:43,663 - INFO - 成功处理: query_dense_4_190.graph - 时间: 11.06ms 匹配数: 1198116
2025-03-04 00:55:43,664 - INFO - 开始处理: query_dense_4_191.graph
2025-03-04 00:55:43,687 - DEBUG - query_dense_4_191.graph 标准输出:
Loading data graph...
Loading query graph...
Enumerating...
#Matches: 5184166
#Recursive calls: 1731
Total time: 7.59709 ms
Search time: 7.43518 ms

2025-03-04 00:55:43,688 - INFO - 成功处理: query_dense_4_191.graph - 时间: 7.60ms 匹配数: 5184166
2025-03-04 00:55:43,688 - INFO - 开始处理: query_dense_4_192.graph
2025-03-04 00:55:43,873 - DEBUG - query_dense_4_192.graph 标准输出:
Loading data graph...
Loading query graph...
Enumerating...
#Matches: 15933640
#Recursive calls: 207517
Total time: 170.226 ms
Search time: 169.674 ms

2025-03-04 00:55:43,873 - INFO - 成功处理: query_dense_4_192.graph - 时间: 170.23ms 匹配数: 15933640
2025-03-04 00:55:43,874 - INFO - 开始处理: query_dense_4_193.graph
2025-03-04 00:55:44,211 - DEBUG - query_dense_4_193.graph 标准输出:
Loading data graph...
Loading query graph...
Enumerating...
#Matches: 29526264
#Recursive calls: 484418
Total time: 326.076 ms
Search time: 325.706 ms

2025-03-04 00:55:44,211 - INFO - 成功处理: query_dense_4_193.graph - 时间: 326.08ms 匹配数: 29526264
2025-03-04 00:55:44,212 - INFO - 开始处理: query_dense_4_194.graph
2025-03-04 00:55:44,261 - DEBUG - query_dense_4_194.graph 标准输出:
Loading data graph...
Loading query graph...
Enumerating...
#Matches: 3123566
#Recursive calls: 61515
Total time: 35.3927 ms
Search time: 35.2203 ms

2025-03-04 00:55:44,261 - INFO - 成功处理: query_dense_4_194.graph - 时间: 35.39ms 匹配数: 3123566
2025-03-04 00:55:44,261 - INFO - 开始处理: query_dense_4_195.graph
2025-03-04 00:55:44,283 - DEBUG - query_dense_4_195.graph 标准输出:
Loading data graph...
Loading query graph...
Enumerating...
#Matches: 641736
#Recursive calls: 20634
Total time: 8.08228 ms
Search time: 7.96096 ms

2025-03-04 00:55:44,283 - INFO - 成功处理: query_dense_4_195.graph - 时间: 8.08ms 匹配数: 641736
2025-03-04 00:55:44,283 - INFO - 开始处理: query_dense_4_196.graph
2025-03-04 00:55:44,298 - DEBUG - query_dense_4_196.graph 标准输出:
Loading data graph...
Loading query graph...
Enumerating...
#Matches: 97184
#Recursive calls: 1653
Total time: 1.11927 ms
Search time: 1.03028 ms

2025-03-04 00:55:44,298 - INFO - 成功处理: query_dense_4_196.graph - 时间: 1.12ms 匹配数: 97184
2025-03-04 00:55:44,298 - INFO - 开始处理: query_dense_4_197.graph
2025-03-04 00:55:44,314 - DEBUG - query_dense_4_197.graph 标准输出:
Loading data graph...
Loading query graph...
Enumerating...
#Matches: 126556
#Recursive calls: 1279
Total time: 1.18293 ms
Search time: 1.14131 ms

2025-03-04 00:55:44,314 - INFO - 成功处理: query_dense_4_197.graph - 时间: 1.18ms 匹配数: 126556
2025-03-04 00:55:44,314 - INFO - 开始处理: query_dense_4_198.graph
2025-03-04 00:55:44,743 - DEBUG - query_dense_4_198.graph 标准输出:
Loading data graph...
Loading query graph...
Enumerating...
#Matches: 37011858
#Recursive calls: 487591
Total time: 414.649 ms
Search time: 413.937 ms

2025-03-04 00:55:44,743 - INFO - 成功处理: query_dense_4_198.graph - 时间: 414.65ms 匹配数: 37011858
2025-03-04 00:55:44,743 - INFO - 开始处理: query_dense_4_199.graph
2025-03-04 00:55:44,762 - DEBUG - query_dense_4_199.graph 标准输出:
Loading data graph...
Loading query graph...
Enumerating...
#Matches: 179538
#Recursive calls: 9831
Total time: 3.01938 ms
Search time: 2.93322 ms

2025-03-04 00:55:44,762 - INFO - 成功处理: query_dense_4_199.graph - 时间: 3.02ms 匹配数: 179538
2025-03-04 00:55:44,762 - INFO - 开始处理: query_dense_4_200.graph
2025-03-04 00:55:45,138 - DEBUG - query_dense_4_200.graph 标准输出:
Loading data graph...
Loading query graph...
Enumerating...
#Matches: 37011858
#Recursive calls: 487591
Total time: 361.824 ms
Search time: 361.144 ms

2025-03-04 00:55:45,138 - INFO - 成功处理: query_dense_4_200.graph - 时间: 361.82ms 匹配数: 37011858
2025-03-04 00:55:45,138 - INFO - 处理任务全部完成
