2025-03-01 17:33:21,267 - INFO - 开始处理: query_dense_12_1.graph
2025-03-01 17:33:21,456 - DEBUG - query_dense_12_1.graph 标准输出:
Loading data graph...
Loading query graph...
Enumerating...
#Matches: 33213816
#Recursive calls: 499132
Total time: 176.547 ms
Search time: 176.494 ms

2025-03-01 17:33:21,457 - INFO - 成功处理: query_dense_12_1.graph - 时间: 176.55ms 匹配数: 33213816
2025-03-01 17:33:21,457 - INFO - 开始处理: query_dense_12_2.graph
2025-03-01 17:33:21,485 - DEBUG - query_dense_12_2.graph 标准输出:
Loading data graph...
Loading query graph...
Enumerating...
#Matches: 6083100
#Recursive calls: 6868
Total time: 15.1969 ms
Search time: 15.0971 ms

2025-03-01 17:33:21,485 - INFO - 成功处理: query_dense_12_2.graph - 时间: 15.20ms 匹配数: 6083100
2025-03-01 17:33:21,485 - INFO - 开始处理: query_dense_12_3.graph
