2025-03-01 17:29:56,209 - INFO - 开始处理: query_dense_12_1.graph
2025-03-01 17:29:56,448 - DEBUG - query_dense_12_1.graph 标准输出:
Loading data graph...
Loading query graph...
Enumerating...
#Matches: 33213816
#Recursive calls: 499132
Total time: 225.939 ms
Search time: 225.887 ms

2025-03-01 17:29:56,448 - INFO - 成功处理: query_dense_12_1.graph - 时间: 225.94ms 匹配数: 33213816
2025-03-01 17:29:56,448 - INFO - 开始处理: query_dense_12_2.graph
2025-03-01 17:29:56,515 - DEBUG - query_dense_12_2.graph 标准输出:
Loading data graph...
Loading query graph...
Enumerating...
#Matches: 6083100
#Recursive calls: 6868
Total time: 42.3495 ms
Search time: 42.2377 ms

2025-03-01 17:29:56,515 - INFO - 成功处理: query_dense_12_2.graph - 时间: 42.35ms 匹配数: 6083100
2025-03-01 17:29:56,515 - INFO - 开始处理: query_dense_12_3.graph
