2025-03-04 04:46:28,970 - INFO - 处理条件：类型=dense, 组号=[8], 文件范围=1-200, 输出文件=/home/myran/FaSTest_backup/FaSTest/dataset/dblp/dblp_ans.txt, 写入模式=追加
2025-03-04 04:46:28,973 - INFO - 找到符合条件文件数量：200
2025-03-04 04:46:28,973 - INFO - 开始处理: query_dense_8_1.graph
2025-03-04 04:46:29,665 - DEBUG - query_dense_8_1.graph 标准输出:
Loading data graph...
Loading query graph...
Enumerating...
#Matches: 30031822
#Recursive calls: 4228289
Total time: 417.173 ms
Search time: 388.368 ms

2025-03-04 04:46:29,665 - INFO - 成功处理: query_dense_8_1.graph - 时间: 417.17ms 匹配数: 30031822
2025-03-04 04:46:29,665 - INFO - 开始处理: query_dense_8_2.graph
2025-03-04 04:46:30,027 - DEBUG - query_dense_8_2.graph 标准输出:
Loading data graph...
Loading query graph...
Enumerating...
#Matches: 25062788
#Recursive calls: 256154
Total time: 99.5463 ms
Search time: 95.0507 ms

2025-03-04 04:46:30,027 - INFO - 成功处理: query_dense_8_2.graph - 时间: 99.55ms 匹配数: 25062788
2025-03-04 04:46:30,028 - INFO - 开始处理: query_dense_8_3.graph
2025-03-04 04:46:30,314 - DEBUG - query_dense_8_3.graph 标准输出:
Loading data graph...
Loading query graph...
Enumerating...
#Matches: 2541541
#Recursive calls: 411889
Total time: 38.395 ms
Search time: 33.5704 ms

2025-03-04 04:46:30,314 - INFO - 成功处理: query_dense_8_3.graph - 时间: 38.40ms 匹配数: 2541541
2025-03-04 04:46:30,314 - INFO - 开始处理: query_dense_8_4.graph
2025-03-04 04:46:30,878 - DEBUG - query_dense_8_4.graph 标准输出:
Loading data graph...
Loading query graph...
Enumerating...
#Matches: 23279036
#Recursive calls: 2324832
Total time: 317.624 ms
Search time: 314.436 ms

2025-03-04 04:46:30,878 - INFO - 成功处理: query_dense_8_4.graph - 时间: 317.62ms 匹配数: 23279036
2025-03-04 04:46:30,878 - INFO - 开始处理: query_dense_8_5.graph
2025-03-04 04:46:31,231 - DEBUG - query_dense_8_5.graph 标准输出:
Loading data graph...
Loading query graph...
Enumerating...
#Matches: 5507244
#Recursive calls: 536613
Total time: 98.5532 ms
Search time: 95.5619 ms

2025-03-04 04:46:31,231 - INFO - 成功处理: query_dense_8_5.graph - 时间: 98.55ms 匹配数: 5507244
2025-03-04 04:46:31,231 - INFO - 开始处理: query_dense_8_6.graph
2025-03-04 04:46:31,542 - DEBUG - query_dense_8_6.graph 标准输出:
Loading data graph...
Loading query graph...
Enumerating...
#Matches: 33883735
#Recursive calls: 130374
Total time: 63.5539 ms
Search time: 58.5247 ms

2025-03-04 04:46:31,542 - INFO - 成功处理: query_dense_8_6.graph - 时间: 63.55ms 匹配数: 33883735
2025-03-04 04:46:31,542 - INFO - 开始处理: query_dense_8_7.graph
2025-03-04 04:46:31,831 - DEBUG - query_dense_8_7.graph 标准输出:
Loading data graph...
Loading query graph...
Enumerating...
#Matches: 8416223
#Recursive calls: 119156
Total time: 40.1243 ms
Search time: 36.3006 ms

2025-03-04 04:46:31,832 - INFO - 成功处理: query_dense_8_7.graph - 时间: 40.12ms 匹配数: 8416223
2025-03-04 04:46:31,832 - INFO - 开始处理: query_dense_8_8.graph
2025-03-04 04:46:32,143 - DEBUG - query_dense_8_8.graph 标准输出:
Loading data graph...
Loading query graph...
Enumerating...
#Matches: 15818486
#Recursive calls: 245271
Total time: 67.2132 ms
Search time: 63.9218 ms

2025-03-04 04:46:32,143 - INFO - 成功处理: query_dense_8_8.graph - 时间: 67.21ms 匹配数: 15818486
2025-03-04 04:46:32,143 - INFO - 开始处理: query_dense_8_9.graph
2025-03-04 04:46:32,668 - DEBUG - query_dense_8_9.graph 标准输出:
Loading data graph...
Loading query graph...
Enumerating...
#Matches: 22885343
#Recursive calls: 1941854
Total time: 278.977 ms
Search time: 275.76 ms

2025-03-04 04:46:32,668 - INFO - 成功处理: query_dense_8_9.graph - 时间: 278.98ms 匹配数: 22885343
2025-03-04 04:46:32,668 - INFO - 开始处理: query_dense_8_10.graph
2025-03-04 04:46:33,156 - DEBUG - query_dense_8_10.graph 标准输出:
Loading data graph...
Loading query graph...
Enumerating...
#Matches: 18239042
#Recursive calls: 1587864
Total time: 241.49 ms
Search time: 237.557 ms

2025-03-04 04:46:33,156 - INFO - 成功处理: query_dense_8_10.graph - 时间: 241.49ms 匹配数: 18239042
2025-03-04 04:46:33,156 - INFO - 开始处理: query_dense_8_11.graph
2025-03-04 04:46:33,603 - DEBUG - query_dense_8_11.graph 标准输出:
Loading data graph...
Loading query graph...
Enumerating...
#Matches: 37470858
#Recursive calls: 528384
Total time: 193.586 ms
Search time: 188.627 ms

2025-03-04 04:46:33,603 - INFO - 成功处理: query_dense_8_11.graph - 时间: 193.59ms 匹配数: 37470858
2025-03-04 04:46:33,603 - INFO - 开始处理: query_dense_8_12.graph
2025-03-04 04:46:33,907 - DEBUG - query_dense_8_12.graph 标准输出:
Loading data graph...
Loading query graph...
Enumerating...
#Matches: 9808307
#Recursive calls: 128752
Total time: 47.1723 ms
Search time: 43.811 ms

2025-03-04 04:46:33,907 - INFO - 成功处理: query_dense_8_12.graph - 时间: 47.17ms 匹配数: 9808307
2025-03-04 04:46:33,907 - INFO - 开始处理: query_dense_8_13.graph
2025-03-04 04:46:34,677 - DEBUG - query_dense_8_13.graph 标准输出:
Loading data graph...
Loading query graph...
Enumerating...
#Matches: 46094209
#Recursive calls: 3976688
Total time: 524.982 ms
Search time: 521.962 ms

2025-03-04 04:46:34,677 - INFO - 成功处理: query_dense_8_13.graph - 时间: 524.98ms 匹配数: 46094209
2025-03-04 04:46:34,677 - INFO - 开始处理: query_dense_8_14.graph
2025-03-04 04:46:34,935 - DEBUG - query_dense_8_14.graph 标准输出:
Loading data graph...
Loading query graph...
Enumerating...
#Matches: 15396682
#Recursive calls: 23260
Total time: 16.8715 ms
Search time: 13.4432 ms

2025-03-04 04:46:34,936 - INFO - 成功处理: query_dense_8_14.graph - 时间: 16.87ms 匹配数: 15396682
2025-03-04 04:46:34,936 - INFO - 开始处理: query_dense_8_15.graph
2025-03-04 04:46:35,355 - DEBUG - query_dense_8_15.graph 标准输出:
Loading data graph...
Loading query graph...
Enumerating...
#Matches: 34264803
#Recursive calls: 398037
Total time: 123.543 ms
Search time: 120.343 ms

2025-03-04 04:46:35,355 - INFO - 成功处理: query_dense_8_15.graph - 时间: 123.54ms 匹配数: 34264803
2025-03-04 04:46:35,355 - INFO - 开始处理: query_dense_8_16.graph
2025-03-04 04:46:35,622 - DEBUG - query_dense_8_16.graph 标准输出:
Loading data graph...
Loading query graph...
Enumerating...
#Matches: 2751379
#Recursive calls: 69103
Total time: 18.2077 ms
Search time: 15.0696 ms

2025-03-04 04:46:35,622 - INFO - 成功处理: query_dense_8_16.graph - 时间: 18.21ms 匹配数: 2751379
2025-03-04 04:46:35,622 - INFO - 开始处理: query_dense_8_17.graph
2025-03-04 04:46:35,893 - DEBUG - query_dense_8_17.graph 标准输出:
Loading data graph...
Loading query graph...
Enumerating...
#Matches: 1229797
#Recursive calls: 105727
Total time: 17.8004 ms
Search time: 13.7368 ms

2025-03-04 04:46:35,893 - INFO - 成功处理: query_dense_8_17.graph - 时间: 17.80ms 匹配数: 1229797
2025-03-04 04:46:35,893 - INFO - 开始处理: query_dense_8_18.graph
2025-03-04 04:46:36,545 - DEBUG - query_dense_8_18.graph 标准输出:
Loading data graph...
Loading query graph...
Enumerating...
#Matches: 27853875
#Recursive calls: 2426212
Total time: 393.083 ms
Search time: 390.155 ms

2025-03-04 04:46:36,545 - INFO - 成功处理: query_dense_8_18.graph - 时间: 393.08ms 匹配数: 27853875
2025-03-04 04:46:36,545 - INFO - 开始处理: query_dense_8_19.graph
2025-03-04 04:46:36,807 - DEBUG - query_dense_8_19.graph 标准输出:
Loading data graph...
Loading query graph...
Enumerating...
#Matches: 38013447
#Recursive calls: 74516
Total time: 37.0316 ms
Search time: 31.7368 ms

2025-03-04 04:46:36,808 - INFO - 成功处理: query_dense_8_19.graph - 时间: 37.03ms 匹配数: 38013447
2025-03-04 04:46:36,808 - INFO - 开始处理: query_dense_8_20.graph
2025-03-04 04:46:37,077 - DEBUG - query_dense_8_20.graph 标准输出:
Loading data graph...
Loading query graph...
Enumerating...
#Matches: 12062937
#Recursive calls: 21712
Total time: 14.5277 ms
Search time: 9.67806 ms

2025-03-04 04:46:37,077 - INFO - 成功处理: query_dense_8_20.graph - 时间: 14.53ms 匹配数: 12062937
2025-03-04 04:46:37,077 - INFO - 开始处理: query_dense_8_21.graph
2025-03-04 04:46:37,552 - DEBUG - query_dense_8_21.graph 标准输出:
Loading data graph...
Loading query graph...
Enumerating...
#Matches: 11220242
#Recursive calls: 1420020
Total time: 215.567 ms
Search time: 212.235 ms

2025-03-04 04:46:37,552 - INFO - 成功处理: query_dense_8_21.graph - 时间: 215.57ms 匹配数: 11220242
2025-03-04 04:46:37,552 - INFO - 开始处理: query_dense_8_22.graph
2025-03-04 04:46:37,815 - DEBUG - query_dense_8_22.graph 标准输出:
Loading data graph...
Loading query graph...
Enumerating...
#Matches: 2169864
#Recursive calls: 48210
Total time: 13.5309 ms
Search time: 10.1987 ms

2025-03-04 04:46:37,815 - INFO - 成功处理: query_dense_8_22.graph - 时间: 13.53ms 匹配数: 2169864
2025-03-04 04:46:37,815 - INFO - 开始处理: query_dense_8_23.graph
2025-03-04 04:46:38,115 - DEBUG - query_dense_8_23.graph 标准输出:
Loading data graph...
Loading query graph...
Enumerating...
#Matches: 10205251
#Recursive calls: 120190
Total time: 36.7089 ms
Search time: 32.7108 ms

2025-03-04 04:46:38,115 - INFO - 成功处理: query_dense_8_23.graph - 时间: 36.71ms 匹配数: 10205251
2025-03-04 04:46:38,115 - INFO - 开始处理: query_dense_8_24.graph
2025-03-04 04:46:38,449 - DEBUG - query_dense_8_24.graph 标准输出:
Loading data graph...
Loading query graph...
Enumerating...
#Matches: 3896106
#Recursive calls: 608313
Total time: 66.2305 ms
Search time: 62.0989 ms

2025-03-04 04:46:38,449 - INFO - 成功处理: query_dense_8_24.graph - 时间: 66.23ms 匹配数: 3896106
2025-03-04 04:46:38,450 - INFO - 开始处理: query_dense_8_25.graph
2025-03-04 04:46:38,765 - DEBUG - query_dense_8_25.graph 标准输出:
Loading data graph...
Loading query graph...
Enumerating...
#Matches: 11025022
#Recursive calls: 222852
Total time: 54.5324 ms
Search time: 50.4117 ms

2025-03-04 04:46:38,765 - INFO - 成功处理: query_dense_8_25.graph - 时间: 54.53ms 匹配数: 11025022
2025-03-04 04:46:38,765 - INFO - 开始处理: query_dense_8_26.graph
2025-03-04 04:46:39,127 - DEBUG - query_dense_8_26.graph 标准输出:
Loading data graph...
Loading query graph...
Enumerating...
#Matches: 9600716
#Recursive calls: 1032869
Total time: 129.02 ms
Search time: 125.609 ms

2025-03-04 04:46:39,127 - INFO - 成功处理: query_dense_8_26.graph - 时间: 129.02ms 匹配数: 9600716
2025-03-04 04:46:39,128 - INFO - 开始处理: query_dense_8_27.graph
2025-03-04 04:46:39,392 - DEBUG - query_dense_8_27.graph 标准输出:
Loading data graph...
Loading query graph...
Enumerating...
#Matches: 1971723
#Recursive calls: 52262
Total time: 15.4205 ms
Search time: 11.2647 ms

2025-03-04 04:46:39,392 - INFO - 成功处理: query_dense_8_27.graph - 时间: 15.42ms 匹配数: 1971723
2025-03-04 04:46:39,392 - INFO - 开始处理: query_dense_8_28.graph
2025-03-04 04:46:39,773 - DEBUG - query_dense_8_28.graph 标准输出:
Loading data graph...
Loading query graph...
Enumerating...
#Matches: 36348974
#Recursive calls: 353456
Total time: 139.124 ms
Search time: 135.5 ms

2025-03-04 04:46:39,773 - INFO - 成功处理: query_dense_8_28.graph - 时间: 139.12ms 匹配数: 36348974
2025-03-04 04:46:39,773 - INFO - 开始处理: query_dense_8_29.graph
2025-03-04 04:46:40,054 - DEBUG - query_dense_8_29.graph 标准输出:
Loading data graph...
Loading query graph...
Enumerating...
#Matches: 2788249
#Recursive calls: 374768
Total time: 40.4076 ms
Search time: 36.2927 ms

2025-03-04 04:46:40,054 - INFO - 成功处理: query_dense_8_29.graph - 时间: 40.41ms 匹配数: 2788249
2025-03-04 04:46:40,054 - INFO - 开始处理: query_dense_8_30.graph
2025-03-04 04:46:40,453 - DEBUG - query_dense_8_30.graph 标准输出:
Loading data graph...
Loading query graph...
Enumerating...
#Matches: 6859112
#Recursive calls: 887691
Total time: 152.34 ms
Search time: 149.095 ms

2025-03-04 04:46:40,453 - INFO - 成功处理: query_dense_8_30.graph - 时间: 152.34ms 匹配数: 6859112
2025-03-04 04:46:40,453 - INFO - 开始处理: query_dense_8_31.graph
2025-03-04 04:46:40,789 - DEBUG - query_dense_8_31.graph 标准输出:
Loading data graph...
Loading query graph...
Enumerating...
#Matches: 17344269
#Recursive calls: 260865
Total time: 82.6837 ms
Search time: 79.2061 ms

2025-03-04 04:46:40,789 - INFO - 成功处理: query_dense_8_31.graph - 时间: 82.68ms 匹配数: 17344269
2025-03-04 04:46:40,789 - INFO - 开始处理: query_dense_8_32.graph
2025-03-04 04:46:41,049 - DEBUG - query_dense_8_32.graph 标准输出:
Loading data graph...
Loading query graph...
Enumerating...
#Matches: 19613355
#Recursive calls: 30382
Total time: 21.3853 ms
Search time: 18.3493 ms

2025-03-04 04:46:41,049 - INFO - 成功处理: query_dense_8_32.graph - 时间: 21.39ms 匹配数: 19613355
2025-03-04 04:46:41,049 - INFO - 开始处理: query_dense_8_33.graph
2025-03-04 04:46:41,325 - DEBUG - query_dense_8_33.graph 标准输出:
Loading data graph...
Loading query graph...
Enumerating...
#Matches: 9110596
#Recursive calls: 95811
Total time: 31.8018 ms
Search time: 28.0549 ms

2025-03-04 04:46:41,325 - INFO - 成功处理: query_dense_8_33.graph - 时间: 31.80ms 匹配数: 9110596
2025-03-04 04:46:41,325 - INFO - 开始处理: query_dense_8_34.graph
2025-03-04 04:46:41,731 - DEBUG - query_dense_8_34.graph 标准输出:
Loading data graph...
Loading query graph...
Enumerating...
#Matches: 13856479
#Recursive calls: 1344787
Total time: 165.435 ms
Search time: 163.007 ms

2025-03-04 04:46:41,731 - INFO - 成功处理: query_dense_8_34.graph - 时间: 165.44ms 匹配数: 13856479
2025-03-04 04:46:41,732 - INFO - 开始处理: query_dense_8_35.graph
2025-03-04 04:46:41,996 - DEBUG - query_dense_8_35.graph 标准输出:
Loading data graph...
Loading query graph...
Enumerating...
#Matches: 3934518
#Recursive calls: 110463
Total time: 27.2278 ms
Search time: 23.1022 ms

2025-03-04 04:46:41,997 - INFO - 成功处理: query_dense_8_35.graph - 时间: 27.23ms 匹配数: 3934518
2025-03-04 04:46:41,997 - INFO - 开始处理: query_dense_8_36.graph
2025-03-04 04:46:42,258 - DEBUG - query_dense_8_36.graph 标准输出:
Loading data graph...
Loading query graph...
Enumerating...
#Matches: 10090234
#Recursive calls: 30783
Total time: 15.9028 ms
Search time: 11.522 ms

2025-03-04 04:46:42,258 - INFO - 成功处理: query_dense_8_36.graph - 时间: 15.90ms 匹配数: 10090234
2025-03-04 04:46:42,258 - INFO - 开始处理: query_dense_8_37.graph
2025-03-04 04:46:42,546 - DEBUG - query_dense_8_37.graph 标准输出:
Loading data graph...
Loading query graph...
Enumerating...
#Matches: 11726728
#Recursive calls: 182041
Total time: 64.2293 ms
Search time: 60.9357 ms

2025-03-04 04:46:42,547 - INFO - 成功处理: query_dense_8_37.graph - 时间: 64.23ms 匹配数: 11726728
2025-03-04 04:46:42,547 - INFO - 开始处理: query_dense_8_38.graph
2025-03-04 04:46:42,842 - DEBUG - query_dense_8_38.graph 标准输出:
Loading data graph...
Loading query graph...
Enumerating...
#Matches: 6957346
#Recursive calls: 114415
Total time: 35.2297 ms
Search time: 32.7821 ms

2025-03-04 04:46:42,843 - INFO - 成功处理: query_dense_8_38.graph - 时间: 35.23ms 匹配数: 6957346
2025-03-04 04:46:42,843 - INFO - 开始处理: query_dense_8_39.graph
2025-03-04 04:46:43,086 - DEBUG - query_dense_8_39.graph 标准输出:
Loading data graph...
Loading query graph...
Enumerating...
#Matches: 2678868
#Recursive calls: 53857
Total time: 21.8871 ms
Search time: 16.8702 ms

2025-03-04 04:46:43,087 - INFO - 成功处理: query_dense_8_39.graph - 时间: 21.89ms 匹配数: 2678868
2025-03-04 04:46:43,087 - INFO - 开始处理: query_dense_8_40.graph
2025-03-04 04:46:43,634 - DEBUG - query_dense_8_40.graph 标准输出:
Loading data graph...
Loading query graph...
Enumerating...
#Matches: 21664044
#Recursive calls: 2156288
Total time: 276.365 ms
Search time: 272.549 ms

2025-03-04 04:46:43,634 - INFO - 成功处理: query_dense_8_40.graph - 时间: 276.37ms 匹配数: 21664044
2025-03-04 04:46:43,634 - INFO - 开始处理: query_dense_8_41.graph
2025-03-04 04:46:43,954 - DEBUG - query_dense_8_41.graph 标准输出:
Loading data graph...
Loading query graph...
Enumerating...
#Matches: 2920768
#Recursive calls: 384336
Total time: 46.7767 ms
Search time: 43.2936 ms

2025-03-04 04:46:43,954 - INFO - 成功处理: query_dense_8_41.graph - 时间: 46.78ms 匹配数: 2920768
2025-03-04 04:46:43,954 - INFO - 开始处理: query_dense_8_42.graph
2025-03-04 04:46:44,255 - DEBUG - query_dense_8_42.graph 标准输出:
Loading data graph...
Loading query graph...
Enumerating...
#Matches: 6175672
#Recursive calls: 93674
Total time: 31.8729 ms
Search time: 27.8661 ms

2025-03-04 04:46:44,256 - INFO - 成功处理: query_dense_8_42.graph - 时间: 31.87ms 匹配数: 6175672
2025-03-04 04:46:44,256 - INFO - 开始处理: query_dense_8_43.graph
2025-03-04 04:46:44,570 - DEBUG - query_dense_8_43.graph 标准输出:
Loading data graph...
Loading query graph...
Enumerating...
#Matches: 9913141
#Recursive calls: 133638
Total time: 35.6131 ms
Search time: 32.2204 ms

2025-03-04 04:46:44,570 - INFO - 成功处理: query_dense_8_43.graph - 时间: 35.61ms 匹配数: 9913141
2025-03-04 04:46:44,570 - INFO - 开始处理: query_dense_8_44.graph
2025-03-04 04:46:44,904 - DEBUG - query_dense_8_44.graph 标准输出:
Loading data graph...
Loading query graph...
Enumerating...
#Matches: 10519372
#Recursive calls: 125944
Total time: 38.0589 ms
Search time: 33.2059 ms

2025-03-04 04:46:44,904 - INFO - 成功处理: query_dense_8_44.graph - 时间: 38.06ms 匹配数: 10519372
2025-03-04 04:46:44,905 - INFO - 开始处理: query_dense_8_45.graph
2025-03-04 04:46:45,212 - DEBUG - query_dense_8_45.graph 标准输出:
Loading data graph...
Loading query graph...
Enumerating...
#Matches: 6062660
#Recursive calls: 86783
Total time: 29.5596 ms
Search time: 25.279 ms

2025-03-04 04:46:45,212 - INFO - 成功处理: query_dense_8_45.graph - 时间: 29.56ms 匹配数: 6062660
2025-03-04 04:46:45,213 - INFO - 开始处理: query_dense_8_46.graph
2025-03-04 04:46:46,153 - DEBUG - query_dense_8_46.graph 标准输出:
Loading data graph...
Loading query graph...
Enumerating...
#Matches: 41991491
#Recursive calls: 34517
Total time: 664.984 ms
Search time: 660.698 ms

2025-03-04 04:46:46,153 - INFO - 成功处理: query_dense_8_46.graph - 时间: 664.98ms 匹配数: 41991491
2025-03-04 04:46:46,154 - INFO - 开始处理: query_dense_8_47.graph
2025-03-04 04:46:46,426 - DEBUG - query_dense_8_47.graph 标准输出:
Loading data graph...
Loading query graph...
Enumerating...
#Matches: 7987354
#Recursive calls: 176003
Total time: 43.8065 ms
Search time: 39.743 ms

2025-03-04 04:46:46,426 - INFO - 成功处理: query_dense_8_47.graph - 时间: 43.81ms 匹配数: 7987354
2025-03-04 04:46:46,426 - INFO - 开始处理: query_dense_8_48.graph
2025-03-04 04:46:46,859 - DEBUG - query_dense_8_48.graph 标准输出:
Loading data graph...
Loading query graph...
Enumerating...
#Matches: 48081429
#Recursive calls: 420752
Total time: 157.876 ms
Search time: 154.653 ms

2025-03-04 04:46:46,859 - INFO - 成功处理: query_dense_8_48.graph - 时间: 157.88ms 匹配数: 48081429
2025-03-04 04:46:46,859 - INFO - 开始处理: query_dense_8_49.graph
2025-03-04 04:46:47,151 - DEBUG - query_dense_8_49.graph 标准输出:
Loading data graph...
Loading query graph...
Enumerating...
#Matches: 5248015
#Recursive calls: 143683
Total time: 46.7993 ms
Search time: 41.9561 ms

2025-03-04 04:46:47,151 - INFO - 成功处理: query_dense_8_49.graph - 时间: 46.80ms 匹配数: 5248015
2025-03-04 04:46:47,151 - INFO - 开始处理: query_dense_8_50.graph
2025-03-04 04:46:47,424 - DEBUG - query_dense_8_50.graph 标准输出:
Loading data graph...
Loading query graph...
Enumerating...
#Matches: 4921064
#Recursive calls: 22068
Total time: 12.1619 ms
Search time: 7.74616 ms

2025-03-04 04:46:47,424 - INFO - 成功处理: query_dense_8_50.graph - 时间: 12.16ms 匹配数: 4921064
2025-03-04 04:46:47,424 - INFO - 开始处理: query_dense_8_51.graph
2025-03-04 04:46:47,730 - DEBUG - query_dense_8_51.graph 标准输出:
Loading data graph...
Loading query graph...
Enumerating...
#Matches: 6128495
#Recursive calls: 130381
Total time: 39.1394 ms
Search time: 34.6208 ms

2025-03-04 04:46:47,730 - INFO - 成功处理: query_dense_8_51.graph - 时间: 39.14ms 匹配数: 6128495
2025-03-04 04:46:47,730 - INFO - 开始处理: query_dense_8_52.graph
2025-03-04 04:46:48,427 - DEBUG - query_dense_8_52.graph 标准输出:
Loading data graph...
Loading query graph...
Enumerating...
#Matches: 29847018
#Recursive calls: 5003721
Total time: 441.163 ms
Search time: 438.387 ms

2025-03-04 04:46:48,428 - INFO - 成功处理: query_dense_8_52.graph - 时间: 441.16ms 匹配数: 29847018
2025-03-04 04:46:48,428 - INFO - 开始处理: query_dense_8_53.graph
2025-03-04 04:46:49,018 - DEBUG - query_dense_8_53.graph 标准输出:
Loading data graph...
Loading query graph...
Enumerating...
#Matches: 23670558
#Recursive calls: 2325062
Total time: 335.382 ms
Search time: 330.884 ms

2025-03-04 04:46:49,018 - INFO - 成功处理: query_dense_8_53.graph - 时间: 335.38ms 匹配数: 23670558
2025-03-04 04:46:49,018 - INFO - 开始处理: query_dense_8_54.graph
2025-03-04 04:46:49,413 - DEBUG - query_dense_8_54.graph 标准输出:
Loading data graph...
Loading query graph...
Enumerating...
#Matches: 34408732
#Recursive calls: 302204
Total time: 167.921 ms
Search time: 163.785 ms

2025-03-04 04:46:49,413 - INFO - 成功处理: query_dense_8_54.graph - 时间: 167.92ms 匹配数: 34408732
2025-03-04 04:46:49,413 - INFO - 开始处理: query_dense_8_55.graph
2025-03-04 04:46:49,802 - DEBUG - query_dense_8_55.graph 标准输出:
Loading data graph...
Loading query graph...
Enumerating...
#Matches: 9159324
#Recursive calls: 774784
Total time: 128.12 ms
Search time: 124.115 ms

2025-03-04 04:46:49,802 - INFO - 成功处理: query_dense_8_55.graph - 时间: 128.12ms 匹配数: 9159324
2025-03-04 04:46:49,802 - INFO - 开始处理: query_dense_8_56.graph
2025-03-04 04:46:50,109 - DEBUG - query_dense_8_56.graph 标准输出:
Loading data graph...
Loading query graph...
Enumerating...
#Matches: 22483114
#Recursive calls: 216322
Total time: 72.205 ms
Search time: 68.8408 ms

2025-03-04 04:46:50,109 - INFO - 成功处理: query_dense_8_56.graph - 时间: 72.20ms 匹配数: 22483114
2025-03-04 04:46:50,110 - INFO - 开始处理: query_dense_8_57.graph
2025-03-04 04:46:50,400 - DEBUG - query_dense_8_57.graph 标准输出:
Loading data graph...
Loading query graph...
Enumerating...
#Matches: 4836290
#Recursive calls: 96277
Total time: 26.4186 ms
Search time: 23.0501 ms

2025-03-04 04:46:50,400 - INFO - 成功处理: query_dense_8_57.graph - 时间: 26.42ms 匹配数: 4836290
2025-03-04 04:46:50,400 - INFO - 开始处理: query_dense_8_58.graph
2025-03-04 04:46:50,755 - DEBUG - query_dense_8_58.graph 标准输出:
Loading data graph...
Loading query graph...
Enumerating...
#Matches: 7669183
#Recursive calls: 792606
Total time: 100.602 ms
Search time: 97.5749 ms

2025-03-04 04:46:50,756 - INFO - 成功处理: query_dense_8_58.graph - 时间: 100.60ms 匹配数: 7669183
2025-03-04 04:46:50,756 - INFO - 开始处理: query_dense_8_59.graph
2025-03-04 04:46:51,043 - DEBUG - query_dense_8_59.graph 标准输出:
Loading data graph...
Loading query graph...
Enumerating...
#Matches: 38730512
#Recursive calls: 55243
Total time: 34.2525 ms
Search time: 30.9557 ms

2025-03-04 04:46:51,043 - INFO - 成功处理: query_dense_8_59.graph - 时间: 34.25ms 匹配数: 38730512
2025-03-04 04:46:51,043 - INFO - 开始处理: query_dense_8_60.graph
2025-03-04 04:46:51,318 - DEBUG - query_dense_8_60.graph 标准输出:
Loading data graph...
Loading query graph...
Enumerating...
#Matches: 5324179
#Recursive calls: 73538
Total time: 23.9607 ms
Search time: 18.8997 ms

2025-03-04 04:46:51,318 - INFO - 成功处理: query_dense_8_60.graph - 时间: 23.96ms 匹配数: 5324179
2025-03-04 04:46:51,318 - INFO - 开始处理: query_dense_8_61.graph
2025-03-04 04:46:51,682 - DEBUG - query_dense_8_61.graph 标准输出:
Loading data graph...
Loading query graph...
Enumerating...
#Matches: 9373607
#Recursive calls: 924161
Total time: 146.956 ms
Search time: 142.842 ms

2025-03-04 04:46:51,682 - INFO - 成功处理: query_dense_8_61.graph - 时间: 146.96ms 匹配数: 9373607
2025-03-04 04:46:51,682 - INFO - 开始处理: query_dense_8_62.graph
2025-03-04 04:46:52,006 - DEBUG - query_dense_8_62.graph 标准输出:
Loading data graph...
Loading query graph...
Enumerating...
#Matches: 6418214
#Recursive calls: 799696
Total time: 82.3567 ms
Search time: 77.9892 ms

2025-03-04 04:46:52,006 - INFO - 成功处理: query_dense_8_62.graph - 时间: 82.36ms 匹配数: 6418214
2025-03-04 04:46:52,006 - INFO - 开始处理: query_dense_8_63.graph
2025-03-04 04:46:52,324 - DEBUG - query_dense_8_63.graph 标准输出:
Loading data graph...
Loading query graph...
Enumerating...
#Matches: 4627913
#Recursive calls: 466293
Total time: 57.7562 ms
Search time: 54.27 ms

2025-03-04 04:46:52,324 - INFO - 成功处理: query_dense_8_63.graph - 时间: 57.76ms 匹配数: 4627913
2025-03-04 04:46:52,324 - INFO - 开始处理: query_dense_8_64.graph
2025-03-04 04:46:52,782 - DEBUG - query_dense_8_64.graph 标准输出:
Loading data graph...
Loading query graph...
Enumerating...
#Matches: 69332755
#Recursive calls: 546165
Total time: 204.833 ms
Search time: 200.281 ms

2025-03-04 04:46:52,783 - INFO - 成功处理: query_dense_8_64.graph - 时间: 204.83ms 匹配数: 69332755
2025-03-04 04:46:52,783 - INFO - 开始处理: query_dense_8_65.graph
2025-03-04 04:46:53,249 - DEBUG - query_dense_8_65.graph 标准输出:
Loading data graph...
Loading query graph...
Enumerating...
#Matches: 18134466
#Recursive calls: 1781023
Total time: 213.976 ms
Search time: 210.995 ms

2025-03-04 04:46:53,250 - INFO - 成功处理: query_dense_8_65.graph - 时间: 213.98ms 匹配数: 18134466
2025-03-04 04:46:53,250 - INFO - 开始处理: query_dense_8_66.graph
2025-03-04 04:46:53,581 - DEBUG - query_dense_8_66.graph 标准输出:
Loading data graph...
Loading query graph...
Enumerating...
#Matches: 19171870
#Recursive calls: 200390
Total time: 92.891 ms
Search time: 87.6759 ms

2025-03-04 04:46:53,581 - INFO - 成功处理: query_dense_8_66.graph - 时间: 92.89ms 匹配数: 19171870
2025-03-04 04:46:53,581 - INFO - 开始处理: query_dense_8_67.graph
2025-03-04 04:46:54,087 - DEBUG - query_dense_8_67.graph 标准输出:
Loading data graph...
Loading query graph...
Enumerating...
#Matches: 14337631
#Recursive calls: 1144614
Total time: 245.586 ms
Search time: 242.113 ms

2025-03-04 04:46:54,087 - INFO - 成功处理: query_dense_8_67.graph - 时间: 245.59ms 匹配数: 14337631
2025-03-04 04:46:54,087 - INFO - 开始处理: query_dense_8_68.graph
2025-03-04 04:46:54,440 - DEBUG - query_dense_8_68.graph 标准输出:
Loading data graph...
Loading query graph...
Enumerating...
#Matches: 8625680
#Recursive calls: 878253
Total time: 104.573 ms
Search time: 100.25 ms

2025-03-04 04:46:54,440 - INFO - 成功处理: query_dense_8_68.graph - 时间: 104.57ms 匹配数: 8625680
2025-03-04 04:46:54,440 - INFO - 开始处理: query_dense_8_69.graph
2025-03-04 04:46:54,779 - DEBUG - query_dense_8_69.graph 标准输出:
Loading data graph...
Loading query graph...
Enumerating...
#Matches: 6554818
#Recursive calls: 531798
Total time: 81.5662 ms
Search time: 78.3157 ms

2025-03-04 04:46:54,779 - INFO - 成功处理: query_dense_8_69.graph - 时间: 81.57ms 匹配数: 6554818
2025-03-04 04:46:54,779 - INFO - 开始处理: query_dense_8_70.graph
2025-03-04 04:46:55,209 - DEBUG - query_dense_8_70.graph 标准输出:
Loading data graph...
Loading query graph...
Enumerating...
#Matches: 14290354
#Recursive calls: 1422199
Total time: 176.356 ms
Search time: 173.181 ms

2025-03-04 04:46:55,209 - INFO - 成功处理: query_dense_8_70.graph - 时间: 176.36ms 匹配数: 14290354
2025-03-04 04:46:55,210 - INFO - 开始处理: query_dense_8_71.graph
2025-03-04 04:46:55,456 - DEBUG - query_dense_8_71.graph 标准输出:
Loading data graph...
Loading query graph...
Enumerating...
#Matches: 16889841
#Recursive calls: 21603
Total time: 13.283 ms
Search time: 9.37421 ms

2025-03-04 04:46:55,456 - INFO - 成功处理: query_dense_8_71.graph - 时间: 13.28ms 匹配数: 16889841
2025-03-04 04:46:55,456 - INFO - 开始处理: query_dense_8_72.graph
2025-03-04 04:46:55,773 - DEBUG - query_dense_8_72.graph 标准输出:
Loading data graph...
Loading query graph...
Enumerating...
#Matches: 3908176
#Recursive calls: 366378
Total time: 65.2034 ms
Search time: 62.2766 ms

2025-03-04 04:46:55,773 - INFO - 成功处理: query_dense_8_72.graph - 时间: 65.20ms 匹配数: 3908176
2025-03-04 04:46:55,773 - INFO - 开始处理: query_dense_8_73.graph
2025-03-04 04:46:56,191 - DEBUG - query_dense_8_73.graph 标准输出:
Loading data graph...
Loading query graph...
Enumerating...
#Matches: 14712527
#Recursive calls: 1610649
Total time: 176.937 ms
Search time: 173.078 ms

2025-03-04 04:46:56,191 - INFO - 成功处理: query_dense_8_73.graph - 时间: 176.94ms 匹配数: 14712527
2025-03-04 04:46:56,191 - INFO - 开始处理: query_dense_8_74.graph
2025-03-04 04:46:56,547 - DEBUG - query_dense_8_74.graph 标准输出:
Loading data graph...
Loading query graph...
Enumerating...
#Matches: 9020702
#Recursive calls: 825232
Total time: 106.194 ms
Search time: 101.989 ms

2025-03-04 04:46:56,547 - INFO - 成功处理: query_dense_8_74.graph - 时间: 106.19ms 匹配数: 9020702
2025-03-04 04:46:56,547 - INFO - 开始处理: query_dense_8_75.graph
2025-03-04 04:46:56,867 - DEBUG - query_dense_8_75.graph 标准输出:
Loading data graph...
Loading query graph...
Enumerating...
#Matches: 4789661
#Recursive calls: 447475
Total time: 71.2349 ms
Search time: 67.8008 ms

2025-03-04 04:46:56,867 - INFO - 成功处理: query_dense_8_75.graph - 时间: 71.23ms 匹配数: 4789661
2025-03-04 04:46:56,867 - INFO - 开始处理: query_dense_8_76.graph
2025-03-04 04:46:57,182 - DEBUG - query_dense_8_76.graph 标准输出:
Loading data graph...
Loading query graph...
Enumerating...
#Matches: 11097882
#Recursive calls: 222396
Total time: 54.9943 ms
Search time: 50.0337 ms

2025-03-04 04:46:57,183 - INFO - 成功处理: query_dense_8_76.graph - 时间: 54.99ms 匹配数: 11097882
2025-03-04 04:46:57,183 - INFO - 开始处理: query_dense_8_77.graph
2025-03-04 04:46:57,647 - DEBUG - query_dense_8_77.graph 标准输出:
Loading data graph...
Loading query graph...
Enumerating...
#Matches: 11126100
#Recursive calls: 1384232
Total time: 215.581 ms
Search time: 212.52 ms

2025-03-04 04:46:57,647 - INFO - 成功处理: query_dense_8_77.graph - 时间: 215.58ms 匹配数: 11126100
2025-03-04 04:46:57,647 - INFO - 开始处理: query_dense_8_78.graph
2025-03-04 04:46:57,946 - DEBUG - query_dense_8_78.graph 标准输出:
Loading data graph...
Loading query graph...
Enumerating...
#Matches: 8202567
#Recursive calls: 97626
Total time: 32.6245 ms
Search time: 28.6703 ms

2025-03-04 04:46:57,946 - INFO - 成功处理: query_dense_8_78.graph - 时间: 32.62ms 匹配数: 8202567
2025-03-04 04:46:57,946 - INFO - 开始处理: query_dense_8_79.graph
2025-03-04 04:46:58,315 - DEBUG - query_dense_8_79.graph 标准输出:
Loading data graph...
Loading query graph...
Enumerating...
#Matches: 24947794
#Recursive calls: 397172
Total time: 113.921 ms
Search time: 109.614 ms

2025-03-04 04:46:58,315 - INFO - 成功处理: query_dense_8_79.graph - 时间: 113.92ms 匹配数: 24947794
2025-03-04 04:46:58,315 - INFO - 开始处理: query_dense_8_80.graph
2025-03-04 04:46:58,632 - DEBUG - query_dense_8_80.graph 标准输出:
Loading data graph...
Loading query graph...
Enumerating...
#Matches: 20004486
#Recursive calls: 183200
Total time: 70.1023 ms
Search time: 66.0006 ms

2025-03-04 04:46:58,632 - INFO - 成功处理: query_dense_8_80.graph - 时间: 70.10ms 匹配数: 20004486
2025-03-04 04:46:58,633 - INFO - 开始处理: query_dense_8_81.graph
2025-03-04 04:46:58,916 - DEBUG - query_dense_8_81.graph 标准输出:
Loading data graph...
Loading query graph...
Enumerating...
#Matches: 4101864
#Recursive calls: 63402
Total time: 22.2857 ms
Search time: 17.5166 ms

2025-03-04 04:46:58,916 - INFO - 成功处理: query_dense_8_81.graph - 时间: 22.29ms 匹配数: 4101864
2025-03-04 04:46:58,916 - INFO - 开始处理: query_dense_8_82.graph
2025-03-04 04:46:59,177 - DEBUG - query_dense_8_82.graph 标准输出:
Loading data graph...
Loading query graph...
Enumerating...
#Matches: 5585438
#Recursive calls: 121013
Total time: 29.3949 ms
Search time: 24.8938 ms

2025-03-04 04:46:59,177 - INFO - 成功处理: query_dense_8_82.graph - 时间: 29.39ms 匹配数: 5585438
2025-03-04 04:46:59,177 - INFO - 开始处理: query_dense_8_83.graph
2025-03-04 04:46:59,543 - DEBUG - query_dense_8_83.graph 标准输出:
Loading data graph...
Loading query graph...
Enumerating...
#Matches: 28895944
#Recursive calls: 334383
Total time: 103.593 ms
Search time: 99.2484 ms

2025-03-04 04:46:59,543 - INFO - 成功处理: query_dense_8_83.graph - 时间: 103.59ms 匹配数: 28895944
2025-03-04 04:46:59,543 - INFO - 开始处理: query_dense_8_84.graph
2025-03-04 04:46:59,907 - DEBUG - query_dense_8_84.graph 标准输出:
Loading data graph...
Loading query graph...
Enumerating...
#Matches: 7604927
#Recursive calls: 674464
Total time: 118.146 ms
Search time: 112.643 ms

2025-03-04 04:46:59,907 - INFO - 成功处理: query_dense_8_84.graph - 时间: 118.15ms 匹配数: 7604927
2025-03-04 04:46:59,907 - INFO - 开始处理: query_dense_8_85.graph
2025-03-04 04:47:00,218 - DEBUG - query_dense_8_85.graph 标准输出:
Loading data graph...
Loading query graph...
Enumerating...
#Matches: 5073759
#Recursive calls: 596049
Total time: 59.8993 ms
Search time: 56.2698 ms

2025-03-04 04:47:00,218 - INFO - 成功处理: query_dense_8_85.graph - 时间: 59.90ms 匹配数: 5073759
2025-03-04 04:47:00,218 - INFO - 开始处理: query_dense_8_86.graph
2025-03-04 04:47:00,520 - DEBUG - query_dense_8_86.graph 标准输出:
Loading data graph...
Loading query graph...
Enumerating...
#Matches: 5771324
#Recursive calls: 530479
Total time: 59.3594 ms
Search time: 55.5827 ms

2025-03-04 04:47:00,520 - INFO - 成功处理: query_dense_8_86.graph - 时间: 59.36ms 匹配数: 5771324
2025-03-04 04:47:00,520 - INFO - 开始处理: query_dense_8_87.graph
2025-03-04 04:47:00,918 - DEBUG - query_dense_8_87.graph 标准输出:
Loading data graph...
Loading query graph...
Enumerating...
#Matches: 8537014
#Recursive calls: 972076
Total time: 132.417 ms
Search time: 127.787 ms

2025-03-04 04:47:00,918 - INFO - 成功处理: query_dense_8_87.graph - 时间: 132.42ms 匹配数: 8537014
2025-03-04 04:47:00,918 - INFO - 开始处理: query_dense_8_88.graph
2025-03-04 04:47:01,190 - DEBUG - query_dense_8_88.graph 标准输出:
Loading data graph...
Loading query graph...
Enumerating...
#Matches: 2331524
#Recursive calls: 109050
Total time: 28.4795 ms
Search time: 25.2082 ms

2025-03-04 04:47:01,190 - INFO - 成功处理: query_dense_8_88.graph - 时间: 28.48ms 匹配数: 2331524
2025-03-04 04:47:01,190 - INFO - 开始处理: query_dense_8_89.graph
2025-03-04 04:47:01,564 - DEBUG - query_dense_8_89.graph 标准输出:
Loading data graph...
Loading query graph...
Enumerating...
#Matches: 28507086
#Recursive calls: 389010
Total time: 111.206 ms
Search time: 107.107 ms

2025-03-04 04:47:01,564 - INFO - 成功处理: query_dense_8_89.graph - 时间: 111.21ms 匹配数: 28507086
2025-03-04 04:47:01,565 - INFO - 开始处理: query_dense_8_90.graph
2025-03-04 04:47:01,889 - DEBUG - query_dense_8_90.graph 标准输出:
Loading data graph...
Loading query graph...
Enumerating...
#Matches: 5086295
#Recursive calls: 501532
Total time: 78.4832 ms
Search time: 75.4667 ms

2025-03-04 04:47:01,890 - INFO - 成功处理: query_dense_8_90.graph - 时间: 78.48ms 匹配数: 5086295
2025-03-04 04:47:01,890 - INFO - 开始处理: query_dense_8_91.graph
2025-03-04 04:47:02,264 - DEBUG - query_dense_8_91.graph 标准输出:
Loading data graph...
Loading query graph...
Enumerating...
#Matches: 9036400
#Recursive calls: 1074125
Total time: 137.674 ms
Search time: 133.839 ms

2025-03-04 04:47:02,264 - INFO - 成功处理: query_dense_8_91.graph - 时间: 137.67ms 匹配数: 9036400
2025-03-04 04:47:02,264 - INFO - 开始处理: query_dense_8_92.graph
2025-03-04 04:47:02,679 - DEBUG - query_dense_8_92.graph 标准输出:
Loading data graph...
Loading query graph...
Enumerating...
#Matches: 49967466
#Recursive calls: 452698
Total time: 153.584 ms
Search time: 148.422 ms

2025-03-04 04:47:02,679 - INFO - 成功处理: query_dense_8_92.graph - 时间: 153.58ms 匹配数: 49967466
2025-03-04 04:47:02,679 - INFO - 开始处理: query_dense_8_93.graph
2025-03-04 04:47:03,033 - DEBUG - query_dense_8_93.graph 标准输出:
Loading data graph...
Loading query graph...
Enumerating...
#Matches: 15974149
#Recursive calls: 191387
Total time: 116.034 ms
Search time: 109.808 ms

2025-03-04 04:47:03,033 - INFO - 成功处理: query_dense_8_93.graph - 时间: 116.03ms 匹配数: 15974149
2025-03-04 04:47:03,033 - INFO - 开始处理: query_dense_8_94.graph
2025-03-04 04:47:04,155 - DEBUG - query_dense_8_94.graph 标准输出:
Loading data graph...
Loading query graph...
Enumerating...
#Matches: 60071636
#Recursive calls: 5181985
Total time: 879.048 ms
Search time: 875.529 ms

2025-03-04 04:47:04,155 - INFO - 成功处理: query_dense_8_94.graph - 时间: 879.05ms 匹配数: 60071636
2025-03-04 04:47:04,155 - INFO - 开始处理: query_dense_8_95.graph
2025-03-04 04:47:04,414 - DEBUG - query_dense_8_95.graph 标准输出:
Loading data graph...
Loading query graph...
Enumerating...
#Matches: 4001251
#Recursive calls: 98568
Total time: 26.1015 ms
Search time: 22.859 ms

2025-03-04 04:47:04,414 - INFO - 成功处理: query_dense_8_95.graph - 时间: 26.10ms 匹配数: 4001251
2025-03-04 04:47:04,414 - INFO - 开始处理: query_dense_8_96.graph
2025-03-04 04:47:04,658 - DEBUG - query_dense_8_96.graph 标准输出:
Loading data graph...
Loading query graph...
Enumerating...
#Matches: 2361644
#Recursive calls: 51389
Total time: 15.78 ms
Search time: 11.44 ms

2025-03-04 04:47:04,658 - INFO - 成功处理: query_dense_8_96.graph - 时间: 15.78ms 匹配数: 2361644
2025-03-04 04:47:04,658 - INFO - 开始处理: query_dense_8_97.graph
2025-03-04 04:47:05,055 - DEBUG - query_dense_8_97.graph 标准输出:
Loading data graph...
Loading query graph...
Enumerating...
#Matches: 10993365
#Recursive calls: 1228615
Total time: 151.787 ms
Search time: 147.07 ms

2025-03-04 04:47:05,055 - INFO - 成功处理: query_dense_8_97.graph - 时间: 151.79ms 匹配数: 10993365
2025-03-04 04:47:05,056 - INFO - 开始处理: query_dense_8_98.graph
2025-03-04 04:47:05,317 - DEBUG - query_dense_8_98.graph 标准输出:
Loading data graph...
Loading query graph...
Enumerating...
#Matches: 8294051
#Recursive calls: 39629
Total time: 17.5595 ms
Search time: 13.5905 ms

2025-03-04 04:47:05,317 - INFO - 成功处理: query_dense_8_98.graph - 时间: 17.56ms 匹配数: 8294051
2025-03-04 04:47:05,317 - INFO - 开始处理: query_dense_8_99.graph
2025-03-04 04:47:05,616 - DEBUG - query_dense_8_99.graph 标准输出:
Loading data graph...
Loading query graph...
Enumerating...
#Matches: 2716494
#Recursive calls: 330292
Total time: 47.04 ms
Search time: 43.6482 ms

2025-03-04 04:47:05,616 - INFO - 成功处理: query_dense_8_99.graph - 时间: 47.04ms 匹配数: 2716494
2025-03-04 04:47:05,616 - INFO - 开始处理: query_dense_8_100.graph
2025-03-04 04:47:05,914 - DEBUG - query_dense_8_100.graph 标准输出:
Loading data graph...
Loading query graph...
Enumerating...
#Matches: 10565198
#Recursive calls: 156791
Total time: 53.683 ms
Search time: 49.1008 ms

2025-03-04 04:47:05,914 - INFO - 成功处理: query_dense_8_100.graph - 时间: 53.68ms 匹配数: 10565198
2025-03-04 04:47:05,915 - INFO - 开始处理: query_dense_8_101.graph
2025-03-04 04:47:06,318 - DEBUG - query_dense_8_101.graph 标准输出:
Loading data graph...
Loading query graph...
Enumerating...
#Matches: 12915509
#Recursive calls: 1282144
Total time: 161.938 ms
Search time: 158.412 ms

2025-03-04 04:47:06,318 - INFO - 成功处理: query_dense_8_101.graph - 时间: 161.94ms 匹配数: 12915509
2025-03-04 04:47:06,318 - INFO - 开始处理: query_dense_8_102.graph
2025-03-04 04:47:06,638 - DEBUG - query_dense_8_102.graph 标准输出:
Loading data graph...
Loading query graph...
Enumerating...
#Matches: 6147322
#Recursive calls: 676573
Total time: 80.2588 ms
Search time: 76.2997 ms

2025-03-04 04:47:06,638 - INFO - 成功处理: query_dense_8_102.graph - 时间: 80.26ms 匹配数: 6147322
2025-03-04 04:47:06,638 - INFO - 开始处理: query_dense_8_103.graph
2025-03-04 04:47:06,966 - DEBUG - query_dense_8_103.graph 标准输出:
Loading data graph...
Loading query graph...
Enumerating...
#Matches: 14770252
#Recursive calls: 271922
Total time: 91.2271 ms
Search time: 87.7015 ms

2025-03-04 04:47:06,966 - INFO - 成功处理: query_dense_8_103.graph - 时间: 91.23ms 匹配数: 14770252
2025-03-04 04:47:06,966 - INFO - 开始处理: query_dense_8_104.graph
2025-03-04 04:47:07,316 - DEBUG - query_dense_8_104.graph 标准输出:
Loading data graph...
Loading query graph...
Enumerating...
#Matches: 5676072
#Recursive calls: 520885
Total time: 98.9627 ms
Search time: 95.072 ms

2025-03-04 04:47:07,316 - INFO - 成功处理: query_dense_8_104.graph - 时间: 98.96ms 匹配数: 5676072
2025-03-04 04:47:07,316 - INFO - 开始处理: query_dense_8_105.graph
2025-03-04 04:47:07,587 - DEBUG - query_dense_8_105.graph 标准输出:
Loading data graph...
Loading query graph...
Enumerating...
#Matches: 8436849
#Recursive calls: 134776
Total time: 33.2465 ms
Search time: 29.2569 ms

2025-03-04 04:47:07,587 - INFO - 成功处理: query_dense_8_105.graph - 时间: 33.25ms 匹配数: 8436849
2025-03-04 04:47:07,587 - INFO - 开始处理: query_dense_8_106.graph
2025-03-04 04:47:07,871 - DEBUG - query_dense_8_106.graph 标准输出:
Loading data graph...
Loading query graph...
Enumerating...
#Matches: 8625067
#Recursive calls: 92853
Total time: 33.8249 ms
Search time: 29.4052 ms

2025-03-04 04:47:07,871 - INFO - 成功处理: query_dense_8_106.graph - 时间: 33.82ms 匹配数: 8625067
2025-03-04 04:47:07,871 - INFO - 开始处理: query_dense_8_107.graph
2025-03-04 04:47:08,259 - DEBUG - query_dense_8_107.graph 标准输出:
Loading data graph...
Loading query graph...
Enumerating...
#Matches: 10105433
#Recursive calls: 951729
Total time: 121.496 ms
Search time: 117.949 ms

2025-03-04 04:47:08,259 - INFO - 成功处理: query_dense_8_107.graph - 时间: 121.50ms 匹配数: 10105433
2025-03-04 04:47:08,259 - INFO - 开始处理: query_dense_8_108.graph
2025-03-04 04:47:08,591 - DEBUG - query_dense_8_108.graph 标准输出:
Loading data graph...
Loading query graph...
Enumerating...
#Matches: 12414912
#Recursive calls: 190145
Total time: 75.0746 ms
Search time: 70.2661 ms

2025-03-04 04:47:08,591 - INFO - 成功处理: query_dense_8_108.graph - 时间: 75.07ms 匹配数: 12414912
2025-03-04 04:47:08,591 - INFO - 开始处理: query_dense_8_109.graph
2025-03-04 04:47:08,933 - DEBUG - query_dense_8_109.graph 标准输出:
Loading data graph...
Loading query graph...
Enumerating...
#Matches: 31766240
#Recursive calls: 248113
Total time: 92.9636 ms
Search time: 88.9747 ms

2025-03-04 04:47:08,933 - INFO - 成功处理: query_dense_8_109.graph - 时间: 92.96ms 匹配数: 31766240
2025-03-04 04:47:08,933 - INFO - 开始处理: query_dense_8_110.graph
2025-03-04 04:47:09,242 - DEBUG - query_dense_8_110.graph 标准输出:
Loading data graph...
Loading query graph...
Enumerating...
#Matches: 22187109
#Recursive calls: 313561
Total time: 77.6562 ms
Search time: 73.0899 ms

2025-03-04 04:47:09,242 - INFO - 成功处理: query_dense_8_110.graph - 时间: 77.66ms 匹配数: 22187109
2025-03-04 04:47:09,242 - INFO - 开始处理: query_dense_8_111.graph
2025-03-04 04:47:09,604 - DEBUG - query_dense_8_111.graph 标准输出:
Loading data graph...
Loading query graph...
Enumerating...
#Matches: 7950415
#Recursive calls: 754035
Total time: 134.486 ms
Search time: 130.799 ms

2025-03-04 04:47:09,604 - INFO - 成功处理: query_dense_8_111.graph - 时间: 134.49ms 匹配数: 7950415
2025-03-04 04:47:09,604 - INFO - 开始处理: query_dense_8_112.graph
2025-03-04 04:47:10,074 - DEBUG - query_dense_8_112.graph 标准输出:
Loading data graph...
Loading query graph...
Enumerating...
#Matches: 13487312
#Recursive calls: 2372135
Total time: 200.335 ms
Search time: 195.938 ms

2025-03-04 04:47:10,074 - INFO - 成功处理: query_dense_8_112.graph - 时间: 200.34ms 匹配数: 13487312
2025-03-04 04:47:10,074 - INFO - 开始处理: query_dense_8_113.graph
2025-03-04 04:47:10,362 - DEBUG - query_dense_8_113.graph 标准输出:
Loading data graph...
Loading query graph...
Enumerating...
#Matches: 4741191
#Recursive calls: 107227
Total time: 32.3765 ms
Search time: 28.3011 ms

2025-03-04 04:47:10,362 - INFO - 成功处理: query_dense_8_113.graph - 时间: 32.38ms 匹配数: 4741191
2025-03-04 04:47:10,362 - INFO - 开始处理: query_dense_8_114.graph
2025-03-04 04:47:10,788 - DEBUG - query_dense_8_114.graph 标准输出:
Loading data graph...
Loading query graph...
Enumerating...
#Matches: 46105488
#Recursive calls: 441080
Total time: 171.511 ms
Search time: 167.498 ms

2025-03-04 04:47:10,788 - INFO - 成功处理: query_dense_8_114.graph - 时间: 171.51ms 匹配数: 46105488
2025-03-04 04:47:10,788 - INFO - 开始处理: query_dense_8_115.graph
2025-03-04 04:47:11,298 - DEBUG - query_dense_8_115.graph 标准输出:
Loading data graph...
Loading query graph...
Enumerating...
#Matches: 19833726
#Recursive calls: 1774424
Total time: 286.19 ms
Search time: 281.595 ms

2025-03-04 04:47:11,298 - INFO - 成功处理: query_dense_8_115.graph - 时间: 286.19ms 匹配数: 19833726
2025-03-04 04:47:11,298 - INFO - 开始处理: query_dense_8_116.graph
2025-03-04 04:47:11,706 - DEBUG - query_dense_8_116.graph 标准输出:
Loading data graph...
Loading query graph...
Enumerating...
#Matches: 39767121
#Recursive calls: 460832
Total time: 156.568 ms
Search time: 151.908 ms

2025-03-04 04:47:11,706 - INFO - 成功处理: query_dense_8_116.graph - 时间: 156.57ms 匹配数: 39767121
2025-03-04 04:47:11,706 - INFO - 开始处理: query_dense_8_117.graph
2025-03-04 04:47:11,967 - DEBUG - query_dense_8_117.graph 标准输出:
Loading data graph...
Loading query graph...
Enumerating...
#Matches: 1487961
#Recursive calls: 27164
Total time: 10.7719 ms
Search time: 6.97578 ms

2025-03-04 04:47:11,967 - INFO - 成功处理: query_dense_8_117.graph - 时间: 10.77ms 匹配数: 1487961
2025-03-04 04:47:11,967 - INFO - 开始处理: query_dense_8_118.graph
2025-03-04 04:47:12,306 - DEBUG - query_dense_8_118.graph 标准输出:
Loading data graph...
Loading query graph...
Enumerating...
#Matches: 18412436
#Recursive calls: 155936
Total time: 62.8385 ms
Search time: 58.9812 ms

2025-03-04 04:47:12,306 - INFO - 成功处理: query_dense_8_118.graph - 时间: 62.84ms 匹配数: 18412436
2025-03-04 04:47:12,306 - INFO - 开始处理: query_dense_8_119.graph
2025-03-04 04:47:12,555 - DEBUG - query_dense_8_119.graph 标准输出:
Loading data graph...
Loading query graph...
Enumerating...
#Matches: 4484187
#Recursive calls: 73986
Total time: 25.2623 ms
Search time: 20.9933 ms

2025-03-04 04:47:12,555 - INFO - 成功处理: query_dense_8_119.graph - 时间: 25.26ms 匹配数: 4484187
2025-03-04 04:47:12,555 - INFO - 开始处理: query_dense_8_120.graph
2025-03-04 04:47:12,914 - DEBUG - query_dense_8_120.graph 标准输出:
Loading data graph...
Loading query graph...
Enumerating...
#Matches: 24697876
#Recursive calls: 241627
Total time: 92.64 ms
Search time: 88.3977 ms

2025-03-04 04:47:12,914 - INFO - 成功处理: query_dense_8_120.graph - 时间: 92.64ms 匹配数: 24697876
2025-03-04 04:47:12,914 - INFO - 开始处理: query_dense_8_121.graph
2025-03-04 04:47:13,275 - DEBUG - query_dense_8_121.graph 标准输出:
Loading data graph...
Loading query graph...
Enumerating...
#Matches: 7694838
#Recursive calls: 671336
Total time: 96.6544 ms
Search time: 92.3988 ms

2025-03-04 04:47:13,275 - INFO - 成功处理: query_dense_8_121.graph - 时间: 96.65ms 匹配数: 7694838
2025-03-04 04:47:13,275 - INFO - 开始处理: query_dense_8_122.graph
2025-03-04 04:47:13,619 - DEBUG - query_dense_8_122.graph 标准输出:
Loading data graph...
Loading query graph...
Enumerating...
#Matches: 13392541
#Recursive calls: 202257
Total time: 72.829 ms
Search time: 68.6418 ms

2025-03-04 04:47:13,619 - INFO - 成功处理: query_dense_8_122.graph - 时间: 72.83ms 匹配数: 13392541
2025-03-04 04:47:13,619 - INFO - 开始处理: query_dense_8_123.graph
2025-03-04 04:47:13,984 - DEBUG - query_dense_8_123.graph 标准输出:
Loading data graph...
Loading query graph...
Enumerating...
#Matches: 13557132
#Recursive calls: 1260629
Total time: 137.684 ms
Search time: 132.857 ms

2025-03-04 04:47:13,985 - INFO - 成功处理: query_dense_8_123.graph - 时间: 137.68ms 匹配数: 13557132
2025-03-04 04:47:13,985 - INFO - 开始处理: query_dense_8_124.graph
2025-03-04 04:47:14,330 - DEBUG - query_dense_8_124.graph 标准输出:
Loading data graph...
Loading query graph...
Enumerating...
#Matches: 5883521
#Recursive calls: 871438
Total time: 84.5901 ms
Search time: 81.1448 ms

2025-03-04 04:47:14,331 - INFO - 成功处理: query_dense_8_124.graph - 时间: 84.59ms 匹配数: 5883521
2025-03-04 04:47:14,331 - INFO - 开始处理: query_dense_8_125.graph
2025-03-04 04:47:14,758 - DEBUG - query_dense_8_125.graph 标准输出:
Loading data graph...
Loading query graph...
Enumerating...
#Matches: 10667059
#Recursive calls: 1686036
Total time: 170.428 ms
Search time: 166.517 ms

2025-03-04 04:47:14,758 - INFO - 成功处理: query_dense_8_125.graph - 时间: 170.43ms 匹配数: 10667059
2025-03-04 04:47:14,758 - INFO - 开始处理: query_dense_8_126.graph
2025-03-04 04:47:15,099 - DEBUG - query_dense_8_126.graph 标准输出:
Loading data graph...
Loading query graph...
Enumerating...
#Matches: 22694846
#Recursive calls: 223881
Total time: 84.3457 ms
Search time: 80.4819 ms

2025-03-04 04:47:15,099 - INFO - 成功处理: query_dense_8_126.graph - 时间: 84.35ms 匹配数: 22694846
2025-03-04 04:47:15,099 - INFO - 开始处理: query_dense_8_127.graph
2025-03-04 04:47:15,387 - DEBUG - query_dense_8_127.graph 标准输出:
Loading data graph...
Loading query graph...
Enumerating...
#Matches: 5183814
#Recursive calls: 63443
Total time: 22.1889 ms
Search time: 17.7955 ms

2025-03-04 04:47:15,387 - INFO - 成功处理: query_dense_8_127.graph - 时间: 22.19ms 匹配数: 5183814
2025-03-04 04:47:15,387 - INFO - 开始处理: query_dense_8_128.graph
2025-03-04 04:47:15,723 - DEBUG - query_dense_8_128.graph 标准输出:
Loading data graph...
Loading query graph...
Enumerating...
#Matches: 7540593
#Recursive calls: 681604
Total time: 81.8778 ms
Search time: 78.2117 ms

2025-03-04 04:47:15,723 - INFO - 成功处理: query_dense_8_128.graph - 时间: 81.88ms 匹配数: 7540593
2025-03-04 04:47:15,723 - INFO - 开始处理: query_dense_8_129.graph
2025-03-04 04:47:15,996 - DEBUG - query_dense_8_129.graph 标准输出:
Loading data graph...
Loading query graph...
Enumerating...
#Matches: 4537466
#Recursive calls: 30831
Total time: 14.8986 ms
Search time: 10.7237 ms

2025-03-04 04:47:15,996 - INFO - 成功处理: query_dense_8_129.graph - 时间: 14.90ms 匹配数: 4537466
2025-03-04 04:47:15,996 - INFO - 开始处理: query_dense_8_130.graph
2025-03-04 04:47:16,347 - DEBUG - query_dense_8_130.graph 标准输出:
Loading data graph...
Loading query graph...
Enumerating...
#Matches: 19756842
#Recursive calls: 345522
Total time: 94.4309 ms
Search time: 90.6313 ms

2025-03-04 04:47:16,347 - INFO - 成功处理: query_dense_8_130.graph - 时间: 94.43ms 匹配数: 19756842
2025-03-04 04:47:16,347 - INFO - 开始处理: query_dense_8_131.graph
2025-03-04 04:47:16,663 - DEBUG - query_dense_8_131.graph 标准输出:
Loading data graph...
Loading query graph...
Enumerating...
#Matches: 23950342
#Recursive calls: 211279
Total time: 76.9208 ms
Search time: 72.9985 ms

2025-03-04 04:47:16,663 - INFO - 成功处理: query_dense_8_131.graph - 时间: 76.92ms 匹配数: 23950342
2025-03-04 04:47:16,663 - INFO - 开始处理: query_dense_8_132.graph
2025-03-04 04:47:16,987 - DEBUG - query_dense_8_132.graph 标准输出:
Loading data graph...
Loading query graph...
Enumerating...
#Matches: 6143416
#Recursive calls: 761583
Total time: 76.0016 ms
Search time: 72.0792 ms

2025-03-04 04:47:16,987 - INFO - 成功处理: query_dense_8_132.graph - 时间: 76.00ms 匹配数: 6143416
2025-03-04 04:47:16,990 - INFO - 开始处理: query_dense_8_133.graph
2025-03-04 04:47:17,356 - DEBUG - query_dense_8_133.graph 标准输出:
Loading data graph...
Loading query graph...
Enumerating...
#Matches: 19330237
#Recursive calls: 244610
Total time: 119.105 ms
Search time: 114.864 ms

2025-03-04 04:47:17,356 - INFO - 成功处理: query_dense_8_133.graph - 时间: 119.11ms 匹配数: 19330237
2025-03-04 04:47:17,356 - INFO - 开始处理: query_dense_8_134.graph
2025-03-04 04:47:17,631 - DEBUG - query_dense_8_134.graph 标准输出:
Loading data graph...
Loading query graph...
Enumerating...
#Matches: 6332822
#Recursive calls: 89840
Total time: 26.1003 ms
Search time: 21.4061 ms

2025-03-04 04:47:17,632 - INFO - 成功处理: query_dense_8_134.graph - 时间: 26.10ms 匹配数: 6332822
2025-03-04 04:47:17,632 - INFO - 开始处理: query_dense_8_135.graph
2025-03-04 04:47:18,109 - DEBUG - query_dense_8_135.graph 标准输出:
Loading data graph...
Loading query graph...
Enumerating...
#Matches: 17302021
#Recursive calls: 1533786
Total time: 223.046 ms
Search time: 218.358 ms

2025-03-04 04:47:18,109 - INFO - 成功处理: query_dense_8_135.graph - 时间: 223.05ms 匹配数: 17302021
2025-03-04 04:47:18,109 - INFO - 开始处理: query_dense_8_136.graph
2025-03-04 04:47:18,383 - DEBUG - query_dense_8_136.graph 标准输出:
Loading data graph...
Loading query graph...
Enumerating...
#Matches: 8391966
#Recursive calls: 80431
Total time: 26.3127 ms
Search time: 21.9222 ms

2025-03-04 04:47:18,384 - INFO - 成功处理: query_dense_8_136.graph - 时间: 26.31ms 匹配数: 8391966
2025-03-04 04:47:18,384 - INFO - 开始处理: query_dense_8_137.graph
2025-03-04 04:47:18,754 - DEBUG - query_dense_8_137.graph 标准输出:
Loading data graph...
Loading query graph...
Enumerating...
#Matches: 3598248
#Recursive calls: 10202
Total time: 124.931 ms
Search time: 120.532 ms

2025-03-04 04:47:18,754 - INFO - 成功处理: query_dense_8_137.graph - 时间: 124.93ms 匹配数: 3598248
2025-03-04 04:47:18,754 - INFO - 开始处理: query_dense_8_138.graph
2025-03-04 04:47:19,099 - DEBUG - query_dense_8_138.graph 标准输出:
Loading data graph...
Loading query graph...
Enumerating...
#Matches: 13768444
#Recursive calls: 210126
Total time: 88.4517 ms
Search time: 84.2498 ms

2025-03-04 04:47:19,100 - INFO - 成功处理: query_dense_8_138.graph - 时间: 88.45ms 匹配数: 13768444
2025-03-04 04:47:19,100 - INFO - 开始处理: query_dense_8_139.graph
2025-03-04 04:47:19,411 - DEBUG - query_dense_8_139.graph 标准输出:
Loading data graph...
Loading query graph...
Enumerating...
#Matches: 9101475
#Recursive calls: 185276
Total time: 58.1893 ms
Search time: 54.2493 ms

2025-03-04 04:47:19,411 - INFO - 成功处理: query_dense_8_139.graph - 时间: 58.19ms 匹配数: 9101475
2025-03-04 04:47:19,411 - INFO - 开始处理: query_dense_8_140.graph
2025-03-04 04:47:19,692 - DEBUG - query_dense_8_140.graph 标准输出:
Loading data graph...
Loading query graph...
Enumerating...
#Matches: 6912805
#Recursive calls: 132691
Total time: 35.3434 ms
Search time: 30.7148 ms

2025-03-04 04:47:19,692 - INFO - 成功处理: query_dense_8_140.graph - 时间: 35.34ms 匹配数: 6912805
2025-03-04 04:47:19,692 - INFO - 开始处理: query_dense_8_141.graph
2025-03-04 04:47:19,938 - DEBUG - query_dense_8_141.graph 标准输出:
Loading data graph...
Loading query graph...
Enumerating...
#Matches: 2598364
#Recursive calls: 57819
Total time: 14.9849 ms
Search time: 10.1551 ms

2025-03-04 04:47:19,938 - INFO - 成功处理: query_dense_8_141.graph - 时间: 14.98ms 匹配数: 2598364
2025-03-04 04:47:19,938 - INFO - 开始处理: query_dense_8_142.graph
2025-03-04 04:47:20,590 - DEBUG - query_dense_8_142.graph 标准输出:
Loading data graph...
Loading query graph...
Enumerating...
#Matches: 31698368
#Recursive calls: 4384166
Total time: 413.134 ms
Search time: 408.553 ms

2025-03-04 04:47:20,591 - INFO - 成功处理: query_dense_8_142.graph - 时间: 413.13ms 匹配数: 31698368
2025-03-04 04:47:20,591 - INFO - 开始处理: query_dense_8_143.graph
2025-03-04 04:47:20,853 - DEBUG - query_dense_8_143.graph 标准输出:
Loading data graph...
Loading query graph...
Enumerating...
#Matches: 6733587
#Recursive calls: 17658
Total time: 11.2532 ms
Search time: 7.65115 ms

2025-03-04 04:47:20,853 - INFO - 成功处理: query_dense_8_143.graph - 时间: 11.25ms 匹配数: 6733587
2025-03-04 04:47:20,853 - INFO - 开始处理: query_dense_8_144.graph
2025-03-04 04:47:21,393 - DEBUG - query_dense_8_144.graph 标准输出:
Loading data graph...
Loading query graph...
Enumerating...
#Matches: 21469589
#Recursive calls: 2151897
Total time: 283.984 ms
Search time: 279.96 ms

2025-03-04 04:47:21,393 - INFO - 成功处理: query_dense_8_144.graph - 时间: 283.98ms 匹配数: 21469589
2025-03-04 04:47:21,394 - INFO - 开始处理: query_dense_8_145.graph
2025-03-04 04:47:21,737 - DEBUG - query_dense_8_145.graph 标准输出:
Loading data graph...
Loading query graph...
Enumerating...
#Matches: 6911049
#Recursive calls: 906248
Total time: 109.438 ms
Search time: 105.167 ms

2025-03-04 04:47:21,737 - INFO - 成功处理: query_dense_8_145.graph - 时间: 109.44ms 匹配数: 6911049
2025-03-04 04:47:21,737 - INFO - 开始处理: query_dense_8_146.graph
2025-03-04 04:47:22,001 - DEBUG - query_dense_8_146.graph 标准输出:
Loading data graph...
Loading query graph...
Enumerating...
#Matches: 20163818
#Recursive calls: 30777
Total time: 17.8016 ms
Search time: 13.4441 ms

2025-03-04 04:47:22,001 - INFO - 成功处理: query_dense_8_146.graph - 时间: 17.80ms 匹配数: 20163818
2025-03-04 04:47:22,002 - INFO - 开始处理: query_dense_8_147.graph
2025-03-04 04:47:22,303 - DEBUG - query_dense_8_147.graph 标准输出:
Loading data graph...
Loading query graph...
Enumerating...
#Matches: 8371107
#Recursive calls: 86596
Total time: 33.2803 ms
Search time: 30.0269 ms

2025-03-04 04:47:22,303 - INFO - 成功处理: query_dense_8_147.graph - 时间: 33.28ms 匹配数: 8371107
2025-03-04 04:47:22,303 - INFO - 开始处理: query_dense_8_148.graph
2025-03-04 04:47:22,695 - DEBUG - query_dense_8_148.graph 标准输出:
Loading data graph...
Loading query graph...
Enumerating...
#Matches: 13092521
#Recursive calls: 1370062
Total time: 150.554 ms
Search time: 145.735 ms

2025-03-04 04:47:22,696 - INFO - 成功处理: query_dense_8_148.graph - 时间: 150.55ms 匹配数: 13092521
2025-03-04 04:47:22,696 - INFO - 开始处理: query_dense_8_149.graph
2025-03-04 04:47:22,954 - DEBUG - query_dense_8_149.graph 标准输出:
Loading data graph...
Loading query graph...
Enumerating...
#Matches: 3152941
#Recursive calls: 47662
Total time: 12.5542 ms
Search time: 9.31102 ms

2025-03-04 04:47:22,954 - INFO - 成功处理: query_dense_8_149.graph - 时间: 12.55ms 匹配数: 3152941
2025-03-04 04:47:22,955 - INFO - 开始处理: query_dense_8_150.graph
2025-03-04 04:47:23,232 - DEBUG - query_dense_8_150.graph 标准输出:
Loading data graph...
Loading query graph...
Enumerating...
#Matches: 2899327
#Recursive calls: 68081
Total time: 19.2133 ms
Search time: 15.7869 ms

2025-03-04 04:47:23,232 - INFO - 成功处理: query_dense_8_150.graph - 时间: 19.21ms 匹配数: 2899327
2025-03-04 04:47:23,232 - INFO - 开始处理: query_dense_8_151.graph
2025-03-04 04:47:23,525 - DEBUG - query_dense_8_151.graph 标准输出:
Loading data graph...
Loading query graph...
Enumerating...
#Matches: 11154759
#Recursive calls: 166728
Total time: 54.1629 ms
Search time: 50.6152 ms

2025-03-04 04:47:23,525 - INFO - 成功处理: query_dense_8_151.graph - 时间: 54.16ms 匹配数: 11154759
2025-03-04 04:47:23,525 - INFO - 开始处理: query_dense_8_152.graph
2025-03-04 04:47:23,907 - DEBUG - query_dense_8_152.graph 标准输出:
Loading data graph...
Loading query graph...
Enumerating...
#Matches: 16422373
#Recursive calls: 489755
Total time: 115.548 ms
Search time: 111.497 ms

2025-03-04 04:47:23,907 - INFO - 成功处理: query_dense_8_152.graph - 时间: 115.55ms 匹配数: 16422373
2025-03-04 04:47:23,907 - INFO - 开始处理: query_dense_8_153.graph
2025-03-04 04:47:24,257 - DEBUG - query_dense_8_153.graph 标准输出:
Loading data graph...
Loading query graph...
Enumerating...
#Matches: 21098227
#Recursive calls: 304564
Total time: 95.9768 ms
Search time: 92.7873 ms

2025-03-04 04:47:24,258 - INFO - 成功处理: query_dense_8_153.graph - 时间: 95.98ms 匹配数: 21098227
2025-03-04 04:47:24,258 - INFO - 开始处理: query_dense_8_154.graph
2025-03-04 04:47:24,852 - DEBUG - query_dense_8_154.graph 标准输出:
Loading data graph...
Loading query graph...
Enumerating...
#Matches: 54754244
#Recursive calls: 1628347
Total time: 336.831 ms
Search time: 332.453 ms

2025-03-04 04:47:24,852 - INFO - 成功处理: query_dense_8_154.graph - 时间: 336.83ms 匹配数: 54754244
2025-03-04 04:47:24,853 - INFO - 开始处理: query_dense_8_155.graph
2025-03-04 04:47:25,189 - DEBUG - query_dense_8_155.graph 标准输出:
Loading data graph...
Loading query graph...
Enumerating...
#Matches: 4848448
#Recursive calls: 661562
Total time: 72.6633 ms
Search time: 67.7551 ms

2025-03-04 04:47:25,189 - INFO - 成功处理: query_dense_8_155.graph - 时间: 72.66ms 匹配数: 4848448
2025-03-04 04:47:25,190 - INFO - 开始处理: query_dense_8_156.graph
2025-03-04 04:47:25,743 - DEBUG - query_dense_8_156.graph 标准输出:
Loading data graph...
Loading query graph...
Enumerating...
#Matches: 27593344
#Recursive calls: 2453765
Total time: 321.623 ms
Search time: 317.842 ms

2025-03-04 04:47:25,743 - INFO - 成功处理: query_dense_8_156.graph - 时间: 321.62ms 匹配数: 27593344
2025-03-04 04:47:25,743 - INFO - 开始处理: query_dense_8_157.graph
2025-03-04 04:47:26,076 - DEBUG - query_dense_8_157.graph 标准输出:
Loading data graph...
Loading query graph...
Enumerating...
#Matches: 25600297
#Recursive calls: 304522
Total time: 87.3209 ms
Search time: 82.6918 ms

2025-03-04 04:47:26,076 - INFO - 成功处理: query_dense_8_157.graph - 时间: 87.32ms 匹配数: 25600297
2025-03-04 04:47:26,076 - INFO - 开始处理: query_dense_8_158.graph
2025-03-04 04:47:26,336 - DEBUG - query_dense_8_158.graph 标准输出:
Loading data graph...
Loading query graph...
Enumerating...
#Matches: 3230404
#Recursive calls: 12319
Total time: 7.32658 ms
Search time: 3.48459 ms

2025-03-04 04:47:26,337 - INFO - 成功处理: query_dense_8_158.graph - 时间: 7.33ms 匹配数: 3230404
2025-03-04 04:47:26,337 - INFO - 开始处理: query_dense_8_159.graph
2025-03-04 04:47:26,910 - DEBUG - query_dense_8_159.graph 标准输出:
Loading data graph...
Loading query graph...
Enumerating...
#Matches: 26249422
#Recursive calls: 2141356
Total time: 321.758 ms
Search time: 317.666 ms

2025-03-04 04:47:26,910 - INFO - 成功处理: query_dense_8_159.graph - 时间: 321.76ms 匹配数: 26249422
2025-03-04 04:47:26,910 - INFO - 开始处理: query_dense_8_160.graph
2025-03-04 04:47:27,176 - DEBUG - query_dense_8_160.graph 标准输出:
Loading data graph...
Loading query graph...
Enumerating...
#Matches: 4565609
#Recursive calls: 20539
Total time: 12.4441 ms
Search time: 7.83651 ms

2025-03-04 04:47:27,176 - INFO - 成功处理: query_dense_8_160.graph - 时间: 12.44ms 匹配数: 4565609
2025-03-04 04:47:27,176 - INFO - 开始处理: query_dense_8_161.graph
2025-03-04 04:47:27,498 - DEBUG - query_dense_8_161.graph 标准输出:
Loading data graph...
Loading query graph...
Enumerating...
#Matches: 22148046
#Recursive calls: 204228
Total time: 74.732 ms
Search time: 70.984 ms

2025-03-04 04:47:27,498 - INFO - 成功处理: query_dense_8_161.graph - 时间: 74.73ms 匹配数: 22148046
2025-03-04 04:47:27,498 - INFO - 开始处理: query_dense_8_162.graph
2025-03-04 04:47:27,781 - DEBUG - query_dense_8_162.graph 标准输出:
Loading data graph...
Loading query graph...
Enumerating...
#Matches: 6353250
#Recursive calls: 145687
Total time: 36.5528 ms
Search time: 32.9512 ms

2025-03-04 04:47:27,781 - INFO - 成功处理: query_dense_8_162.graph - 时间: 36.55ms 匹配数: 6353250
2025-03-04 04:47:27,782 - INFO - 开始处理: query_dense_8_163.graph
2025-03-04 04:47:28,077 - DEBUG - query_dense_8_163.graph 标准输出:
Loading data graph...
Loading query graph...
Enumerating...
#Matches: 2582544
#Recursive calls: 309034
Total time: 49.8383 ms
Search time: 46.472 ms

2025-03-04 04:47:28,077 - INFO - 成功处理: query_dense_8_163.graph - 时间: 49.84ms 匹配数: 2582544
2025-03-04 04:47:28,077 - INFO - 开始处理: query_dense_8_164.graph
2025-03-04 04:47:28,355 - DEBUG - query_dense_8_164.graph 标准输出:
Loading data graph...
Loading query graph...
Enumerating...
#Matches: 51204868
#Recursive calls: 36738
Total time: 24.1707 ms
Search time: 20.7574 ms

2025-03-04 04:47:28,355 - INFO - 成功处理: query_dense_8_164.graph - 时间: 24.17ms 匹配数: 51204868
2025-03-04 04:47:28,355 - INFO - 开始处理: query_dense_8_165.graph
2025-03-04 04:47:28,973 - DEBUG - query_dense_8_165.graph 标准输出:
Loading data graph...
Loading query graph...
Enumerating...
#Matches: 25965210
#Recursive calls: 4906785
Total time: 360.688 ms
Search time: 356.023 ms

2025-03-04 04:47:28,973 - INFO - 成功处理: query_dense_8_165.graph - 时间: 360.69ms 匹配数: 25965210
2025-03-04 04:47:28,973 - INFO - 开始处理: query_dense_8_166.graph
2025-03-04 04:47:29,300 - DEBUG - query_dense_8_166.graph 标准输出:
Loading data graph...
Loading query graph...
Enumerating...
#Matches: 5369716
#Recursive calls: 590294
Total time: 93.6464 ms
Search time: 89.9544 ms

2025-03-04 04:47:29,300 - INFO - 成功处理: query_dense_8_166.graph - 时间: 93.65ms 匹配数: 5369716
2025-03-04 04:47:29,301 - INFO - 开始处理: query_dense_8_167.graph
2025-03-04 04:47:29,583 - DEBUG - query_dense_8_167.graph 标准输出:
Loading data graph...
Loading query graph...
Enumerating...
#Matches: 19723178
#Recursive calls: 41436
Total time: 35.9842 ms
Search time: 26.6033 ms

2025-03-04 04:47:29,583 - INFO - 成功处理: query_dense_8_167.graph - 时间: 35.98ms 匹配数: 19723178
2025-03-04 04:47:29,583 - INFO - 开始处理: query_dense_8_168.graph
2025-03-04 04:47:29,954 - DEBUG - query_dense_8_168.graph 标准输出:
Loading data graph...
Loading query graph...
Enumerating...
#Matches: 6538148
#Recursive calls: 640071
Total time: 104.175 ms
Search time: 100.83 ms

2025-03-04 04:47:29,954 - INFO - 成功处理: query_dense_8_168.graph - 时间: 104.17ms 匹配数: 6538148
2025-03-04 04:47:29,954 - INFO - 开始处理: query_dense_8_169.graph
2025-03-04 04:47:30,244 - DEBUG - query_dense_8_169.graph 标准输出:
Loading data graph...
Loading query graph...
Enumerating...
#Matches: 7843803
#Recursive calls: 113832
Total time: 36.7592 ms
Search time: 32.2346 ms

2025-03-04 04:47:30,245 - INFO - 成功处理: query_dense_8_169.graph - 时间: 36.76ms 匹配数: 7843803
2025-03-04 04:47:30,245 - INFO - 开始处理: query_dense_8_170.graph
2025-03-04 04:47:30,572 - DEBUG - query_dense_8_170.graph 标准输出:
Loading data graph...
Loading query graph...
Enumerating...
#Matches: 4601057
#Recursive calls: 598777
Total time: 66.9912 ms
Search time: 59.5264 ms

2025-03-04 04:47:30,573 - INFO - 成功处理: query_dense_8_170.graph - 时间: 66.99ms 匹配数: 4601057
2025-03-04 04:47:30,573 - INFO - 开始处理: query_dense_8_171.graph
2025-03-04 04:47:30,933 - DEBUG - query_dense_8_171.graph 标准输出:
Loading data graph...
Loading query graph...
Enumerating...
#Matches: 7151464
#Recursive calls: 748333
Total time: 113.088 ms
Search time: 109.954 ms

2025-03-04 04:47:30,933 - INFO - 成功处理: query_dense_8_171.graph - 时间: 113.09ms 匹配数: 7151464
2025-03-04 04:47:30,933 - INFO - 开始处理: query_dense_8_172.graph
2025-03-04 04:47:31,206 - DEBUG - query_dense_8_172.graph 标准输出:
Loading data graph...
Loading query graph...
Enumerating...
#Matches: 7260918
#Recursive calls: 94265
Total time: 26.0398 ms
Search time: 22.8056 ms

2025-03-04 04:47:31,206 - INFO - 成功处理: query_dense_8_172.graph - 时间: 26.04ms 匹配数: 7260918
2025-03-04 04:47:31,206 - INFO - 开始处理: query_dense_8_173.graph
2025-03-04 04:47:31,549 - DEBUG - query_dense_8_173.graph 标准输出:
Loading data graph...
Loading query graph...
Enumerating...
#Matches: 6661983
#Recursive calls: 694654
Total time: 98.2781 ms
Search time: 96.291 ms

2025-03-04 04:47:31,549 - INFO - 成功处理: query_dense_8_173.graph - 时间: 98.28ms 匹配数: 6661983
2025-03-04 04:47:31,549 - INFO - 开始处理: query_dense_8_174.graph
2025-03-04 04:47:31,971 - DEBUG - query_dense_8_174.graph 标准输出:
Loading data graph...
Loading query graph...
Enumerating...
#Matches: 12733430
#Recursive calls: 1438534
Total time: 164.628 ms
Search time: 161.66 ms

2025-03-04 04:47:31,972 - INFO - 成功处理: query_dense_8_174.graph - 时间: 164.63ms 匹配数: 12733430
2025-03-04 04:47:31,972 - INFO - 开始处理: query_dense_8_175.graph
2025-03-04 04:47:32,485 - DEBUG - query_dense_8_175.graph 标准输出:
Loading data graph...
Loading query graph...
Enumerating...
#Matches: 81344614
#Recursive calls: 592233
Total time: 259.295 ms
Search time: 255.488 ms

2025-03-04 04:47:32,485 - INFO - 成功处理: query_dense_8_175.graph - 时间: 259.30ms 匹配数: 81344614
2025-03-04 04:47:32,485 - INFO - 开始处理: query_dense_8_176.graph
2025-03-04 04:47:32,768 - DEBUG - query_dense_8_176.graph 标准输出:
Loading data graph...
Loading query graph...
Enumerating...
#Matches: 52798030
#Recursive calls: 59733
Total time: 29.8814 ms
Search time: 26.3408 ms

2025-03-04 04:47:32,768 - INFO - 成功处理: query_dense_8_176.graph - 时间: 29.88ms 匹配数: 52798030
2025-03-04 04:47:32,768 - INFO - 开始处理: query_dense_8_177.graph
2025-03-04 04:47:33,086 - DEBUG - query_dense_8_177.graph 标准输出:
Loading data graph...
Loading query graph...
Enumerating...
#Matches: 17059234
#Recursive calls: 123991
Total time: 57.4349 ms
Search time: 54.3346 ms

2025-03-04 04:47:33,086 - INFO - 成功处理: query_dense_8_177.graph - 时间: 57.43ms 匹配数: 17059234
2025-03-04 04:47:33,086 - INFO - 开始处理: query_dense_8_178.graph
2025-03-04 04:47:33,679 - DEBUG - query_dense_8_178.graph 标准输出:
Loading data graph...
Loading query graph...
Enumerating...
#Matches: 26047698
#Recursive calls: 2176092
Total time: 340.944 ms
Search time: 338.025 ms

2025-03-04 04:47:33,679 - INFO - 成功处理: query_dense_8_178.graph - 时间: 340.94ms 匹配数: 26047698
2025-03-04 04:47:33,679 - INFO - 开始处理: query_dense_8_179.graph
2025-03-04 04:47:34,145 - DEBUG - query_dense_8_179.graph 标准输出:
Loading data graph...
Loading query graph...
Enumerating...
#Matches: 50159468
#Recursive calls: 437510
Total time: 209.661 ms
Search time: 206.225 ms

2025-03-04 04:47:34,145 - INFO - 成功处理: query_dense_8_179.graph - 时间: 209.66ms 匹配数: 50159468
2025-03-04 04:47:34,145 - INFO - 开始处理: query_dense_8_180.graph
2025-03-04 04:47:34,618 - DEBUG - query_dense_8_180.graph 标准输出:
Loading data graph...
Loading query graph...
Enumerating...
#Matches: 10962928
#Recursive calls: 1107106
Total time: 206.991 ms
Search time: 204.092 ms

2025-03-04 04:47:34,618 - INFO - 成功处理: query_dense_8_180.graph - 时间: 206.99ms 匹配数: 10962928
2025-03-04 04:47:34,618 - INFO - 开始处理: query_dense_8_181.graph
2025-03-04 04:47:34,960 - DEBUG - query_dense_8_181.graph 标准输出:
Loading data graph...
Loading query graph...
Enumerating...
#Matches: 6937665
#Recursive calls: 699358
Total time: 84.6418 ms
Search time: 81.0757 ms

2025-03-04 04:47:34,960 - INFO - 成功处理: query_dense_8_181.graph - 时间: 84.64ms 匹配数: 6937665
2025-03-04 04:47:34,960 - INFO - 开始处理: query_dense_8_182.graph
2025-03-04 04:47:35,235 - DEBUG - query_dense_8_182.graph 标准输出:
Loading data graph...
Loading query graph...
Enumerating...
#Matches: 12416291
#Recursive calls: 29916
Total time: 20.7353 ms
Search time: 17.462 ms

2025-03-04 04:47:35,235 - INFO - 成功处理: query_dense_8_182.graph - 时间: 20.74ms 匹配数: 12416291
2025-03-04 04:47:35,235 - INFO - 开始处理: query_dense_8_183.graph
2025-03-04 04:47:35,599 - DEBUG - query_dense_8_183.graph 标准输出:
Loading data graph...
Loading query graph...
Enumerating...
#Matches: 6315236
#Recursive calls: 899804
Total time: 108.502 ms
Search time: 105.209 ms

2025-03-04 04:47:35,599 - INFO - 成功处理: query_dense_8_183.graph - 时间: 108.50ms 匹配数: 6315236
2025-03-04 04:47:35,599 - INFO - 开始处理: query_dense_8_184.graph
2025-03-04 04:47:35,981 - DEBUG - query_dense_8_184.graph 标准输出:
Loading data graph...
Loading query graph...
Enumerating...
#Matches: 8763256
#Recursive calls: 718583
Total time: 125.017 ms
Search time: 121.993 ms

2025-03-04 04:47:35,981 - INFO - 成功处理: query_dense_8_184.graph - 时间: 125.02ms 匹配数: 8763256
2025-03-04 04:47:35,981 - INFO - 开始处理: query_dense_8_185.graph
2025-03-04 04:47:36,328 - DEBUG - query_dense_8_185.graph 标准输出:
Loading data graph...
Loading query graph...
Enumerating...
#Matches: 12050770
#Recursive calls: 208094
Total time: 96.3171 ms
Search time: 91.5841 ms

2025-03-04 04:47:36,328 - INFO - 成功处理: query_dense_8_185.graph - 时间: 96.32ms 匹配数: 12050770
2025-03-04 04:47:36,328 - INFO - 开始处理: query_dense_8_186.graph
2025-03-04 04:47:36,596 - DEBUG - query_dense_8_186.graph 标准输出:
Loading data graph...
Loading query graph...
Enumerating...
#Matches: 3673875
#Recursive calls: 62437
Total time: 19.12 ms
Search time: 14.8337 ms

2025-03-04 04:47:36,596 - INFO - 成功处理: query_dense_8_186.graph - 时间: 19.12ms 匹配数: 3673875
2025-03-04 04:47:36,596 - INFO - 开始处理: query_dense_8_187.graph
2025-03-04 04:47:36,939 - DEBUG - query_dense_8_187.graph 标准输出:
Loading data graph...
Loading query graph...
Enumerating...
#Matches: 11180386
#Recursive calls: 493115
Total time: 91.0085 ms
Search time: 87.4319 ms

2025-03-04 04:47:36,939 - INFO - 成功处理: query_dense_8_187.graph - 时间: 91.01ms 匹配数: 11180386
2025-03-04 04:47:36,939 - INFO - 开始处理: query_dense_8_188.graph
2025-03-04 04:47:37,346 - DEBUG - query_dense_8_188.graph 标准输出:
Loading data graph...
Loading query graph...
Enumerating...
#Matches: 11781733
#Recursive calls: 1115819
Total time: 155.026 ms
Search time: 151.904 ms

2025-03-04 04:47:37,346 - INFO - 成功处理: query_dense_8_188.graph - 时间: 155.03ms 匹配数: 11781733
2025-03-04 04:47:37,346 - INFO - 开始处理: query_dense_8_189.graph
2025-03-04 04:47:37,631 - DEBUG - query_dense_8_189.graph 标准输出:
Loading data graph...
Loading query graph...
Enumerating...
#Matches: 20704911
#Recursive calls: 51462
Total time: 31.6027 ms
Search time: 28.1597 ms

2025-03-04 04:47:37,631 - INFO - 成功处理: query_dense_8_189.graph - 时间: 31.60ms 匹配数: 20704911
2025-03-04 04:47:37,631 - INFO - 开始处理: query_dense_8_190.graph
2025-03-04 04:47:38,296 - DEBUG - query_dense_8_190.graph 标准输出:
Loading data graph...
Loading query graph...
Enumerating...
#Matches: 29118256
#Recursive calls: 2914614
Total time: 411.086 ms
Search time: 407.116 ms

2025-03-04 04:47:38,297 - INFO - 成功处理: query_dense_8_190.graph - 时间: 411.09ms 匹配数: 29118256
2025-03-04 04:47:38,297 - INFO - 开始处理: query_dense_8_191.graph
2025-03-04 04:47:38,751 - DEBUG - query_dense_8_191.graph 标准输出:
Loading data graph...
Loading query graph...
Enumerating...
#Matches: 50780290
#Recursive calls: 602768
Total time: 193.72 ms
Search time: 189.992 ms

2025-03-04 04:47:38,751 - INFO - 成功处理: query_dense_8_191.graph - 时间: 193.72ms 匹配数: 50780290
2025-03-04 04:47:38,751 - INFO - 开始处理: query_dense_8_192.graph
2025-03-04 04:47:39,027 - DEBUG - query_dense_8_192.graph 标准输出:
Loading data graph...
Loading query graph...
Enumerating...
#Matches: 3193743
#Recursive calls: 43974
Total time: 15.3229 ms
Search time: 11.2833 ms

2025-03-04 04:47:39,027 - INFO - 成功处理: query_dense_8_192.graph - 时间: 15.32ms 匹配数: 3193743
2025-03-04 04:47:39,027 - INFO - 开始处理: query_dense_8_193.graph
2025-03-04 04:47:39,383 - DEBUG - query_dense_8_193.graph 标准输出:
Loading data graph...
Loading query graph...
Enumerating...
#Matches: 20740690
#Recursive calls: 215885
Total time: 82.7965 ms
Search time: 78.7858 ms

2025-03-04 04:47:39,383 - INFO - 成功处理: query_dense_8_193.graph - 时间: 82.80ms 匹配数: 20740690
2025-03-04 04:47:39,383 - INFO - 开始处理: query_dense_8_194.graph
2025-03-04 04:47:39,679 - DEBUG - query_dense_8_194.graph 标准输出:
Loading data graph...
Loading query graph...
Enumerating...
#Matches: 12516689
#Recursive calls: 154381
Total time: 42.9917 ms
Search time: 39.7532 ms

2025-03-04 04:47:39,680 - INFO - 成功处理: query_dense_8_194.graph - 时间: 42.99ms 匹配数: 12516689
2025-03-04 04:47:39,680 - INFO - 开始处理: query_dense_8_195.graph
2025-03-04 04:47:39,972 - DEBUG - query_dense_8_195.graph 标准输出:
Loading data graph...
Loading query graph...
Enumerating...
#Matches: 2518929
#Recursive calls: 110300
Total time: 30.9675 ms
Search time: 27.1847 ms

2025-03-04 04:47:39,972 - INFO - 成功处理: query_dense_8_195.graph - 时间: 30.97ms 匹配数: 2518929
2025-03-04 04:47:39,972 - INFO - 开始处理: query_dense_8_196.graph
2025-03-04 04:47:40,356 - DEBUG - query_dense_8_196.graph 标准输出:
Loading data graph...
Loading query graph...
Enumerating...
#Matches: 11072084
#Recursive calls: 1073039
Total time: 148.507 ms
Search time: 143.657 ms

2025-03-04 04:47:40,356 - INFO - 成功处理: query_dense_8_196.graph - 时间: 148.51ms 匹配数: 11072084
2025-03-04 04:47:40,356 - INFO - 开始处理: query_dense_8_197.graph
2025-03-04 04:47:40,776 - DEBUG - query_dense_8_197.graph 标准输出:
Loading data graph...
Loading query graph...
Enumerating...
#Matches: 13565848
#Recursive calls: 1175397
Total time: 172.697 ms
Search time: 168.898 ms

2025-03-04 04:47:40,776 - INFO - 成功处理: query_dense_8_197.graph - 时间: 172.70ms 匹配数: 13565848
2025-03-04 04:47:40,776 - INFO - 开始处理: query_dense_8_198.graph
2025-03-04 04:47:41,172 - DEBUG - query_dense_8_198.graph 标准输出:
Loading data graph...
Loading query graph...
Enumerating...
#Matches: 10906280
#Recursive calls: 978464
Total time: 139.724 ms
Search time: 136.314 ms

2025-03-04 04:47:41,172 - INFO - 成功处理: query_dense_8_198.graph - 时间: 139.72ms 匹配数: 10906280
2025-03-04 04:47:41,172 - INFO - 开始处理: query_dense_8_199.graph
2025-03-04 04:47:41,466 - DEBUG - query_dense_8_199.graph 标准输出:
Loading data graph...
Loading query graph...
Enumerating...
#Matches: 5394736
#Recursive calls: 75561
Total time: 37.614 ms
Search time: 34.5551 ms

2025-03-04 04:47:41,466 - INFO - 成功处理: query_dense_8_199.graph - 时间: 37.61ms 匹配数: 5394736
2025-03-04 04:47:41,466 - INFO - 开始处理: query_dense_8_200.graph
2025-03-04 04:47:41,748 - DEBUG - query_dense_8_200.graph 标准输出:
Loading data graph...
Loading query graph...
Enumerating...
#Matches: 2576471
#Recursive calls: 40365
Total time: 22.5931 ms
Search time: 17.6804 ms

2025-03-04 04:47:41,748 - INFO - 成功处理: query_dense_8_200.graph - 时间: 22.59ms 匹配数: 2576471
2025-03-04 04:47:41,748 - INFO - 处理任务全部完成
