2025-03-01 17:23:58,493 - INFO - 开始处理: query_dense_12_1.graph
2025-03-01 17:23:58,637 - DEBUG - query_dense_12_1.graph 标准输出:
Loading data graph...
Loading query graph...
Enumerating...
#Matches: 33213816
#Recursive calls: 499132
Total time: 124.258 ms
Search time: 124.203 ms

2025-03-01 17:23:58,638 - INFO - 成功处理: query_dense_12_1.graph - 时间: 124.26ms 匹配数: 33213816
2025-03-01 17:23:58,638 - INFO - 开始处理: query_dense_12_2.graph
2025-03-01 17:23:58,666 - DEBUG - query_dense_12_2.graph 标准输出:
Loading data graph...
Loading query graph...
Enumerating...
#Matches: 6083100
#Recursive calls: 6868
Total time: 14.414 ms
Search time: 14.2522 ms

2025-03-01 17:23:58,666 - INFO - 成功处理: query_dense_12_2.graph - 时间: 14.41ms 匹配数: 6083100
2025-03-01 17:23:58,666 - INFO - 开始处理: query_dense_12_3.graph
