2025-03-04 05:14:04,887 - INFO - 处理条件：类型=dense, 组号=[16], 文件范围=1-10, 输出文件=/home/myran/FaSTest_backup/FaSTest/dataset/dblp/dblp_ans.txt, 写入模式=追加
2025-03-04 05:14:04,890 - INFO - 找到符合条件文件数量：10
2025-03-04 05:14:04,890 - INFO - 开始处理: query_dense_16_1.graph
2025-03-04 05:24:05,001 - ERROR - 处理超时: query_dense_16_1.graph (超过 600 秒)
2025-03-04 05:24:05,002 - INFO - 开始处理: query_dense_16_2.graph
2025-03-04 05:34:05,935 - ERROR - 处理超时: query_dense_16_2.graph (超过 600 秒)
2025-03-04 05:34:05,936 - INFO - 开始处理: query_dense_16_3.graph
2025-03-04 05:44:06,063 - ERROR - 处理超时: query_dense_16_3.graph (超过 600 秒)
2025-03-04 05:44:06,068 - INFO - 开始处理: query_dense_16_4.graph
2025-03-04 05:54:06,180 - ERROR - 处理超时: query_dense_16_4.graph (超过 600 秒)
2025-03-04 05:54:06,180 - INFO - 开始处理: query_dense_16_5.graph
2025-03-04 06:04:06,293 - ERROR - 处理超时: query_dense_16_5.graph (超过 600 秒)
2025-03-04 06:04:06,293 - INFO - 开始处理: query_dense_16_6.graph
2025-03-04 06:14:06,435 - ERROR - 处理超时: query_dense_16_6.graph (超过 600 秒)
2025-03-04 06:14:06,435 - INFO - 开始处理: query_dense_16_7.graph
2025-03-04 06:24:06,455 - ERROR - 处理超时: query_dense_16_7.graph (超过 600 秒)
2025-03-04 06:24:06,455 - INFO - 开始处理: query_dense_16_8.graph
2025-03-04 06:34:06,570 - ERROR - 处理超时: query_dense_16_8.graph (超过 600 秒)
2025-03-04 06:34:06,570 - INFO - 开始处理: query_dense_16_9.graph
2025-03-04 06:44:06,654 - ERROR - 处理超时: query_dense_16_9.graph (超过 600 秒)
2025-03-04 06:44:06,654 - INFO - 开始处理: query_dense_16_10.graph
2025-03-04 06:54:06,761 - ERROR - 处理超时: query_dense_16_10.graph (超过 600 秒)
2025-03-04 06:54:06,761 - INFO - 处理任务全部完成
