2025-03-01 17:48:37,695 - INFO - 开始处理: query_dense_4_1.graph
2025-03-01 17:48:37,764 - DEBUG - query_dense_4_1.graph 标准输出:
Loading data graph...
Loading query graph...
Enumerating...
#Matches: 10312
#Recursive calls: 45
Total time: 0.063714 ms
Search time: 0.024333 ms

2025-03-01 17:48:37,765 - INFO - 成功处理: query_dense_4_1.graph - 时间: 0.06ms 匹配数: 10312
2025-03-01 17:48:37,766 - INFO - 开始处理: query_dense_4_2.graph
2025-03-01 17:48:38,191 - DEBUG - query_dense_4_2.graph 标准输出:
Loading data graph...
Loading query graph...
Enumerating...
#Matches: 14712360
#Recursive calls: 274956
Total time: 383.324 ms
Search time: 382.274 ms

2025-03-01 17:48:38,192 - INFO - 成功处理: query_dense_4_2.graph - 时间: 383.32ms 匹配数: 14712360
2025-03-01 17:48:38,192 - INFO - 开始处理: query_dense_4_3.graph
2025-03-01 17:48:38,312 - DEBUG - query_dense_4_3.graph 标准输出:
Loading data graph...
Loading query graph...
Enumerating...
#Matches: 8029806
#Recursive calls: 107259
Total time: 96.9984 ms
Search time: 96.4764 ms

2025-03-01 17:48:38,312 - INFO - 成功处理: query_dense_4_3.graph - 时间: 97.00ms 匹配数: 8029806
2025-03-01 17:48:38,312 - INFO - 开始处理: query_dense_4_4.graph
2025-03-01 17:48:38,327 - DEBUG - query_dense_4_4.graph 标准输出:
Loading data graph...
Loading query graph...
Enumerating...
#Matches: 76998
#Recursive calls: 2229
Total time: 0.936973 ms
Search time: 0.843988 ms

2025-03-01 17:48:38,328 - INFO - 成功处理: query_dense_4_4.graph - 时间: 0.94ms 匹配数: 76998
2025-03-01 17:48:38,328 - INFO - 开始处理: query_dense_4_5.graph
2025-03-01 17:48:38,357 - DEBUG - query_dense_4_5.graph 标准输出:
Loading data graph...
Loading query graph...
Enumerating...
#Matches: 1171646
#Recursive calls: 20369
Total time: 16.647 ms
Search time: 16.455 ms

2025-03-01 17:48:38,357 - INFO - 成功处理: query_dense_4_5.graph - 时间: 16.65ms 匹配数: 1171646
2025-03-01 17:48:38,358 - INFO - 开始处理: query_dense_4_6.graph
2025-03-01 17:48:38,409 - DEBUG - query_dense_4_6.graph 标准输出:
Loading data graph...
Loading query graph...
Enumerating...
#Matches: 4384154
#Recursive calls: 5623
Total time: 35.6526 ms
Search time: 35.3836 ms

2025-03-01 17:48:38,410 - INFO - 成功处理: query_dense_4_6.graph - 时间: 35.65ms 匹配数: 4384154
2025-03-01 17:48:38,410 - INFO - 开始处理: query_dense_4_7.graph
2025-03-01 17:48:38,454 - DEBUG - query_dense_4_7.graph 标准输出:
Loading data graph...
Loading query graph...
Enumerating...
#Matches: 3
#Recursive calls: 3
Total time: 0.017382 ms
Search time: 0.001849 ms

2025-03-01 17:48:38,454 - INFO - 成功处理: query_dense_4_7.graph - 时间: 0.02ms 匹配数: 3
2025-03-01 17:48:38,454 - INFO - 开始处理: query_dense_4_8.graph
2025-03-01 17:48:38,469 - DEBUG - query_dense_4_8.graph 标准输出:
Loading data graph...
Loading query graph...
Enumerating...
#Matches: 2207313
#Recursive calls: 292
Total time: 2.34542 ms
Search time: 2.23653 ms

2025-03-01 17:48:38,469 - INFO - 成功处理: query_dense_4_8.graph - 时间: 2.35ms 匹配数: 2207313
2025-03-01 17:48:38,469 - INFO - 开始处理: query_dense_4_9.graph
2025-03-01 17:48:38,483 - DEBUG - query_dense_4_9.graph 标准输出:
Loading data graph...
Loading query graph...
Enumerating...
#Matches: 160730
#Recursive calls: 2321
Total time: 1.77094 ms
Search time: 1.57659 ms

2025-03-01 17:48:38,484 - INFO - 成功处理: query_dense_4_9.graph - 时间: 1.77ms 匹配数: 160730
2025-03-01 17:48:38,484 - INFO - 开始处理: query_dense_4_10.graph
2025-03-01 17:48:38,557 - DEBUG - query_dense_4_10.graph 标准输出:
Loading data graph...
Loading query graph...
Enumerating...
#Matches: 12830306
#Recursive calls: 1464
Total time: 48.6918 ms
Search time: 46.7404 ms

2025-03-01 17:48:38,558 - INFO - 成功处理: query_dense_4_10.graph - 时间: 48.69ms 匹配数: 12830306
2025-03-01 17:48:38,558 - INFO - 开始处理: query_dense_4_11.graph
2025-03-01 17:48:38,572 - DEBUG - query_dense_4_11.graph 标准输出:
Loading data graph...
Loading query graph...
Enumerating...
#Matches: 74033
#Recursive calls: 883
Total time: 0.986617 ms
Search time: 0.913299 ms

2025-03-01 17:48:38,572 - INFO - 成功处理: query_dense_4_11.graph - 时间: 0.99ms 匹配数: 74033
2025-03-01 17:48:38,572 - INFO - 开始处理: query_dense_4_12.graph
2025-03-01 17:48:38,629 - DEBUG - query_dense_4_12.graph 标准输出:
Loading data graph...
Loading query graph...
Enumerating...
#Matches: 1171646
#Recursive calls: 20369
Total time: 41.365 ms
Search time: 41.2371 ms

2025-03-01 17:48:38,629 - INFO - 成功处理: query_dense_4_12.graph - 时间: 41.37ms 匹配数: 1171646
2025-03-01 17:48:38,629 - INFO - 开始处理: query_dense_4_13.graph
2025-03-01 17:48:38,673 - DEBUG - query_dense_4_13.graph 标准输出:
Loading data graph...
Loading query graph...
Enumerating...
#Matches: 700
#Recursive calls: 33
Total time: 0.032583 ms
Search time: 0.009082 ms

2025-03-01 17:48:38,674 - INFO - 成功处理: query_dense_4_13.graph - 时间: 0.03ms 匹配数: 700
2025-03-01 17:48:38,675 - INFO - 开始处理: query_dense_4_14.graph
2025-03-01 17:48:38,802 - DEBUG - query_dense_4_14.graph 标准输出:
Loading data graph...
Loading query graph...
Enumerating...
#Matches: 5862948
#Recursive calls: 101368
Total time: 83.2528 ms
Search time: 83.0371 ms

2025-03-01 17:48:38,802 - INFO - 成功处理: query_dense_4_14.graph - 时间: 83.25ms 匹配数: 5862948
2025-03-01 17:48:38,802 - INFO - 开始处理: query_dense_4_15.graph
2025-03-01 17:48:39,267 - DEBUG - query_dense_4_15.graph 标准输出:
Loading data graph...
Loading query graph...
Enumerating...
#Matches: 37011858
#Recursive calls: 487591
Total time: 448.481 ms
Search time: 447.907 ms

2025-03-01 17:48:39,267 - INFO - 成功处理: query_dense_4_15.graph - 时间: 448.48ms 匹配数: 37011858
2025-03-01 17:48:39,268 - INFO - 开始处理: query_dense_4_16.graph
2025-03-01 17:48:39,309 - DEBUG - query_dense_4_16.graph 标准输出:
Loading data graph...
Loading query graph...
Enumerating...
#Matches: 3377434
#Recursive calls: 930
Total time: 11.2502 ms
Search time: 11.0907 ms

2025-03-01 17:48:39,310 - INFO - 成功处理: query_dense_4_16.graph - 时间: 11.25ms 匹配数: 3377434
2025-03-01 17:48:39,310 - INFO - 开始处理: query_dense_4_17.graph
2025-03-01 17:48:39,334 - DEBUG - query_dense_4_17.graph 标准输出:
Loading data graph...
Loading query graph...
Enumerating...
#Matches: 20031
#Recursive calls: 330
Total time: 1.01639 ms
Search time: 0.187361 ms

2025-03-01 17:48:39,334 - INFO - 成功处理: query_dense_4_17.graph - 时间: 1.02ms 匹配数: 20031
2025-03-01 17:48:39,336 - INFO - 开始处理: query_dense_4_18.graph
2025-03-01 17:48:39,379 - DEBUG - query_dense_4_18.graph 标准输出:
Loading data graph...
Loading query graph...
Enumerating...
#Matches: 470710
#Recursive calls: 6763
Total time: 5.13657 ms
Search time: 4.98374 ms

2025-03-01 17:48:39,379 - INFO - 成功处理: query_dense_4_18.graph - 时间: 5.14ms 匹配数: 470710
2025-03-01 17:48:39,379 - INFO - 开始处理: query_dense_4_19.graph
2025-03-01 17:48:39,393 - DEBUG - query_dense_4_19.graph 标准输出:
Loading data graph...
Loading query graph...
Enumerating...
#Matches: 45396
#Recursive calls: 297
Total time: 0.119763 ms
Search time: 0.085081 ms

2025-03-01 17:48:39,393 - INFO - 成功处理: query_dense_4_19.graph - 时间: 0.12ms 匹配数: 45396
2025-03-01 17:48:39,393 - INFO - 开始处理: query_dense_4_20.graph
2025-03-01 17:48:39,815 - DEBUG - query_dense_4_20.graph 标准输出:
Loading data graph...
Loading query graph...
Enumerating...
#Matches: 29526264
#Recursive calls: 484418
Total time: 407.453 ms
Search time: 405.971 ms

2025-03-01 17:48:39,815 - INFO - 成功处理: query_dense_4_20.graph - 时间: 407.45ms 匹配数: 29526264
2025-03-01 17:48:39,815 - INFO - 开始处理: query_dense_4_21.graph
2025-03-01 17:48:39,885 - DEBUG - query_dense_4_21.graph 标准输出:
Loading data graph...
Loading query graph...
Enumerating...
#Matches: 4962314
#Recursive calls: 92762
Total time: 56.9171 ms
Search time: 56.7455 ms

2025-03-01 17:48:39,885 - INFO - 成功处理: query_dense_4_21.graph - 时间: 56.92ms 匹配数: 4962314
2025-03-01 17:48:39,885 - INFO - 开始处理: query_dense_4_22.graph
2025-03-01 17:48:39,906 - DEBUG - query_dense_4_22.graph 标准输出:
Loading data graph...
Loading query graph...
Enumerating...
#Matches: 82008
#Recursive calls: 1982
Total time: 1.03498 ms
Search time: 0.948928 ms

2025-03-01 17:48:39,906 - INFO - 成功处理: query_dense_4_22.graph - 时间: 1.03ms 匹配数: 82008
2025-03-01 17:48:39,906 - INFO - 开始处理: query_dense_4_23.graph
2025-03-01 17:48:39,978 - DEBUG - query_dense_4_23.graph 标准输出:
Loading data graph...
Loading query graph...
Enumerating...
#Matches: 89069
#Recursive calls: 46
Total time: 0.16395 ms
Search time: 0.079373 ms

2025-03-01 17:48:39,978 - INFO - 成功处理: query_dense_4_23.graph - 时间: 0.16ms 匹配数: 89069
2025-03-01 17:48:39,978 - INFO - 开始处理: query_dense_4_24.graph
2025-03-01 17:48:40,116 - DEBUG - query_dense_4_24.graph 标准输出:
Loading data graph...
Loading query graph...
Enumerating...
#Matches: 3043632
#Recursive calls: 61515
Total time: 101.059 ms
Search time: 100.825 ms

2025-03-01 17:48:40,117 - INFO - 成功处理: query_dense_4_24.graph - 时间: 101.06ms 匹配数: 3043632
2025-03-01 17:48:40,119 - INFO - 开始处理: query_dense_4_25.graph
2025-03-01 17:48:40,670 - DEBUG - query_dense_4_25.graph 标准输出:
Loading data graph...
Loading query graph...
Enumerating...
#Matches: 14712360
#Recursive calls: 274956
Total time: 494.871 ms
Search time: 493.734 ms

2025-03-01 17:48:40,673 - INFO - 成功处理: query_dense_4_25.graph - 时间: 494.87ms 匹配数: 14712360
2025-03-01 17:48:40,675 - INFO - 开始处理: query_dense_4_26.graph
2025-03-01 17:48:40,731 - DEBUG - query_dense_4_26.graph 标准输出:
Loading data graph...
Loading query graph...
Enumerating...
#Matches: 223068
#Recursive calls: 5024
Total time: 8.84314 ms
Search time: 8.08116 ms

2025-03-01 17:48:40,731 - INFO - 成功处理: query_dense_4_26.graph - 时间: 8.84ms 匹配数: 223068
2025-03-01 17:48:40,731 - INFO - 开始处理: query_dense_4_27.graph
2025-03-01 17:48:40,910 - DEBUG - query_dense_4_27.graph 标准输出:
Loading data graph...
Loading query graph...
Enumerating...
#Matches: 4962314
#Recursive calls: 92762
Total time: 144.557 ms
Search time: 144.384 ms

2025-03-01 17:48:40,910 - INFO - 成功处理: query_dense_4_27.graph - 时间: 144.56ms 匹配数: 4962314
2025-03-01 17:48:40,911 - INFO - 开始处理: query_dense_4_28.graph
2025-03-01 17:48:41,115 - DEBUG - query_dense_4_28.graph 标准输出:
Loading data graph...
Loading query graph...
Enumerating...
#Matches: 6147120
#Recursive calls: 117456
Total time: 163.099 ms
Search time: 162.905 ms

2025-03-01 17:48:41,121 - INFO - 成功处理: query_dense_4_28.graph - 时间: 163.10ms 匹配数: 6147120
2025-03-01 17:48:41,123 - INFO - 开始处理: query_dense_4_29.graph
2025-03-01 17:48:41,182 - DEBUG - query_dense_4_29.graph 标准输出:
Loading data graph...
Loading query graph...
Enumerating...
#Matches: 268728
#Recursive calls: 6220
Total time: 4.4118 ms
Search time: 4.14227 ms

2025-03-01 17:48:41,182 - INFO - 成功处理: query_dense_4_29.graph - 时间: 4.41ms 匹配数: 268728
2025-03-01 17:48:41,182 - INFO - 开始处理: query_dense_4_30.graph
2025-03-01 17:48:41,585 - DEBUG - query_dense_4_30.graph 标准输出:
Loading data graph...
Loading query graph...
Enumerating...
#Matches: 14712360
#Recursive calls: 274956
Total time: 373.758 ms
Search time: 373.3 ms

2025-03-01 17:48:41,585 - INFO - 成功处理: query_dense_4_30.graph - 时间: 373.76ms 匹配数: 14712360
2025-03-01 17:48:41,585 - INFO - 开始处理: query_dense_4_31.graph
2025-03-01 17:48:41,599 - DEBUG - query_dense_4_31.graph 标准输出:
Loading data graph...
Loading query graph...
Enumerating...
#Matches: 228
#Recursive calls: 2
Total time: 0.016301 ms
Search time: 0.002017 ms

2025-03-01 17:48:41,599 - INFO - 成功处理: query_dense_4_31.graph - 时间: 0.02ms 匹配数: 228
2025-03-01 17:48:41,599 - INFO - 开始处理: query_dense_4_32.graph
2025-03-01 17:48:41,642 - DEBUG - query_dense_4_32.graph 标准输出:
Loading data graph...
Loading query graph...
Enumerating...
#Matches: 218208
#Recursive calls: 3103
Total time: 7.64475 ms
Search time: 6.53305 ms

2025-03-01 17:48:41,642 - INFO - 成功处理: query_dense_4_32.graph - 时间: 7.64ms 匹配数: 218208
2025-03-01 17:48:41,642 - INFO - 开始处理: query_dense_4_33.graph
2025-03-01 17:48:41,775 - DEBUG - query_dense_4_33.graph 标准输出:
Loading data graph...
Loading query graph...
Enumerating...
#Matches: 6569856
#Recursive calls: 86133
Total time: 89.3358 ms
Search time: 88.3428 ms

2025-03-01 17:48:41,775 - INFO - 成功处理: query_dense_4_33.graph - 时间: 89.34ms 匹配数: 6569856
2025-03-01 17:48:41,776 - INFO - 开始处理: query_dense_4_34.graph
2025-03-01 17:48:41,789 - DEBUG - query_dense_4_34.graph 标准输出:
Loading data graph...
Loading query graph...
Enumerating...
#Matches: 8053
#Recursive calls: 39
Total time: 0.077615 ms
Search time: 0.016858 ms

2025-03-01 17:48:41,789 - INFO - 成功处理: query_dense_4_34.graph - 时间: 0.08ms 匹配数: 8053
2025-03-01 17:48:41,789 - INFO - 开始处理: query_dense_4_35.graph
2025-03-01 17:48:41,856 - DEBUG - query_dense_4_35.graph 标准输出:
Loading data graph...
Loading query graph...
Enumerating...
#Matches: 2011536
#Recursive calls: 28397
Total time: 26.5742 ms
Search time: 26.1258 ms

2025-03-01 17:48:41,858 - INFO - 成功处理: query_dense_4_35.graph - 时间: 26.57ms 匹配数: 2011536
2025-03-01 17:48:41,859 - INFO - 开始处理: query_dense_4_36.graph
2025-03-01 17:48:42,002 - DEBUG - query_dense_4_36.graph 标准输出:
Loading data graph...
Loading query graph...
Enumerating...
#Matches: 4799746
#Recursive calls: 63565
Total time: 110.392 ms
Search time: 105.436 ms

2025-03-01 17:48:42,002 - INFO - 成功处理: query_dense_4_36.graph - 时间: 110.39ms 匹配数: 4799746
2025-03-01 17:48:42,003 - INFO - 开始处理: query_dense_4_37.graph
2025-03-01 17:48:42,137 - DEBUG - query_dense_4_37.graph 标准输出:
Loading data graph...
Loading query graph...
Enumerating...
#Matches: 6569856
#Recursive calls: 86127
Total time: 93.9562 ms
Search time: 93.5883 ms

2025-03-01 17:48:42,137 - INFO - 成功处理: query_dense_4_37.graph - 时间: 93.96ms 匹配数: 6569856
2025-03-01 17:48:42,138 - INFO - 开始处理: query_dense_4_38.graph
2025-03-01 17:48:43,018 - DEBUG - query_dense_4_38.graph 标准输出:
Loading data graph...
Loading query graph...
Enumerating...
#Matches: 86860572
#Recursive calls: 1122217
Total time: 843.541 ms
Search time: 839.371 ms

2025-03-01 17:48:43,019 - INFO - 成功处理: query_dense_4_38.graph - 时间: 843.54ms 匹配数: 86860572
2025-03-01 17:48:43,019 - INFO - 开始处理: query_dense_4_39.graph
2025-03-01 17:48:43,091 - DEBUG - query_dense_4_39.graph 标准输出:
Loading data graph...
Loading query graph...
Enumerating...
#Matches: 42554404
#Recursive calls: 6475
Total time: 58.4356 ms
Search time: 58.1298 ms

2025-03-01 17:48:43,091 - INFO - 成功处理: query_dense_4_39.graph - 时间: 58.44ms 匹配数: 42554404
2025-03-01 17:48:43,091 - INFO - 开始处理: query_dense_4_40.graph
2025-03-01 17:48:43,115 - DEBUG - query_dense_4_40.graph 标准输出:
Loading data graph...
Loading query graph...
Enumerating...
#Matches: 786300
#Recursive calls: 18725
Total time: 9.17949 ms
Search time: 9.02432 ms

2025-03-01 17:48:43,115 - INFO - 成功处理: query_dense_4_40.graph - 时间: 9.18ms 匹配数: 786300
2025-03-01 17:48:43,117 - INFO - 开始处理: query_dense_4_41.graph
2025-03-01 17:48:43,196 - DEBUG - query_dense_4_41.graph 标准输出:
Loading data graph...
Loading query graph...
Enumerating...
#Matches: 2338356
#Recursive calls: 40018
Total time: 41.7559 ms
Search time: 40.9396 ms

2025-03-01 17:48:43,196 - INFO - 成功处理: query_dense_4_41.graph - 时间: 41.76ms 匹配数: 2338356
2025-03-01 17:48:43,197 - INFO - 开始处理: query_dense_4_42.graph
2025-03-01 17:48:43,417 - DEBUG - query_dense_4_42.graph 标准输出:
Loading data graph...
Loading query graph...
Enumerating...
#Matches: 15933640
#Recursive calls: 207517
Total time: 201.136 ms
Search time: 200.781 ms

2025-03-01 17:48:43,417 - INFO - 成功处理: query_dense_4_42.graph - 时间: 201.14ms 匹配数: 15933640
2025-03-01 17:48:43,418 - INFO - 开始处理: query_dense_4_43.graph
2025-03-01 17:48:43,431 - DEBUG - query_dense_4_43.graph 标准输出:
Loading data graph...
Loading query graph...
Enumerating...
#Matches: 2605
#Recursive calls: 23
Total time: 0.039106 ms
Search time: 0.011248 ms

2025-03-01 17:48:43,431 - INFO - 成功处理: query_dense_4_43.graph - 时间: 0.04ms 匹配数: 2605
2025-03-01 17:48:43,431 - INFO - 开始处理: query_dense_4_44.graph
2025-03-01 17:48:43,579 - DEBUG - query_dense_4_44.graph 标准输出:
Loading data graph...
Loading query graph...
Enumerating...
#Matches: 8804922
#Recursive calls: 120492
Total time: 131.472 ms
Search time: 130.962 ms

2025-03-01 17:48:43,579 - INFO - 成功处理: query_dense_4_44.graph - 时间: 131.47ms 匹配数: 8804922
2025-03-01 17:48:43,580 - INFO - 开始处理: query_dense_4_45.graph
2025-03-01 17:48:43,747 - DEBUG - query_dense_4_45.graph 标准输出:
Loading data graph...
Loading query graph...
Enumerating...
#Matches: 16195210
#Recursive calls: 309
Total time: 153.416 ms
Search time: 152.807 ms

2025-03-01 17:48:43,747 - INFO - 成功处理: query_dense_4_45.graph - 时间: 153.42ms 匹配数: 16195210
2025-03-01 17:48:43,747 - INFO - 开始处理: query_dense_4_46.graph
2025-03-01 17:48:43,769 - DEBUG - query_dense_4_46.graph 标准输出:
Loading data graph...
Loading query graph...
Enumerating...
#Matches: 506122
#Recursive calls: 5604
Total time: 10.2442 ms
Search time: 9.55005 ms

2025-03-01 17:48:43,770 - INFO - 成功处理: query_dense_4_46.graph - 时间: 10.24ms 匹配数: 506122
2025-03-01 17:48:43,770 - INFO - 开始处理: query_dense_4_47.graph
2025-03-01 17:48:43,928 - DEBUG - query_dense_4_47.graph 标准输出:
Loading data graph...
Loading query graph...
Enumerating...
#Matches: 10752024
#Recursive calls: 143609
Total time: 143.663 ms
Search time: 143.208 ms

2025-03-01 17:48:43,928 - INFO - 成功处理: query_dense_4_47.graph - 时间: 143.66ms 匹配数: 10752024
2025-03-01 17:48:43,928 - INFO - 开始处理: query_dense_4_48.graph
2025-03-01 17:48:43,959 - DEBUG - query_dense_4_48.graph 标准输出:
Loading data graph...
Loading query graph...
Enumerating...
#Matches: 1958496
#Recursive calls: 35859
Total time: 16.7919 ms
Search time: 16.5755 ms

2025-03-01 17:48:43,959 - INFO - 成功处理: query_dense_4_48.graph - 时间: 16.79ms 匹配数: 1958496
2025-03-01 17:48:43,959 - INFO - 开始处理: query_dense_4_49.graph
2025-03-01 17:48:43,973 - DEBUG - query_dense_4_49.graph 标准输出:
Loading data graph...
Loading query graph...
Enumerating...
#Matches: 122550
#Recursive calls: 1501
Total time: 1.13428 ms
Search time: 1.05211 ms

2025-03-01 17:48:43,976 - INFO - 成功处理: query_dense_4_49.graph - 时间: 1.13ms 匹配数: 122550
2025-03-01 17:48:43,976 - INFO - 开始处理: query_dense_4_50.graph
2025-03-01 17:48:44,087 - DEBUG - query_dense_4_50.graph 标准输出:
Loading data graph...
Loading query graph...
Enumerating...
#Matches: 46484981
#Recursive calls: 6475
Total time: 71.7562 ms
Search time: 69.8726 ms

2025-03-01 17:48:44,087 - INFO - 成功处理: query_dense_4_50.graph - 时间: 71.76ms 匹配数: 46484981
2025-03-01 17:48:44,087 - INFO - 开始处理: query_dense_4_51.graph
2025-03-01 17:48:44,149 - DEBUG - query_dense_4_51.graph 标准输出:
Loading data graph...
Loading query graph...
Enumerating...
#Matches: 2061680
#Recursive calls: 27502
Total time: 35.32 ms
Search time: 35.108 ms

2025-03-01 17:48:44,149 - INFO - 成功处理: query_dense_4_51.graph - 时间: 35.32ms 匹配数: 2061680
2025-03-01 17:48:44,149 - INFO - 开始处理: query_dense_4_52.graph
2025-03-01 17:48:44,170 - DEBUG - query_dense_4_52.graph 标准输出:
Loading data graph...
Loading query graph...
Enumerating...
#Matches: 19520
#Recursive calls: 337
Total time: 0.221155 ms
Search time: 0.183558 ms

2025-03-01 17:48:44,170 - INFO - 成功处理: query_dense_4_52.graph - 时间: 0.22ms 匹配数: 19520
2025-03-01 17:48:44,170 - INFO - 开始处理: query_dense_4_53.graph
2025-03-01 17:48:44,355 - DEBUG - query_dense_4_53.graph 标准输出:
Loading data graph...
Loading query graph...
Enumerating...
#Matches: 8804922
#Recursive calls: 120492
Total time: 147.025 ms
Search time: 146.589 ms

2025-03-01 17:48:44,356 - INFO - 成功处理: query_dense_4_53.graph - 时间: 147.03ms 匹配数: 8804922
2025-03-01 17:48:44,362 - INFO - 开始处理: query_dense_4_54.graph
2025-03-01 17:48:44,502 - DEBUG - query_dense_4_54.graph 标准输出:
Loading data graph...
Loading query graph...
Enumerating...
#Matches: 8804922
#Recursive calls: 120492
Total time: 118.581 ms
Search time: 118.174 ms

2025-03-01 17:48:44,505 - INFO - 成功处理: query_dense_4_54.graph - 时间: 118.58ms 匹配数: 8804922
2025-03-01 17:48:44,509 - INFO - 开始处理: query_dense_4_55.graph
2025-03-01 17:48:44,557 - DEBUG - query_dense_4_55.graph 标准输出:
Loading data graph...
Loading query graph...
Enumerating...
#Matches: 1629057
#Recursive calls: 20536
Total time: 16.6673 ms
Search time: 16.5278 ms

2025-03-01 17:48:44,557 - INFO - 成功处理: query_dense_4_55.graph - 时间: 16.67ms 匹配数: 1629057
2025-03-01 17:48:44,557 - INFO - 开始处理: query_dense_4_56.graph
2025-03-01 17:48:44,578 - DEBUG - query_dense_4_56.graph 标准输出:
Loading data graph...
Loading query graph...
Enumerating...
#Matches: 164978
#Recursive calls: 4317
Total time: 1.72437 ms
Search time: 1.63812 ms

2025-03-01 17:48:44,578 - INFO - 成功处理: query_dense_4_56.graph - 时间: 1.72ms 匹配数: 164978
2025-03-01 17:48:44,578 - INFO - 开始处理: query_dense_4_57.graph
2025-03-01 17:48:44,600 - DEBUG - query_dense_4_57.graph 标准输出:
Loading data graph...
Loading query graph...
Enumerating...
#Matches: 10728
#Recursive calls: 74
Total time: 1.12492 ms
Search time: 1.05546 ms

2025-03-01 17:48:44,601 - INFO - 成功处理: query_dense_4_57.graph - 时间: 1.12ms 匹配数: 10728
2025-03-01 17:48:44,603 - INFO - 开始处理: query_dense_4_58.graph
2025-03-01 17:48:44,642 - DEBUG - query_dense_4_58.graph 标准输出:
Loading data graph...
Loading query graph...
Enumerating...
#Matches: 736
#Recursive calls: 146
Total time: 0.05165 ms
Search time: 0.017633 ms

2025-03-01 17:48:44,643 - INFO - 成功处理: query_dense_4_58.graph - 时间: 0.05ms 匹配数: 736
2025-03-01 17:48:44,644 - INFO - 开始处理: query_dense_4_59.graph
2025-03-01 17:48:44,663 - DEBUG - query_dense_4_59.graph 标准输出:
Loading data graph...
Loading query graph...
Enumerating...
#Matches: 17004
#Recursive calls: 311
Total time: 0.390822 ms
Search time: 0.177424 ms

2025-03-01 17:48:44,663 - INFO - 成功处理: query_dense_4_59.graph - 时间: 0.39ms 匹配数: 17004
2025-03-01 17:48:44,663 - INFO - 开始处理: query_dense_4_60.graph
2025-03-01 17:48:44,835 - DEBUG - query_dense_4_60.graph 标准输出:
Loading data graph...
Loading query graph...
Enumerating...
#Matches: 5862948
#Recursive calls: 101368
Total time: 150.258 ms
Search time: 150.04 ms

2025-03-01 17:48:44,835 - INFO - 成功处理: query_dense_4_60.graph - 时间: 150.26ms 匹配数: 5862948
2025-03-01 17:48:44,835 - INFO - 开始处理: query_dense_4_61.graph
2025-03-01 17:48:44,872 - DEBUG - query_dense_4_61.graph 标准输出:
Loading data graph...
Loading query graph...
Enumerating...
#Matches: 1547694
#Recursive calls: 20536
Total time: 17.8275 ms
Search time: 17.6278 ms

2025-03-01 17:48:44,872 - INFO - 成功处理: query_dense_4_61.graph - 时间: 17.83ms 匹配数: 1547694
2025-03-01 17:48:44,872 - INFO - 开始处理: query_dense_4_62.graph
2025-03-01 17:48:45,112 - DEBUG - query_dense_4_62.graph 标准输出:
Loading data graph...
Loading query graph...
Enumerating...
#Matches: 15933640
#Recursive calls: 207517
Total time: 217.656 ms
Search time: 217.262 ms

2025-03-01 17:48:45,112 - INFO - 成功处理: query_dense_4_62.graph - 时间: 217.66ms 匹配数: 15933640
2025-03-01 17:48:45,112 - INFO - 开始处理: query_dense_4_63.graph
2025-03-01 17:48:45,509 - DEBUG - query_dense_4_63.graph 标准输出:
Loading data graph...
Loading query graph...
Enumerating...
#Matches: 37011858
#Recursive calls: 487591
Total time: 382.459 ms
Search time: 381.941 ms

2025-03-01 17:48:45,509 - INFO - 成功处理: query_dense_4_63.graph - 时间: 382.46ms 匹配数: 37011858
2025-03-01 17:48:45,509 - INFO - 开始处理: query_dense_4_64.graph
2025-03-01 17:48:45,766 - DEBUG - query_dense_4_64.graph 标准输出:
Loading data graph...
Loading query graph...
Enumerating...
#Matches: 14712360
#Recursive calls: 274956
Total time: 239.141 ms
Search time: 238.754 ms

2025-03-01 17:48:45,766 - INFO - 成功处理: query_dense_4_64.graph - 时间: 239.14ms 匹配数: 14712360
2025-03-01 17:48:45,766 - INFO - 开始处理: query_dense_4_65.graph
2025-03-01 17:48:45,870 - DEBUG - query_dense_4_65.graph 标准输出:
Loading data graph...
Loading query graph...
Enumerating...
#Matches: 8029806
#Recursive calls: 107259
Total time: 89.3553 ms
Search time: 88.7399 ms

2025-03-01 17:48:45,870 - INFO - 成功处理: query_dense_4_65.graph - 时间: 89.36ms 匹配数: 8029806
2025-03-01 17:48:45,870 - INFO - 开始处理: query_dense_4_66.graph
2025-03-01 17:48:46,064 - DEBUG - query_dense_4_66.graph 标准输出:
Loading data graph...
Loading query graph...
Enumerating...
#Matches: 15933640
#Recursive calls: 207517
Total time: 180.499 ms
Search time: 179.662 ms

2025-03-01 17:48:46,064 - INFO - 成功处理: query_dense_4_66.graph - 时间: 180.50ms 匹配数: 15933640
2025-03-01 17:48:46,064 - INFO - 开始处理: query_dense_4_67.graph
2025-03-01 17:48:46,114 - DEBUG - query_dense_4_67.graph 标准输出:
Loading data graph...
Loading query graph...
Enumerating...
#Matches: 3043632
#Recursive calls: 61515
Total time: 37.6944 ms
Search time: 37.4867 ms

2025-03-01 17:48:46,114 - INFO - 成功处理: query_dense_4_67.graph - 时间: 37.69ms 匹配数: 3043632
2025-03-01 17:48:46,114 - INFO - 开始处理: query_dense_4_68.graph
2025-03-01 17:48:46,538 - DEBUG - query_dense_4_68.graph 标准输出:
Loading data graph...
Loading query graph...
Enumerating...
#Matches: 29526264
#Recursive calls: 484418
Total time: 410.475 ms
Search time: 409.996 ms

2025-03-01 17:48:46,538 - INFO - 成功处理: query_dense_4_68.graph - 时间: 410.48ms 匹配数: 29526264
2025-03-01 17:48:46,538 - INFO - 开始处理: query_dense_4_69.graph
2025-03-01 17:48:46,589 - DEBUG - query_dense_4_69.graph 标准输出:
Loading data graph...
Loading query graph...
Enumerating...
#Matches: 3043632
#Recursive calls: 61515
Total time: 36.3096 ms
Search time: 36.0952 ms

2025-03-01 17:48:46,589 - INFO - 成功处理: query_dense_4_69.graph - 时间: 36.31ms 匹配数: 3043632
2025-03-01 17:48:46,589 - INFO - 开始处理: query_dense_4_70.graph
2025-03-01 17:48:46,604 - DEBUG - query_dense_4_70.graph 标准输出:
Loading data graph...
Loading query graph...
Enumerating...
#Matches: 1885757
#Recursive calls: 367
Total time: 2.24148 ms
Search time: 2.18084 ms

2025-03-01 17:48:46,604 - INFO - 成功处理: query_dense_4_70.graph - 时间: 2.24ms 匹配数: 1885757
2025-03-01 17:48:46,604 - INFO - 开始处理: query_dense_4_71.graph
2025-03-01 17:48:47,610 - DEBUG - query_dense_4_71.graph 标准输出:
Loading data graph...
Loading query graph...
Enumerating...
#Matches: 83334264
#Recursive calls: 1122121
Total time: 992.326 ms
Search time: 990.684 ms

2025-03-01 17:48:47,610 - INFO - 成功处理: query_dense_4_71.graph - 时间: 992.33ms 匹配数: 83334264
2025-03-01 17:48:47,611 - INFO - 开始处理: query_dense_4_72.graph
2025-03-01 17:48:47,650 - DEBUG - query_dense_4_72.graph 标准输出:
Loading data graph...
Loading query graph...
Enumerating...
#Matches: 1653696
#Recursive calls: 35827
Total time: 25.3968 ms
Search time: 25.2389 ms

2025-03-01 17:48:47,650 - INFO - 成功处理: query_dense_4_72.graph - 时间: 25.40ms 匹配数: 1653696
2025-03-01 17:48:47,650 - INFO - 开始处理: query_dense_4_73.graph
2025-03-01 17:48:47,662 - DEBUG - query_dense_4_73.graph 标准输出:
Loading data graph...
Loading query graph...
Enumerating...
#Matches: 79262
#Recursive calls: 20
Total time: 0.096144 ms
Search time: 0.038502 ms

2025-03-01 17:48:47,662 - INFO - 成功处理: query_dense_4_73.graph - 时间: 0.10ms 匹配数: 79262
2025-03-01 17:48:47,662 - INFO - 开始处理: query_dense_4_74.graph
2025-03-01 17:48:47,749 - DEBUG - query_dense_4_74.graph 标准输出:
Loading data graph...
Loading query graph...
Enumerating...
#Matches: 937568
#Recursive calls: 13021
Total time: 39.4322 ms
Search time: 38.2064 ms

2025-03-01 17:48:47,749 - INFO - 成功处理: query_dense_4_74.graph - 时间: 39.43ms 匹配数: 937568
2025-03-01 17:48:47,750 - INFO - 开始处理: query_dense_4_75.graph
2025-03-01 17:48:47,812 - DEBUG - query_dense_4_75.graph 标准输出:
Loading data graph...
Loading query graph...
Enumerating...
#Matches: 2114562
#Recursive calls: 43851
Total time: 38.0172 ms
Search time: 37.8361 ms

2025-03-01 17:48:47,813 - INFO - 成功处理: query_dense_4_75.graph - 时间: 38.02ms 匹配数: 2114562
2025-03-01 17:48:47,820 - INFO - 开始处理: query_dense_4_76.graph
2025-03-01 17:48:48,021 - DEBUG - query_dense_4_76.graph 标准输出:
Loading data graph...
Loading query graph...
Enumerating...
#Matches: 6825724
#Recursive calls: 99129
Total time: 155.782 ms
Search time: 155.535 ms

2025-03-01 17:48:48,021 - INFO - 成功处理: query_dense_4_76.graph - 时间: 155.78ms 匹配数: 6825724
2025-03-01 17:48:48,021 - INFO - 开始处理: query_dense_4_77.graph
2025-03-01 17:48:48,089 - DEBUG - query_dense_4_77.graph 标准输出:
Loading data graph...
Loading query graph...
Enumerating...
#Matches: 1629354
#Recursive calls: 17638
Total time: 22.4236 ms
Search time: 22.2755 ms

2025-03-01 17:48:48,089 - INFO - 成功处理: query_dense_4_77.graph - 时间: 22.42ms 匹配数: 1629354
2025-03-01 17:48:48,089 - INFO - 开始处理: query_dense_4_78.graph
2025-03-01 17:48:48,158 - DEBUG - query_dense_4_78.graph 标准输出:
Loading data graph...
Loading query graph...
Enumerating...
#Matches: 3043632
#Recursive calls: 61515
Total time: 50.1375 ms
Search time: 49.8801 ms

2025-03-01 17:48:48,160 - INFO - 成功处理: query_dense_4_78.graph - 时间: 50.14ms 匹配数: 3043632
2025-03-01 17:48:48,160 - INFO - 开始处理: query_dense_4_79.graph
2025-03-01 17:48:48,225 - DEBUG - query_dense_4_79.graph 标准输出:
Loading data graph...
Loading query graph...
Enumerating...
#Matches: 91794
#Recursive calls: 1381
Total time: 2.76818 ms
Search time: 2.67268 ms

2025-03-01 17:48:48,227 - INFO - 成功处理: query_dense_4_79.graph - 时间: 2.77ms 匹配数: 91794
2025-03-01 17:48:48,228 - INFO - 开始处理: query_dense_4_80.graph
2025-03-01 17:48:48,242 - DEBUG - query_dense_4_80.graph 标准输出:
Loading data graph...
Loading query graph...
Enumerating...
#Matches: 2242
#Recursive calls: 241
Total time: 0.070393 ms
Search time: 0.036175 ms

2025-03-01 17:48:48,242 - INFO - 成功处理: query_dense_4_80.graph - 时间: 0.07ms 匹配数: 2242
2025-03-01 17:48:48,243 - INFO - 开始处理: query_dense_4_81.graph
2025-03-01 17:48:48,392 - DEBUG - query_dense_4_81.graph 标准输出:
Loading data graph...
Loading query graph...
Enumerating...
#Matches: 6147120
#Recursive calls: 117456
Total time: 133.109 ms
Search time: 132.88 ms

2025-03-01 17:48:48,392 - INFO - 成功处理: query_dense_4_81.graph - 时间: 133.11ms 匹配数: 6147120
2025-03-01 17:48:48,393 - INFO - 开始处理: query_dense_4_82.graph
2025-03-01 17:48:48,425 - DEBUG - query_dense_4_82.graph 标准输出:
Loading data graph...
Loading query graph...
Enumerating...
#Matches: 451730
#Recursive calls: 192
Total time: 10.0686 ms
Search time: 9.93308 ms

2025-03-01 17:48:48,427 - INFO - 成功处理: query_dense_4_82.graph - 时间: 10.07ms 匹配数: 451730
2025-03-01 17:48:48,427 - INFO - 开始处理: query_dense_4_83.graph
2025-03-01 17:48:48,461 - DEBUG - query_dense_4_83.graph 标准输出:
Loading data graph...
Loading query graph...
Enumerating...
#Matches: 2360
#Recursive calls: 79
Total time: 0.096327 ms
Search time: 0.057262 ms

2025-03-01 17:48:48,462 - INFO - 成功处理: query_dense_4_83.graph - 时间: 0.10ms 匹配数: 2360
2025-03-01 17:48:48,462 - INFO - 开始处理: query_dense_4_84.graph
2025-03-01 17:48:48,477 - DEBUG - query_dense_4_84.graph 标准输出:
Loading data graph...
Loading query graph...
Enumerating...
#Matches: 736
#Recursive calls: 146
Total time: 0.048146 ms
Search time: 0.01819 ms

2025-03-01 17:48:48,477 - INFO - 成功处理: query_dense_4_84.graph - 时间: 0.05ms 匹配数: 736
2025-03-01 17:48:48,477 - INFO - 开始处理: query_dense_4_85.graph
2025-03-01 17:48:48,506 - DEBUG - query_dense_4_85.graph 标准输出:
Loading data graph...
Loading query graph...
Enumerating...
#Matches: 1296
#Recursive calls: 191
Total time: 0.055161 ms
Search time: 0.029725 ms

2025-03-01 17:48:48,507 - INFO - 成功处理: query_dense_4_85.graph - 时间: 0.06ms 匹配数: 1296
2025-03-01 17:48:48,509 - INFO - 开始处理: query_dense_4_86.graph
2025-03-01 17:48:48,592 - DEBUG - query_dense_4_86.graph 标准输出:
Loading data graph...
Loading query graph...
Enumerating...
#Matches: 1817064
#Recursive calls: 93876
Total time: 35.3732 ms
Search time: 34.989 ms

2025-03-01 17:48:48,592 - INFO - 成功处理: query_dense_4_86.graph - 时间: 35.37ms 匹配数: 1817064
2025-03-01 17:48:48,593 - INFO - 开始处理: query_dense_4_87.graph
2025-03-01 17:48:48,762 - DEBUG - query_dense_4_87.graph 标准输出:
Loading data graph...
Loading query graph...
Enumerating...
#Matches: 5862948
#Recursive calls: 101368
Total time: 152.051 ms
Search time: 150.244 ms

2025-03-01 17:48:48,762 - INFO - 成功处理: query_dense_4_87.graph - 时间: 152.05ms 匹配数: 5862948
2025-03-01 17:48:48,763 - INFO - 开始处理: query_dense_4_88.graph
2025-03-01 17:48:48,803 - DEBUG - query_dense_4_88.graph 标准输出:
Loading data graph...
Loading query graph...
Enumerating...
#Matches: 447738
#Recursive calls: 5604
Total time: 12.496 ms
Search time: 12.2431 ms

2025-03-01 17:48:48,805 - INFO - 成功处理: query_dense_4_88.graph - 时间: 12.50ms 匹配数: 447738
2025-03-01 17:48:48,805 - INFO - 开始处理: query_dense_4_89.graph
2025-03-01 17:48:48,848 - DEBUG - query_dense_4_89.graph 标准输出:
Loading data graph...
Loading query graph...
Enumerating...
#Matches: 1067570
#Recursive calls: 16221
Total time: 15.5485 ms
Search time: 14.9436 ms

2025-03-01 17:48:48,848 - INFO - 成功处理: query_dense_4_89.graph - 时间: 15.55ms 匹配数: 1067570
2025-03-01 17:48:48,849 - INFO - 开始处理: query_dense_4_90.graph
2025-03-01 17:48:48,956 - DEBUG - query_dense_4_90.graph 标准输出:
Loading data graph...
Loading query graph...
Enumerating...
#Matches: 3043632
#Recursive calls: 61515
Total time: 70.2882 ms
Search time: 67.5073 ms

2025-03-01 17:48:48,958 - INFO - 成功处理: query_dense_4_90.graph - 时间: 70.29ms 匹配数: 3043632
2025-03-01 17:48:48,958 - INFO - 开始处理: query_dense_4_91.graph
2025-03-01 17:48:49,006 - DEBUG - query_dense_4_91.graph 标准输出:
Loading data graph...
Loading query graph...
Enumerating...
#Matches: 16720
#Recursive calls: 471
Total time: 0.421313 ms
Search time: 0.198829 ms

2025-03-01 17:48:49,006 - INFO - 成功处理: query_dense_4_91.graph - 时间: 0.42ms 匹配数: 16720
2025-03-01 17:48:49,007 - INFO - 开始处理: query_dense_4_92.graph
2025-03-01 17:48:49,066 - DEBUG - query_dense_4_92.graph 标准输出:
Loading data graph...
Loading query graph...
Enumerating...
#Matches: 3870430
#Recursive calls: 52451
Total time: 41.2275 ms
Search time: 40.8577 ms

2025-03-01 17:48:49,069 - INFO - 成功处理: query_dense_4_92.graph - 时间: 41.23ms 匹配数: 3870430
2025-03-01 17:48:49,073 - INFO - 开始处理: query_dense_4_93.graph
2025-03-01 17:48:49,089 - DEBUG - query_dense_4_93.graph 标准输出:
Loading data graph...
Loading query graph...
Enumerating...
#Matches: 129
#Recursive calls: 13
Total time: 0.019009 ms
Search time: 0.003084 ms

2025-03-01 17:48:49,089 - INFO - 成功处理: query_dense_4_93.graph - 时间: 0.02ms 匹配数: 129
2025-03-01 17:48:49,089 - INFO - 开始处理: query_dense_4_94.graph
2025-03-01 17:48:49,117 - DEBUG - query_dense_4_94.graph 标准输出:
Loading data graph...
Loading query graph...
Enumerating...
#Matches: 1316418
#Recursive calls: 15784
Total time: 13.8862 ms
Search time: 13.5923 ms

2025-03-01 17:48:49,118 - INFO - 成功处理: query_dense_4_94.graph - 时间: 13.89ms 匹配数: 1316418
2025-03-01 17:48:49,118 - INFO - 开始处理: query_dense_4_95.graph
2025-03-01 17:48:49,158 - DEBUG - query_dense_4_95.graph 标准输出:
Loading data graph...
Loading query graph...
Enumerating...
#Matches: 2378718
#Recursive calls: 43895
Total time: 27.3495 ms
Search time: 27.215 ms

2025-03-01 17:48:49,159 - INFO - 成功处理: query_dense_4_95.graph - 时间: 27.35ms 匹配数: 2378718
2025-03-01 17:48:49,159 - INFO - 开始处理: query_dense_4_96.graph
2025-03-01 17:48:49,210 - DEBUG - query_dense_4_96.graph 标准输出:
Loading data graph...
Loading query graph...
Enumerating...
#Matches: 2297596
#Recursive calls: 40016
Total time: 36.7333 ms
Search time: 35.8044 ms

2025-03-01 17:48:49,210 - INFO - 成功处理: query_dense_4_96.graph - 时间: 36.73ms 匹配数: 2297596
2025-03-01 17:48:49,210 - INFO - 开始处理: query_dense_4_97.graph
2025-03-01 17:48:49,337 - DEBUG - query_dense_4_97.graph 标准输出:
Loading data graph...
Loading query graph...
Enumerating...
#Matches: 5862948
#Recursive calls: 101368
Total time: 110.862 ms
Search time: 110.501 ms

2025-03-01 17:48:49,337 - INFO - 成功处理: query_dense_4_97.graph - 时间: 110.86ms 匹配数: 5862948
2025-03-01 17:48:49,337 - INFO - 开始处理: query_dense_4_98.graph
2025-03-01 17:48:49,380 - DEBUG - query_dense_4_98.graph 标准输出:
Loading data graph...
Loading query graph...
Enumerating...
#Matches: 1952660
#Recursive calls: 28993
Total time: 28.0992 ms
Search time: 27.726 ms

2025-03-01 17:48:49,380 - INFO - 成功处理: query_dense_4_98.graph - 时间: 28.10ms 匹配数: 1952660
2025-03-01 17:48:49,380 - INFO - 开始处理: query_dense_4_99.graph
2025-03-01 17:48:49,414 - DEBUG - query_dense_4_99.graph 标准输出:
Loading data graph...
Loading query graph...
Enumerating...
#Matches: 339886
#Recursive calls: 1089
Total time: 2.39311 ms
Search time: 2.19087 ms

2025-03-01 17:48:49,415 - INFO - 成功处理: query_dense_4_99.graph - 时间: 2.39ms 匹配数: 339886
2025-03-01 17:48:49,417 - INFO - 开始处理: query_dense_4_100.graph
2025-03-01 17:48:49,634 - DEBUG - query_dense_4_100.graph 标准输出:
Loading data graph...
Loading query graph...
Enumerating...
#Matches: 11382648
#Recursive calls: 244784
Total time: 186.882 ms
Search time: 186.395 ms

2025-03-01 17:48:49,634 - INFO - 成功处理: query_dense_4_100.graph - 时间: 186.88ms 匹配数: 11382648
2025-03-01 17:48:49,635 - INFO - 开始处理: query_dense_4_101.graph
2025-03-01 17:48:49,658 - DEBUG - query_dense_4_101.graph 标准输出:
Loading data graph...
Loading query graph...
Enumerating...
#Matches: 662552
#Recursive calls: 18620
Total time: 9.95908 ms
Search time: 9.73006 ms

2025-03-01 17:48:49,658 - INFO - 成功处理: query_dense_4_101.graph - 时间: 9.96ms 匹配数: 662552
2025-03-01 17:48:49,658 - INFO - 开始处理: query_dense_4_102.graph
2025-03-01 17:48:49,683 - DEBUG - query_dense_4_102.graph 标准输出:
Loading data graph...
Loading query graph...
Enumerating...
#Matches: 1202024
#Recursive calls: 19944
Total time: 10.7125 ms
Search time: 10.5244 ms

2025-03-01 17:48:49,683 - INFO - 成功处理: query_dense_4_102.graph - 时间: 10.71ms 匹配数: 1202024
2025-03-01 17:48:49,684 - INFO - 开始处理: query_dense_4_103.graph
2025-03-01 17:48:49,754 - DEBUG - query_dense_4_103.graph 标准输出:
Loading data graph...
Loading query graph...
Enumerating...
#Matches: 1653696
#Recursive calls: 35827
Total time: 52.2966 ms
Search time: 52.1344 ms

2025-03-01 17:48:49,756 - INFO - 成功处理: query_dense_4_103.graph - 时间: 52.30ms 匹配数: 1653696
2025-03-01 17:48:49,756 - INFO - 开始处理: query_dense_4_104.graph
2025-03-01 17:48:49,796 - DEBUG - query_dense_4_104.graph 标准输出:
Loading data graph...
Loading query graph...
Enumerating...
#Matches: 149150
#Recursive calls: 2346
Total time: 1.78035 ms
Search time: 1.65122 ms

2025-03-01 17:48:49,796 - INFO - 成功处理: query_dense_4_104.graph - 时间: 1.78ms 匹配数: 149150
2025-03-01 17:48:49,797 - INFO - 开始处理: query_dense_4_105.graph
2025-03-01 17:48:50,225 - DEBUG - query_dense_4_105.graph 标准输出:
Loading data graph...
Loading query graph...
Enumerating...
#Matches: 29526264
#Recursive calls: 484418
Total time: 413.753 ms
Search time: 413.323 ms

2025-03-01 17:48:50,225 - INFO - 成功处理: query_dense_4_105.graph - 时间: 413.75ms 匹配数: 29526264
2025-03-01 17:48:50,225 - INFO - 开始处理: query_dense_4_106.graph
2025-03-01 17:48:50,252 - DEBUG - query_dense_4_106.graph 标准输出:
Loading data graph...
Loading query graph...
Enumerating...
#Matches: 1056980
#Recursive calls: 14973
Total time: 11.6051 ms
Search time: 11.3928 ms

2025-03-01 17:48:50,253 - INFO - 成功处理: query_dense_4_106.graph - 时间: 11.61ms 匹配数: 1056980
2025-03-01 17:48:50,253 - INFO - 开始处理: query_dense_4_107.graph
2025-03-01 17:48:50,698 - DEBUG - query_dense_4_107.graph 标准输出:
Loading data graph...
Loading query graph...
Enumerating...
#Matches: 37011858
#Recursive calls: 487591
Total time: 433.375 ms
Search time: 432.67 ms

2025-03-01 17:48:50,699 - INFO - 成功处理: query_dense_4_107.graph - 时间: 433.38ms 匹配数: 37011858
2025-03-01 17:48:50,699 - INFO - 开始处理: query_dense_4_108.graph
2025-03-01 17:48:50,808 - DEBUG - query_dense_4_108.graph 标准输出:
Loading data graph...
Loading query graph...
Enumerating...
#Matches: 8804922
#Recursive calls: 120492
Total time: 95.0937 ms
Search time: 94.6702 ms

2025-03-01 17:48:50,809 - INFO - 成功处理: query_dense_4_108.graph - 时间: 95.09ms 匹配数: 8804922
2025-03-01 17:48:50,809 - INFO - 开始处理: query_dense_4_109.graph
2025-03-01 17:48:51,232 - DEBUG - query_dense_4_109.graph 标准输出:
Loading data graph...
Loading query graph...
Enumerating...
#Matches: 37011858
#Recursive calls: 487591
Total time: 408.041 ms
Search time: 407.486 ms

2025-03-01 17:48:51,232 - INFO - 成功处理: query_dense_4_109.graph - 时间: 408.04ms 匹配数: 37011858
2025-03-01 17:48:51,233 - INFO - 开始处理: query_dense_4_110.graph
2025-03-01 17:48:51,287 - DEBUG - query_dense_4_110.graph 标准输出:
Loading data graph...
Loading query graph...
Enumerating...
#Matches: 2297596
#Recursive calls: 40016
Total time: 31.4096 ms
Search time: 31.2416 ms

2025-03-01 17:48:51,287 - INFO - 成功处理: query_dense_4_110.graph - 时间: 31.41ms 匹配数: 2297596
2025-03-01 17:48:51,288 - INFO - 开始处理: query_dense_4_111.graph
2025-03-01 17:48:51,303 - DEBUG - query_dense_4_111.graph 标准输出:
Loading data graph...
Loading query graph...
Enumerating...
#Matches: 60200
#Recursive calls: 965
Total time: 0.583811 ms
Search time: 0.537212 ms

2025-03-01 17:48:51,303 - INFO - 成功处理: query_dense_4_111.graph - 时间: 0.58ms 匹配数: 60200
2025-03-01 17:48:51,303 - INFO - 开始处理: query_dense_4_112.graph
2025-03-01 17:48:51,319 - DEBUG - query_dense_4_112.graph 标准输出:
Loading data graph...
Loading query graph...
Enumerating...
#Matches: 122550
#Recursive calls: 1501
Total time: 1.7772 ms
Search time: 1.68525 ms

2025-03-01 17:48:51,319 - INFO - 成功处理: query_dense_4_112.graph - 时间: 1.78ms 匹配数: 122550
2025-03-01 17:48:51,320 - INFO - 开始处理: query_dense_4_113.graph
2025-03-01 17:48:51,365 - DEBUG - query_dense_4_113.graph 标准输出:
Loading data graph...
Loading query graph...
Enumerating...
#Matches: 412457
#Recursive calls: 5752
Total time: 13.7911 ms
Search time: 13.6431 ms

2025-03-01 17:48:51,365 - INFO - 成功处理: query_dense_4_113.graph - 时间: 13.79ms 匹配数: 412457
2025-03-01 17:48:51,365 - INFO - 开始处理: query_dense_4_114.graph
2025-03-01 17:48:51,611 - DEBUG - query_dense_4_114.graph 标准输出:
Loading data graph...
Loading query graph...
Enumerating...
#Matches: 15933640
#Recursive calls: 207523
Total time: 232.195 ms
Search time: 231.645 ms

2025-03-01 17:48:51,611 - INFO - 成功处理: query_dense_4_114.graph - 时间: 232.19ms 匹配数: 15933640
2025-03-01 17:48:51,611 - INFO - 开始处理: query_dense_4_115.graph
2025-03-01 17:48:51,624 - DEBUG - query_dense_4_115.graph 标准输出:
Loading data graph...
Loading query graph...
Enumerating...
#Matches: 26644
#Recursive calls: 323
Total time: 0.306016 ms
Search time: 0.244738 ms

2025-03-01 17:48:51,624 - INFO - 成功处理: query_dense_4_115.graph - 时间: 0.31ms 匹配数: 26644
2025-03-01 17:48:51,625 - INFO - 开始处理: query_dense_4_116.graph
2025-03-01 17:48:52,619 - DEBUG - query_dense_4_116.graph 标准输出:
Loading data graph...
Loading query graph...
Enumerating...
#Matches: 83334264
#Recursive calls: 1122121
Total time: 980.304 ms
Search time: 977.721 ms

2025-03-01 17:48:52,619 - INFO - 成功处理: query_dense_4_116.graph - 时间: 980.30ms 匹配数: 83334264
2025-03-01 17:48:52,619 - INFO - 开始处理: query_dense_4_117.graph
2025-03-01 17:48:52,651 - DEBUG - query_dense_4_117.graph 标准输出:
Loading data graph...
Loading query graph...
Enumerating...
#Matches: 1653696
#Recursive calls: 35827
Total time: 19.1642 ms
Search time: 19.0188 ms

2025-03-01 17:48:52,651 - INFO - 成功处理: query_dense_4_117.graph - 时间: 19.16ms 匹配数: 1653696
2025-03-01 17:48:52,651 - INFO - 开始处理: query_dense_4_118.graph
2025-03-01 17:48:52,738 - DEBUG - query_dense_4_118.graph 标准输出:
Loading data graph...
Loading query graph...
Enumerating...
#Matches: 6026368
#Recursive calls: 56048
Total time: 70.887 ms
Search time: 70.7525 ms

2025-03-01 17:48:52,738 - INFO - 成功处理: query_dense_4_118.graph - 时间: 70.89ms 匹配数: 6026368
2025-03-01 17:48:52,738 - INFO - 开始处理: query_dense_4_119.graph
2025-03-01 17:48:52,878 - DEBUG - query_dense_4_119.graph 标准输出:
Loading data graph...
Loading query graph...
Enumerating...
#Matches: 106525444
#Recursive calls: 17720
Total time: 125.755 ms
Search time: 125.086 ms

2025-03-01 17:48:52,879 - INFO - 成功处理: query_dense_4_119.graph - 时间: 125.75ms 匹配数: 106525444
2025-03-01 17:48:52,879 - INFO - 开始处理: query_dense_4_120.graph
2025-03-01 17:48:52,893 - DEBUG - query_dense_4_120.graph 标准输出:
Loading data graph...
Loading query graph...
Enumerating...
#Matches: 278052
#Recursive calls: 305
Total time: 0.718185 ms
Search time: 0.623535 ms

2025-03-01 17:48:52,894 - INFO - 成功处理: query_dense_4_120.graph - 时间: 0.72ms 匹配数: 278052
2025-03-01 17:48:52,894 - INFO - 开始处理: query_dense_4_121.graph
2025-03-01 17:48:53,030 - DEBUG - query_dense_4_121.graph 标准输出:
Loading data graph...
Loading query graph...
Enumerating...
#Matches: 8029806
#Recursive calls: 107259
Total time: 117.155 ms
Search time: 116.707 ms

2025-03-01 17:48:53,030 - INFO - 成功处理: query_dense_4_121.graph - 时间: 117.16ms 匹配数: 8029806
2025-03-01 17:48:53,030 - INFO - 开始处理: query_dense_4_122.graph
2025-03-01 17:48:53,047 - DEBUG - query_dense_4_122.graph 标准输出:
Loading data graph...
Loading query graph...
Enumerating...
#Matches: 649382
#Recursive calls: 930
Total time: 3.77475 ms
Search time: 3.6388 ms

2025-03-01 17:48:53,048 - INFO - 成功处理: query_dense_4_122.graph - 时间: 3.77ms 匹配数: 649382
2025-03-01 17:48:53,048 - INFO - 开始处理: query_dense_4_123.graph
2025-03-01 17:48:53,141 - DEBUG - query_dense_4_123.graph 标准输出:
Loading data graph...
Loading query graph...
Enumerating...
#Matches: 5862948
#Recursive calls: 101368
Total time: 79.274 ms
Search time: 78.9303 ms

2025-03-01 17:48:53,141 - INFO - 成功处理: query_dense_4_123.graph - 时间: 79.27ms 匹配数: 5862948
2025-03-01 17:48:53,148 - INFO - 开始处理: query_dense_4_124.graph
2025-03-01 17:48:53,382 - DEBUG - query_dense_4_124.graph 标准输出:
Loading data graph...
Loading query graph...
Enumerating...
#Matches: 15933640
#Recursive calls: 207517
Total time: 204.591 ms
Search time: 204.139 ms

2025-03-01 17:48:53,383 - INFO - 成功处理: query_dense_4_124.graph - 时间: 204.59ms 匹配数: 15933640
2025-03-01 17:48:53,383 - INFO - 开始处理: query_dense_4_125.graph
2025-03-01 17:48:53,439 - DEBUG - query_dense_4_125.graph 标准输出:
Loading data graph...
Loading query graph...
Enumerating...
#Matches: 3579108
#Recursive calls: 47216
Total time: 42.7928 ms
Search time: 42.5061 ms

2025-03-01 17:48:53,439 - INFO - 成功处理: query_dense_4_125.graph - 时间: 42.79ms 匹配数: 3579108
2025-03-01 17:48:53,444 - INFO - 开始处理: query_dense_4_126.graph
2025-03-01 17:48:53,465 - DEBUG - query_dense_4_126.graph 标准输出:
Loading data graph...
Loading query graph...
Enumerating...
#Matches: 426385
#Recursive calls: 157
Total time: 0.51363 ms
Search time: 0.444576 ms

2025-03-01 17:48:53,465 - INFO - 成功处理: query_dense_4_126.graph - 时间: 0.51ms 匹配数: 426385
2025-03-01 17:48:53,465 - INFO - 开始处理: query_dense_4_127.graph
2025-03-01 17:48:53,703 - DEBUG - query_dense_4_127.graph 标准输出:
Loading data graph...
Loading query graph...
Enumerating...
#Matches: 15933640
#Recursive calls: 207517
Total time: 223.283 ms
Search time: 222.708 ms

2025-03-01 17:48:53,703 - INFO - 成功处理: query_dense_4_127.graph - 时间: 223.28ms 匹配数: 15933640
2025-03-01 17:48:53,703 - INFO - 开始处理: query_dense_4_128.graph
2025-03-01 17:48:53,719 - DEBUG - query_dense_4_128.graph 标准输出:
Loading data graph...
Loading query graph...
Enumerating...
#Matches: 3996
#Recursive calls: 372
Total time: 0.083103 ms
Search time: 0.051263 ms

2025-03-01 17:48:53,719 - INFO - 成功处理: query_dense_4_128.graph - 时间: 0.08ms 匹配数: 3996
2025-03-01 17:48:53,719 - INFO - 开始处理: query_dense_4_129.graph
2025-03-01 17:48:53,919 - DEBUG - query_dense_4_129.graph 标准输出:
Loading data graph...
Loading query graph...
Enumerating...
#Matches: 14712360
#Recursive calls: 274956
Total time: 186.748 ms
Search time: 186.356 ms

2025-03-01 17:48:53,919 - INFO - 成功处理: query_dense_4_129.graph - 时间: 186.75ms 匹配数: 14712360
2025-03-01 17:48:53,919 - INFO - 开始处理: query_dense_4_130.graph
2025-03-01 17:48:54,029 - DEBUG - query_dense_4_130.graph 标准输出:
Loading data graph...
Loading query graph...
Enumerating...
#Matches: 5862948
#Recursive calls: 101368
Total time: 96.4017 ms
Search time: 96.1741 ms

2025-03-01 17:48:54,029 - INFO - 成功处理: query_dense_4_130.graph - 时间: 96.40ms 匹配数: 5862948
2025-03-01 17:48:54,029 - INFO - 开始处理: query_dense_4_131.graph
2025-03-01 17:48:54,452 - DEBUG - query_dense_4_131.graph 标准输出:
Loading data graph...
Loading query graph...
Enumerating...
#Matches: 37011858
#Recursive calls: 487591
Total time: 408.882 ms
Search time: 408.19 ms

2025-03-01 17:48:54,452 - INFO - 成功处理: query_dense_4_131.graph - 时间: 408.88ms 匹配数: 37011858
2025-03-01 17:48:54,452 - INFO - 开始处理: query_dense_4_132.graph
2025-03-01 17:48:55,371 - DEBUG - query_dense_4_132.graph 标准输出:
Loading data graph...
Loading query graph...
Enumerating...
#Matches: 83334264
#Recursive calls: 1122121
Total time: 906.404 ms
Search time: 905.197 ms

2025-03-01 17:48:55,371 - INFO - 成功处理: query_dense_4_132.graph - 时间: 906.40ms 匹配数: 83334264
2025-03-01 17:48:55,371 - INFO - 开始处理: query_dense_4_133.graph
2025-03-01 17:48:55,458 - DEBUG - query_dense_4_133.graph 标准输出:
Loading data graph...
Loading query graph...
Enumerating...
#Matches: 6147120
#Recursive calls: 117456
Total time: 73.839 ms
Search time: 73.6528 ms

2025-03-01 17:48:55,459 - INFO - 成功处理: query_dense_4_133.graph - 时间: 73.84ms 匹配数: 6147120
2025-03-01 17:48:55,459 - INFO - 开始处理: query_dense_4_134.graph
2025-03-01 17:48:55,831 - DEBUG - query_dense_4_134.graph 标准输出:
Loading data graph...
Loading query graph...
Enumerating...
#Matches: 33121220
#Recursive calls: 484553
Total time: 359.317 ms
Search time: 357.648 ms

2025-03-01 17:48:55,831 - INFO - 成功处理: query_dense_4_134.graph - 时间: 359.32ms 匹配数: 33121220
2025-03-01 17:48:55,832 - INFO - 开始处理: query_dense_4_135.graph
2025-03-01 17:48:55,849 - DEBUG - query_dense_4_135.graph 标准输出:
Loading data graph...
Loading query graph...
Enumerating...
#Matches: 178632
#Recursive calls: 8824
Total time: 2.05726 ms
Search time: 1.99957 ms

2025-03-01 17:48:55,849 - INFO - 成功处理: query_dense_4_135.graph - 时间: 2.06ms 匹配数: 178632
2025-03-01 17:48:55,849 - INFO - 开始处理: query_dense_4_136.graph
2025-03-01 17:48:55,992 - DEBUG - query_dense_4_136.graph 标准输出:
Loading data graph...
Loading query graph...
Enumerating...
#Matches: 10752024
#Recursive calls: 143609
Total time: 131.476 ms
Search time: 131.039 ms

2025-03-01 17:48:55,992 - INFO - 成功处理: query_dense_4_136.graph - 时间: 131.48ms 匹配数: 10752024
2025-03-01 17:48:55,993 - INFO - 开始处理: query_dense_4_137.graph
2025-03-01 17:48:56,112 - DEBUG - query_dense_4_137.graph 标准输出:
Loading data graph...
Loading query graph...
Enumerating...
#Matches: 8804922
#Recursive calls: 120492
Total time: 106.377 ms
Search time: 105.389 ms

2025-03-01 17:48:56,112 - INFO - 成功处理: query_dense_4_137.graph - 时间: 106.38ms 匹配数: 8804922
2025-03-01 17:48:56,112 - INFO - 开始处理: query_dense_4_138.graph
2025-03-01 17:48:56,128 - DEBUG - query_dense_4_138.graph 标准输出:
Loading data graph...
Loading query graph...
Enumerating...
#Matches: 44706
#Recursive calls: 781
Total time: 0.583328 ms
Search time: 0.50709 ms

2025-03-01 17:48:56,128 - INFO - 成功处理: query_dense_4_138.graph - 时间: 0.58ms 匹配数: 44706
2025-03-01 17:48:56,128 - INFO - 开始处理: query_dense_4_139.graph
2025-03-01 17:48:56,196 - DEBUG - query_dense_4_139.graph 标准输出:
Loading data graph...
Loading query graph...
Enumerating...
#Matches: 2297596
#Recursive calls: 40016
Total time: 52.6548 ms
Search time: 52.487 ms

2025-03-01 17:48:56,196 - INFO - 成功处理: query_dense_4_139.graph - 时间: 52.65ms 匹配数: 2297596
2025-03-01 17:48:56,196 - INFO - 开始处理: query_dense_4_140.graph
2025-03-01 17:48:56,216 - DEBUG - query_dense_4_140.graph 标准输出:
Loading data graph...
Loading query graph...
Enumerating...
#Matches: 636904
#Recursive calls: 5291
Total time: 5.45218 ms
Search time: 5.26072 ms

2025-03-01 17:48:56,216 - INFO - 成功处理: query_dense_4_140.graph - 时间: 5.45ms 匹配数: 636904
2025-03-01 17:48:56,216 - INFO - 开始处理: query_dense_4_141.graph
2025-03-01 17:48:56,230 - DEBUG - query_dense_4_141.graph 标准输出:
Loading data graph...
Loading query graph...
Enumerating...
#Matches: 35868
#Recursive calls: 7
Total time: 0.055783 ms
Search time: 0.030869 ms

2025-03-01 17:48:56,230 - INFO - 成功处理: query_dense_4_141.graph - 时间: 0.06ms 匹配数: 35868
2025-03-01 17:48:56,230 - INFO - 开始处理: query_dense_4_142.graph
2025-03-01 17:48:56,347 - DEBUG - query_dense_4_142.graph 标准输出:
Loading data graph...
Loading query graph...
Enumerating...
#Matches: 3468378
#Recursive calls: 74761
Total time: 77.753 ms
Search time: 77.546 ms

2025-03-01 17:48:56,348 - INFO - 成功处理: query_dense_4_142.graph - 时间: 77.75ms 匹配数: 3468378
2025-03-01 17:48:56,348 - INFO - 开始处理: query_dense_4_143.graph
2025-03-01 17:48:56,371 - DEBUG - query_dense_4_143.graph 标准输出:
Loading data graph...
Loading query graph...
Enumerating...
#Matches: 8436
#Recursive calls: 236
Total time: 0.100046 ms
Search time: 0.07641 ms

2025-03-01 17:48:56,373 - INFO - 成功处理: query_dense_4_143.graph - 时间: 0.10ms 匹配数: 8436
2025-03-01 17:48:56,376 - INFO - 开始处理: query_dense_4_144.graph
2025-03-01 17:48:56,502 - DEBUG - query_dense_4_144.graph 标准输出:
Loading data graph...
Loading query graph...
Enumerating...
#Matches: 42554404
#Recursive calls: 6475
Total time: 74.8004 ms
Search time: 74.3627 ms

2025-03-01 17:48:56,502 - INFO - 成功处理: query_dense_4_144.graph - 时间: 74.80ms 匹配数: 42554404
2025-03-01 17:48:56,503 - INFO - 开始处理: query_dense_4_145.graph
2025-03-01 17:48:56,979 - DEBUG - query_dense_4_145.graph 标准输出:
Loading data graph...
Loading query graph...
Enumerating...
#Matches: 37011858
#Recursive calls: 487591
Total time: 462.054 ms
Search time: 461.434 ms

2025-03-01 17:48:56,979 - INFO - 成功处理: query_dense_4_145.graph - 时间: 462.05ms 匹配数: 37011858
2025-03-01 17:48:56,980 - INFO - 开始处理: query_dense_4_146.graph
2025-03-01 17:48:57,002 - DEBUG - query_dense_4_146.graph 标准输出:
Loading data graph...
Loading query graph...
Enumerating...
#Matches: 5853204
#Recursive calls: 1631
Total time: 9.88932 ms
Search time: 9.44574 ms

2025-03-01 17:48:57,002 - INFO - 成功处理: query_dense_4_146.graph - 时间: 9.89ms 匹配数: 5853204
2025-03-01 17:48:57,002 - INFO - 开始处理: query_dense_4_147.graph
2025-03-01 17:48:57,398 - DEBUG - query_dense_4_147.graph 标准输出:
Loading data graph...
Loading query graph...
Enumerating...
#Matches: 29526264
#Recursive calls: 484418
Total time: 380.633 ms
Search time: 380.207 ms

2025-03-01 17:48:57,398 - INFO - 成功处理: query_dense_4_147.graph - 时间: 380.63ms 匹配数: 29526264
2025-03-01 17:48:57,399 - INFO - 开始处理: query_dense_4_148.graph
2025-03-01 17:48:57,412 - DEBUG - query_dense_4_148.graph 标准输出:
Loading data graph...
Loading query graph...
Enumerating...
#Matches: 7281
#Recursive calls: 95
Total time: 0.105806 ms
Search time: 0.064366 ms

2025-03-01 17:48:57,412 - INFO - 成功处理: query_dense_4_148.graph - 时间: 0.11ms 匹配数: 7281
2025-03-01 17:48:57,412 - INFO - 开始处理: query_dense_4_149.graph
2025-03-01 17:48:57,506 - DEBUG - query_dense_4_149.graph 标准输出:
Loading data graph...
Loading query graph...
Enumerating...
#Matches: 4799746
#Recursive calls: 63565
Total time: 77.6103 ms
Search time: 77.093 ms

2025-03-01 17:48:57,506 - INFO - 成功处理: query_dense_4_149.graph - 时间: 77.61ms 匹配数: 4799746
2025-03-01 17:48:57,507 - INFO - 开始处理: query_dense_4_150.graph
2025-03-01 17:48:57,831 - DEBUG - query_dense_4_150.graph 标准输出:
Loading data graph...
Loading query graph...
Enumerating...
#Matches: 33121220
#Recursive calls: 484577
Total time: 310.546 ms
Search time: 310.087 ms

2025-03-01 17:48:57,831 - INFO - 成功处理: query_dense_4_150.graph - 时间: 310.55ms 匹配数: 33121220
2025-03-01 17:48:57,831 - INFO - 开始处理: query_dense_4_151.graph
2025-03-01 17:48:57,850 - DEBUG - query_dense_4_151.graph 标准输出:
Loading data graph...
Loading query graph...
Enumerating...
#Matches: 65280
#Recursive calls: 134
Total time: 0.561346 ms
Search time: 0.521217 ms

2025-03-01 17:48:57,851 - INFO - 成功处理: query_dense_4_151.graph - 时间: 0.56ms 匹配数: 65280
2025-03-01 17:48:57,851 - INFO - 开始处理: query_dense_4_152.graph
2025-03-01 17:48:57,874 - DEBUG - query_dense_4_152.graph 标准输出:
Loading data graph...
Loading query graph...
Enumerating...
#Matches: 1001054
#Recursive calls: 9299
Total time: 9.08889 ms
Search time: 9.00497 ms

2025-03-01 17:48:57,874 - INFO - 成功处理: query_dense_4_152.graph - 时间: 9.09ms 匹配数: 1001054
2025-03-01 17:48:57,874 - INFO - 开始处理: query_dense_4_153.graph
2025-03-01 17:48:58,130 - DEBUG - query_dense_4_153.graph 标准输出:
Loading data graph...
Loading query graph...
Enumerating...
#Matches: 15933640
#Recursive calls: 207523
Total time: 243.217 ms
Search time: 242.741 ms

2025-03-01 17:48:58,130 - INFO - 成功处理: query_dense_4_153.graph - 时间: 243.22ms 匹配数: 15933640
2025-03-01 17:48:58,130 - INFO - 开始处理: query_dense_4_154.graph
2025-03-01 17:48:58,206 - DEBUG - query_dense_4_154.graph 标准输出:
Loading data graph...
Loading query graph...
Enumerating...
#Matches: 5862948
#Recursive calls: 101368
Total time: 63.558 ms
Search time: 63.3481 ms

2025-03-01 17:48:58,206 - INFO - 成功处理: query_dense_4_154.graph - 时间: 63.56ms 匹配数: 5862948
2025-03-01 17:48:58,207 - INFO - 开始处理: query_dense_4_155.graph
2025-03-01 17:48:59,168 - DEBUG - query_dense_4_155.graph 标准输出:
Loading data graph...
Loading query graph...
Enumerating...
#Matches: 83334264
#Recursive calls: 1122121
Total time: 942.086 ms
Search time: 940.468 ms

2025-03-01 17:48:59,168 - INFO - 成功处理: query_dense_4_155.graph - 时间: 942.09ms 匹配数: 83334264
2025-03-01 17:48:59,168 - INFO - 开始处理: query_dense_4_156.graph
2025-03-01 17:48:59,323 - DEBUG - query_dense_4_156.graph 标准输出:
Loading data graph...
Loading query graph...
Enumerating...
#Matches: 106525444
#Recursive calls: 17720
Total time: 138.405 ms
Search time: 137.758 ms

2025-03-01 17:48:59,324 - INFO - 成功处理: query_dense_4_156.graph - 时间: 138.41ms 匹配数: 106525444
2025-03-01 17:48:59,324 - INFO - 开始处理: query_dense_4_157.graph
2025-03-01 17:48:59,392 - DEBUG - query_dense_4_157.graph 标准输出:
Loading data graph...
Loading query graph...
Enumerating...
#Matches: 4799746
#Recursive calls: 63561
Total time: 55.185 ms
Search time: 54.8819 ms

2025-03-01 17:48:59,392 - INFO - 成功处理: query_dense_4_157.graph - 时间: 55.19ms 匹配数: 4799746
2025-03-01 17:48:59,392 - INFO - 开始处理: query_dense_4_158.graph
2025-03-01 17:48:59,409 - DEBUG - query_dense_4_158.graph 标准输出:
Loading data graph...
Loading query graph...
Enumerating...
#Matches: 454022
#Recursive calls: 5728
Total time: 4.82814 ms
Search time: 4.60313 ms

2025-03-01 17:48:59,410 - INFO - 成功处理: query_dense_4_158.graph - 时间: 4.83ms 匹配数: 454022
2025-03-01 17:48:59,410 - INFO - 开始处理: query_dense_4_159.graph
2025-03-01 17:48:59,425 - DEBUG - query_dense_4_159.graph 标准输出:
Loading data graph...
Loading query graph...
Enumerating...
#Matches: 1582994
#Recursive calls: 184
Total time: 2.07822 ms
Search time: 1.8774 ms

2025-03-01 17:48:59,425 - INFO - 成功处理: query_dense_4_159.graph - 时间: 2.08ms 匹配数: 1582994
2025-03-01 17:48:59,425 - INFO - 开始处理: query_dense_4_160.graph
2025-03-01 17:48:59,883 - DEBUG - query_dense_4_160.graph 标准输出:
Loading data graph...
Loading query graph...
Enumerating...
#Matches: 37011858
#Recursive calls: 487591
Total time: 443.378 ms
Search time: 442.741 ms

2025-03-01 17:48:59,883 - INFO - 成功处理: query_dense_4_160.graph - 时间: 443.38ms 匹配数: 37011858
2025-03-01 17:48:59,884 - INFO - 开始处理: query_dense_4_161.graph
2025-03-01 17:48:59,937 - DEBUG - query_dense_4_161.graph 标准输出:
Loading data graph...
Loading query graph...
Enumerating...
#Matches: 3468378
#Recursive calls: 74761
Total time: 37.5455 ms
Search time: 37.3588 ms

2025-03-01 17:48:59,937 - INFO - 成功处理: query_dense_4_161.graph - 时间: 37.55ms 匹配数: 3468378
2025-03-01 17:48:59,937 - INFO - 开始处理: query_dense_4_162.graph
2025-03-01 17:48:59,959 - DEBUG - query_dense_4_162.graph 标准输出:
Loading data graph...
Loading query graph...
Enumerating...
#Matches: 66023
#Recursive calls: 25
Total time: 0.11373 ms
Search time: 0.030162 ms

2025-03-01 17:48:59,961 - INFO - 成功处理: query_dense_4_162.graph - 时间: 0.11ms 匹配数: 66023
2025-03-01 17:48:59,961 - INFO - 开始处理: query_dense_4_163.graph
2025-03-01 17:48:59,989 - DEBUG - query_dense_4_163.graph 标准输出:
Loading data graph...
Loading query graph...
Enumerating...
#Matches: 223068
#Recursive calls: 5024
Total time: 2.52798 ms
Search time: 2.44454 ms

2025-03-01 17:48:59,989 - INFO - 成功处理: query_dense_4_163.graph - 时间: 2.53ms 匹配数: 223068
2025-03-01 17:48:59,989 - INFO - 开始处理: query_dense_4_164.graph
2025-03-01 17:49:00,005 - DEBUG - query_dense_4_164.graph 标准输出:
Loading data graph...
Loading query graph...
Enumerating...
#Matches: 253518
#Recursive calls: 10319
Total time: 3.52854 ms
Search time: 3.4122 ms

2025-03-01 17:49:00,006 - INFO - 成功处理: query_dense_4_164.graph - 时间: 3.53ms 匹配数: 253518
2025-03-01 17:49:00,006 - INFO - 开始处理: query_dense_4_165.graph
2025-03-01 17:49:00,239 - DEBUG - query_dense_4_165.graph 标准输出:
Loading data graph...
Loading query graph...
Enumerating...
#Matches: 15933640
#Recursive calls: 207523
Total time: 220.96 ms
Search time: 220.276 ms

2025-03-01 17:49:00,239 - INFO - 成功处理: query_dense_4_165.graph - 时间: 220.96ms 匹配数: 15933640
2025-03-01 17:49:00,240 - INFO - 开始处理: query_dense_4_166.graph
2025-03-01 17:49:00,311 - DEBUG - query_dense_4_166.graph 标准输出:
Loading data graph...
Loading query graph...
Enumerating...
#Matches: 4799746
#Recursive calls: 63565
Total time: 55.3332 ms
Search time: 55.025 ms

2025-03-01 17:49:00,311 - INFO - 成功处理: query_dense_4_166.graph - 时间: 55.33ms 匹配数: 4799746
2025-03-01 17:49:00,311 - INFO - 开始处理: query_dense_4_167.graph
2025-03-01 17:49:00,363 - DEBUG - query_dense_4_167.graph 标准输出:
Loading data graph...
Loading query graph...
Enumerating...
#Matches: 18336919
#Recursive calls: 2791
Total time: 38.395 ms
Search time: 38.1786 ms

2025-03-01 17:49:00,363 - INFO - 成功处理: query_dense_4_167.graph - 时间: 38.40ms 匹配数: 18336919
2025-03-01 17:49:00,364 - INFO - 开始处理: query_dense_4_168.graph
2025-03-01 17:49:00,376 - DEBUG - query_dense_4_168.graph 标准输出:
Loading data graph...
Loading query graph...
Enumerating...
#Matches: 74796
#Recursive calls: 1322
Total time: 0.835197 ms
Search time: 0.73197 ms

2025-03-01 17:49:00,376 - INFO - 成功处理: query_dense_4_168.graph - 时间: 0.84ms 匹配数: 74796
2025-03-01 17:49:00,377 - INFO - 开始处理: query_dense_4_169.graph
2025-03-01 17:49:00,423 - DEBUG - query_dense_4_169.graph 标准输出:
Loading data graph...
Loading query graph...
Enumerating...
#Matches: 695532
#Recursive calls: 18736
Total time: 26.1735 ms
Search time: 26.0721 ms

2025-03-01 17:49:00,426 - INFO - 成功处理: query_dense_4_169.graph - 时间: 26.17ms 匹配数: 695532
2025-03-01 17:49:00,431 - INFO - 开始处理: query_dense_4_170.graph
2025-03-01 17:49:00,586 - DEBUG - query_dense_4_170.graph 标准输出:
Loading data graph...
Loading query graph...
Enumerating...
#Matches: 5862948
#Recursive calls: 101368
Total time: 110.716 ms
Search time: 109.656 ms

2025-03-01 17:49:00,586 - INFO - 成功处理: query_dense_4_170.graph - 时间: 110.72ms 匹配数: 5862948
2025-03-01 17:49:00,586 - INFO - 开始处理: query_dense_4_171.graph
2025-03-01 17:49:00,815 - DEBUG - query_dense_4_171.graph 标准输出:
Loading data graph...
Loading query graph...
Enumerating...
#Matches: 15933640
#Recursive calls: 207517
Total time: 211.759 ms
Search time: 211.364 ms

2025-03-01 17:49:00,815 - INFO - 成功处理: query_dense_4_171.graph - 时间: 211.76ms 匹配数: 15933640
2025-03-01 17:49:00,815 - INFO - 开始处理: query_dense_4_172.graph
2025-03-01 17:49:00,901 - DEBUG - query_dense_4_172.graph 标准输出:
Loading data graph...
Loading query graph...
Enumerating...
#Matches: 5862948
#Recursive calls: 101368
Total time: 73.6322 ms
Search time: 72.9639 ms

2025-03-01 17:49:00,901 - INFO - 成功处理: query_dense_4_172.graph - 时间: 73.63ms 匹配数: 5862948
2025-03-01 17:49:00,901 - INFO - 开始处理: query_dense_4_173.graph
2025-03-01 17:49:01,092 - DEBUG - query_dense_4_173.graph 标准输出:
Loading data graph...
Loading query graph...
Enumerating...
#Matches: 14712360
#Recursive calls: 274956
Total time: 177.084 ms
Search time: 176.616 ms

2025-03-01 17:49:01,092 - INFO - 成功处理: query_dense_4_173.graph - 时间: 177.08ms 匹配数: 14712360
2025-03-01 17:49:01,092 - INFO - 开始处理: query_dense_4_174.graph
2025-03-01 17:49:01,161 - DEBUG - query_dense_4_174.graph 标准输出:
Loading data graph...
Loading query graph...
Enumerating...
#Matches: 4799746
#Recursive calls: 63561
Total time: 56.3241 ms
Search time: 55.018 ms

2025-03-01 17:49:01,161 - INFO - 成功处理: query_dense_4_174.graph - 时间: 56.32ms 匹配数: 4799746
2025-03-01 17:49:01,161 - INFO - 开始处理: query_dense_4_175.graph
2025-03-01 17:49:02,102 - DEBUG - query_dense_4_175.graph 标准输出:
Loading data graph...
Loading query graph...
Enumerating...
#Matches: 83334264
#Recursive calls: 1122121
Total time: 927.356 ms
Search time: 926.255 ms

2025-03-01 17:49:02,102 - INFO - 成功处理: query_dense_4_175.graph - 时间: 927.36ms 匹配数: 83334264
2025-03-01 17:49:02,102 - INFO - 开始处理: query_dense_4_176.graph
2025-03-01 17:49:02,118 - DEBUG - query_dense_4_176.graph 标准输出:
Loading data graph...
Loading query graph...
Enumerating...
#Matches: 148326
#Recursive calls: 2776
Total time: 1.90757 ms
Search time: 1.76856 ms

2025-03-01 17:49:02,119 - INFO - 成功处理: query_dense_4_176.graph - 时间: 1.91ms 匹配数: 148326
2025-03-01 17:49:02,119 - INFO - 开始处理: query_dense_4_177.graph
2025-03-01 17:49:02,605 - DEBUG - query_dense_4_177.graph 标准输出:
Loading data graph...
Loading query graph...
Enumerating...
#Matches: 37011858
#Recursive calls: 487591
Total time: 473.162 ms
Search time: 472.599 ms

2025-03-01 17:49:02,605 - INFO - 成功处理: query_dense_4_177.graph - 时间: 473.16ms 匹配数: 37011858
2025-03-01 17:49:02,606 - INFO - 开始处理: query_dense_4_178.graph
2025-03-01 17:49:02,840 - DEBUG - query_dense_4_178.graph 标准输出:
Loading data graph...
Loading query graph...
Enumerating...
#Matches: 15933640
#Recursive calls: 207517
Total time: 219.806 ms
Search time: 219.312 ms

2025-03-01 17:49:02,840 - INFO - 成功处理: query_dense_4_178.graph - 时间: 219.81ms 匹配数: 15933640
2025-03-01 17:49:02,840 - INFO - 开始处理: query_dense_4_179.graph
2025-03-01 17:49:02,901 - DEBUG - query_dense_4_179.graph 标准输出:
Loading data graph...
Loading query graph...
Enumerating...
#Matches: 3468378
#Recursive calls: 74761
Total time: 45.8219 ms
Search time: 45.3129 ms

2025-03-01 17:49:02,901 - INFO - 成功处理: query_dense_4_179.graph - 时间: 45.82ms 匹配数: 3468378
2025-03-01 17:49:02,901 - INFO - 开始处理: query_dense_4_180.graph
2025-03-01 17:49:02,953 - DEBUG - query_dense_4_180.graph 标准输出:
Loading data graph...
Loading query graph...
Enumerating...
#Matches: 2114562
#Recursive calls: 43851
Total time: 31.4839 ms
Search time: 30.638 ms

2025-03-01 17:49:02,953 - INFO - 成功处理: query_dense_4_180.graph - 时间: 31.48ms 匹配数: 2114562
2025-03-01 17:49:02,953 - INFO - 开始处理: query_dense_4_181.graph
2025-03-01 17:49:02,969 - DEBUG - query_dense_4_181.graph 标准输出:
Loading data graph...
Loading query graph...
Enumerating...
#Matches: 19092
#Recursive calls: 225
Total time: 0.345509 ms
Search time: 0.245665 ms

2025-03-01 17:49:02,969 - INFO - 成功处理: query_dense_4_181.graph - 时间: 0.35ms 匹配数: 19092
2025-03-01 17:49:02,970 - INFO - 开始处理: query_dense_4_182.graph
2025-03-01 17:49:02,999 - DEBUG - query_dense_4_182.graph 标准输出:
Loading data graph...
Loading query graph...
Enumerating...
#Matches: 297888
#Recursive calls: 5159
Total time: 2.99078 ms
Search time: 2.94457 ms

2025-03-01 17:49:02,999 - INFO - 成功处理: query_dense_4_182.graph - 时间: 2.99ms 匹配数: 297888
2025-03-01 17:49:03,000 - INFO - 开始处理: query_dense_4_183.graph
2025-03-01 17:49:03,014 - DEBUG - query_dense_4_183.graph 标准输出:
Loading data graph...
Loading query graph...
Enumerating...
#Matches: 17682
#Recursive calls: 8
Total time: 0.043267 ms
Search time: 0.007524 ms

2025-03-01 17:49:03,014 - INFO - 成功处理: query_dense_4_183.graph - 时间: 0.04ms 匹配数: 17682
2025-03-01 17:49:03,015 - INFO - 开始处理: query_dense_4_184.graph
2025-03-01 17:49:03,072 - DEBUG - query_dense_4_184.graph 标准输出:
Loading data graph...
Loading query graph...
Enumerating...
#Matches: 2237328
#Recursive calls: 80813
Total time: 35.7761 ms
Search time: 35.5168 ms

2025-03-01 17:49:03,072 - INFO - 成功处理: query_dense_4_184.graph - 时间: 35.78ms 匹配数: 2237328
2025-03-01 17:49:03,074 - INFO - 开始处理: query_dense_4_185.graph
2025-03-01 17:49:03,248 - DEBUG - query_dense_4_185.graph 标准输出:
Loading data graph...
Loading query graph...
Enumerating...
#Matches: 11738800
#Recursive calls: 244808
Total time: 156.916 ms
Search time: 156.619 ms

2025-03-01 17:49:03,248 - INFO - 成功处理: query_dense_4_185.graph - 时间: 156.92ms 匹配数: 11738800
2025-03-01 17:49:03,248 - INFO - 开始处理: query_dense_4_186.graph
2025-03-01 17:49:03,353 - DEBUG - query_dense_4_186.graph 标准输出:
Loading data graph...
Loading query graph...
Enumerating...
#Matches: 42554404
#Recursive calls: 6475
Total time: 79.6611 ms
Search time: 78.7047 ms

2025-03-01 17:49:03,353 - INFO - 成功处理: query_dense_4_186.graph - 时间: 79.66ms 匹配数: 42554404
2025-03-01 17:49:03,353 - INFO - 开始处理: query_dense_4_187.graph
2025-03-01 17:49:03,386 - DEBUG - query_dense_4_187.graph 标准输出:
Loading data graph...
Loading query graph...
Enumerating...
#Matches: 12830306
#Recursive calls: 1464
Total time: 14.5508 ms
Search time: 14.3644 ms

2025-03-01 17:49:03,386 - INFO - 成功处理: query_dense_4_187.graph - 时间: 14.55ms 匹配数: 12830306
2025-03-01 17:49:03,386 - INFO - 开始处理: query_dense_4_188.graph
2025-03-01 17:49:03,503 - DEBUG - query_dense_4_188.graph 标准输出:
Loading data graph...
Loading query graph...
Enumerating...
#Matches: 6026368
#Recursive calls: 56048
Total time: 76.2343 ms
Search time: 75.4917 ms

2025-03-01 17:49:03,504 - INFO - 成功处理: query_dense_4_188.graph - 时间: 76.23ms 匹配数: 6026368
2025-03-01 17:49:03,504 - INFO - 开始处理: query_dense_4_189.graph
2025-03-01 17:49:03,614 - DEBUG - query_dense_4_189.graph 标准输出:
Loading data graph...
Loading query graph...
Enumerating...
#Matches: 3468378
#Recursive calls: 74761
Total time: 58.1171 ms
Search time: 57.9255 ms

2025-03-01 17:49:03,619 - INFO - 成功处理: query_dense_4_189.graph - 时间: 58.12ms 匹配数: 3468378
2025-03-01 17:49:03,621 - INFO - 开始处理: query_dense_4_190.graph
2025-03-01 17:49:03,676 - DEBUG - query_dense_4_190.graph 标准输出:
Loading data graph...
Loading query graph...
Enumerating...
#Matches: 1198116
#Recursive calls: 21836
Total time: 12.1309 ms
Search time: 12.0129 ms

2025-03-01 17:49:03,676 - INFO - 成功处理: query_dense_4_190.graph - 时间: 12.13ms 匹配数: 1198116
2025-03-01 17:49:03,677 - INFO - 开始处理: query_dense_4_191.graph
2025-03-01 17:49:03,699 - DEBUG - query_dense_4_191.graph 标准输出:
Loading data graph...
Loading query graph...
Enumerating...
#Matches: 5184166
#Recursive calls: 1731
Total time: 6.89821 ms
Search time: 6.55171 ms

2025-03-01 17:49:03,699 - INFO - 成功处理: query_dense_4_191.graph - 时间: 6.90ms 匹配数: 5184166
2025-03-01 17:49:03,699 - INFO - 开始处理: query_dense_4_192.graph
2025-03-01 17:49:03,988 - DEBUG - query_dense_4_192.graph 标准输出:
Loading data graph...
Loading query graph...
Enumerating...
#Matches: 15933640
#Recursive calls: 207517
Total time: 255.759 ms
Search time: 254.418 ms

2025-03-01 17:49:03,988 - INFO - 成功处理: query_dense_4_192.graph - 时间: 255.76ms 匹配数: 15933640
2025-03-01 17:49:03,988 - INFO - 开始处理: query_dense_4_193.graph
2025-03-01 17:49:04,374 - DEBUG - query_dense_4_193.graph 标准输出:
Loading data graph...
Loading query graph...
Enumerating...
#Matches: 29526264
#Recursive calls: 484418
Total time: 369.039 ms
Search time: 367.064 ms

2025-03-01 17:49:04,374 - INFO - 成功处理: query_dense_4_193.graph - 时间: 369.04ms 匹配数: 29526264
2025-03-01 17:49:04,374 - INFO - 开始处理: query_dense_4_194.graph
2025-03-01 17:49:04,421 - DEBUG - query_dense_4_194.graph 标准输出:
Loading data graph...
Loading query graph...
Enumerating...
#Matches: 3123566
#Recursive calls: 61515
Total time: 33.6696 ms
Search time: 33.5027 ms

2025-03-01 17:49:04,421 - INFO - 成功处理: query_dense_4_194.graph - 时间: 33.67ms 匹配数: 3123566
2025-03-01 17:49:04,421 - INFO - 开始处理: query_dense_4_195.graph
2025-03-01 17:49:04,451 - DEBUG - query_dense_4_195.graph 标准输出:
Loading data graph...
Loading query graph...
Enumerating...
#Matches: 641736
#Recursive calls: 20634
Total time: 8.11686 ms
Search time: 7.79576 ms

2025-03-01 17:49:04,451 - INFO - 成功处理: query_dense_4_195.graph - 时间: 8.12ms 匹配数: 641736
2025-03-01 17:49:04,452 - INFO - 开始处理: query_dense_4_196.graph
2025-03-01 17:49:04,466 - DEBUG - query_dense_4_196.graph 标准输出:
Loading data graph...
Loading query graph...
Enumerating...
#Matches: 97184
#Recursive calls: 1653
Total time: 1.06785 ms
Search time: 0.914761 ms

2025-03-01 17:49:04,466 - INFO - 成功处理: query_dense_4_196.graph - 时间: 1.07ms 匹配数: 97184
2025-03-01 17:49:04,466 - INFO - 开始处理: query_dense_4_197.graph
2025-03-01 17:49:04,501 - DEBUG - query_dense_4_197.graph 标准输出:
Loading data graph...
Loading query graph...
Enumerating...
#Matches: 126556
#Recursive calls: 1279
Total time: 4.29217 ms
Search time: 3.70324 ms

2025-03-01 17:49:04,508 - INFO - 成功处理: query_dense_4_197.graph - 时间: 4.29ms 匹配数: 126556
2025-03-01 17:49:04,508 - INFO - 开始处理: query_dense_4_198.graph
2025-03-01 17:49:04,995 - DEBUG - query_dense_4_198.graph 标准输出:
Loading data graph...
Loading query graph...
Enumerating...
#Matches: 37011858
#Recursive calls: 487591
Total time: 454.4 ms
Search time: 453.787 ms

2025-03-01 17:49:04,995 - INFO - 成功处理: query_dense_4_198.graph - 时间: 454.40ms 匹配数: 37011858
2025-03-01 17:49:04,995 - INFO - 开始处理: query_dense_4_199.graph
2025-03-01 17:49:05,015 - DEBUG - query_dense_4_199.graph 标准输出:
Loading data graph...
Loading query graph...
Enumerating...
#Matches: 179538
#Recursive calls: 9831
Total time: 2.15848 ms
Search time: 2.07532 ms

2025-03-01 17:49:05,015 - INFO - 成功处理: query_dense_4_199.graph - 时间: 2.16ms 匹配数: 179538
2025-03-01 17:49:05,015 - INFO - 开始处理: query_dense_4_200.graph
2025-03-01 17:49:05,481 - DEBUG - query_dense_4_200.graph 标准输出:
Loading data graph...
Loading query graph...
Enumerating...
#Matches: 37011858
#Recursive calls: 487591
Total time: 442.581 ms
Search time: 441.915 ms

2025-03-01 17:49:05,481 - INFO - 成功处理: query_dense_4_200.graph - 时间: 442.58ms 匹配数: 37011858
2025-03-01 17:49:05,481 - INFO - 开始处理: query_dense_8_1.graph
2025-03-01 17:52:30,957 - DEBUG - query_dense_8_1.graph 标准输出:
Loading data graph...
Loading query graph...
Enumerating...
#Matches: 16418241276
#Recursive calls: 204972373
Total time: 205462 ms
Search time: 205461 ms

2025-03-01 17:52:30,958 - INFO - 成功处理: query_dense_8_1.graph - 时间: 205462.00ms 匹配数: 16418241276
2025-03-01 17:52:30,958 - INFO - 开始处理: query_dense_8_2.graph
2025-03-01 18:02:31,023 - ERROR - 处理超时: query_dense_8_2.graph (超过600秒)
2025-03-01 18:02:31,023 - INFO - 开始处理: query_dense_8_3.graph
