2025-03-01 17:39:23,613 - INFO - 开始处理: query_dense_12_1.graph
2025-03-01 17:39:23,819 - DEBUG - query_dense_12_1.graph 标准输出:
Loading data graph...
Loading query graph...
Enumerating...
#Matches: 33213816
#Recursive calls: 499132
Total time: 190.712 ms
Search time: 190.661 ms

2025-03-01 17:39:23,819 - INFO - 成功处理: query_dense_12_1.graph - 时间: 190.71ms 匹配数: 33213816
2025-03-01 17:39:23,819 - INFO - 开始处理: query_dense_12_2.graph
2025-03-01 17:39:23,847 - DEBUG - query_dense_12_2.graph 标准输出:
Loading data graph...
Loading query graph...
Enumerating...
#Matches: 6083100
#Recursive calls: 6868
Total time: 14.3629 ms
Search time: 14.2634 ms

2025-03-01 17:39:23,847 - INFO - 成功处理: query_dense_12_2.graph - 时间: 14.36ms 匹配数: 6083100
2025-03-01 17:39:23,847 - INFO - 开始处理: query_dense_12_3.graph
