2025-03-01 17:14:57,072 - INFO - 开始处理: query_dense_12_1.graph
2025-03-01 17:14:57,261 - DEBUG - query_dense_12_1.graph 标准输出:
Loading data graph...
Loading query graph...
Enumerating...
#Matches: 33213816
#Recursive calls: 499132
Total time: 174.495 ms
Search time: 174.43 ms

2025-03-01 17:14:57,261 - INFO - 成功处理: query_dense_12_1.graph - 时间: 174.50ms 匹配数: 33213816
2025-03-01 17:14:57,261 - INFO - 开始处理: query_dense_12_2.graph
2025-03-01 17:14:57,292 - DEBUG - query_dense_12_2.graph 标准输出:
Loading data graph...
Loading query graph...
Enumerating...
#Matches: 6083100
#Recursive calls: 6868
Total time: 17.869 ms
Search time: 17.7431 ms

2025-03-01 17:14:57,293 - INFO - 成功处理: query_dense_12_2.graph - 时间: 17.87ms 匹配数: 6083100
2025-03-01 17:14:57,293 - INFO - 开始处理: query_dense_12_3.graph
